2023-01-13 12:00:43,183 - pyskl - INFO - Environment info:
------------------------------------------------------------
sys.platform: linux
Python: 3.7.15 (default, Nov 24 2022, 21:12:53) [GCC 11.2.0]
CUDA available: True
GPU 0,1,2,3,4,5,6,7: NVIDIA TITAN RTX
CUDA_HOME: /usr/local/cuda
NVCC: Cuda compilation tools, release 11.0, V11.0.221
GCC: gcc (Ubuntu 9.4.0-1ubuntu1~20.04.1) 9.4.0
PyTorch: 1.10.0
PyTorch compiling details: PyTorch built with:
  - GCC 7.3
  - C++ Version: 201402
  - Intel(R) oneAPI Math Kernel Library Version 2021.4-Product Build 20210904 for Intel(R) 64 architecture applications
  - Intel(R) MKL-DNN v2.2.3 (Git Hash 7336ca9f055cf1bfa13efb658fe15dc9b41f0740)
  - OpenMP 201511 (a.k.a. OpenMP 4.5)
  - LAPACK is enabled (usually provided by MKL)
  - NNPACK is enabled
  - CPU capability usage: AVX512
  - CUDA Runtime 10.2
  - NVCC architecture flags: -gencode;arch=compute_37,code=sm_37;-gencode;arch=compute_50,code=sm_50;-gencode;arch=compute_60,code=sm_60;-gencode;arch=compute_61,code=sm_61;-gencode;arch=compute_70,code=sm_70;-gencode;arch=compute_75,code=sm_75;-gencode;arch=compute_37,code=compute_37
  - CuDNN 7.6.5
  - Magma 2.5.2
  - Build settings: BLAS_INFO=mkl, BUILD_TYPE=Release, CUDA_VERSION=10.2, CUDNN_VERSION=7.6.5, CXX_COMPILER=/opt/rh/devtoolset-7/root/usr/bin/c++, CXX_FLAGS= -Wno-deprecated -fvisibility-inlines-hidden -DUSE_PTHREADPOOL -fopenmp -DNDEBUG -DUSE_KINETO -DUSE_FBGEMM -DUSE_QNNPACK -DUSE_PYTORCH_QNNPACK -DUSE_XNNPACK -DSYMBOLICATE_MOBILE_DEBUG_HANDLE -DEDGE_PROFILER_USE_KINETO -O2 -fPIC -Wno-narrowing -Wall -Wextra -Werror=return-type -Wno-missing-field-initializers -Wno-type-limits -Wno-array-bounds -Wno-unknown-pragmas -Wno-sign-compare -Wno-unused-parameter -Wno-unused-variable -Wno-unused-function -Wno-unused-result -Wno-unused-local-typedefs -Wno-strict-overflow -Wno-strict-aliasing -Wno-error=deprecated-declarations -Wno-stringop-overflow -Wno-psabi -Wno-error=pedantic -Wno-error=redundant-decls -Wno-error=old-style-cast -fdiagnostics-color=always -faligned-new -Wno-unused-but-set-variable -Wno-maybe-uninitialized -fno-math-errno -fno-trapping-math -Werror=format -Wno-stringop-overflow, LAPACK_INFO=mkl, PERF_WITH_AVX=1, PERF_WITH_AVX2=1, PERF_WITH_AVX512=1, TORCH_VERSION=1.10.0, USE_CUDA=ON, USE_CUDNN=ON, USE_EXCEPTION_PTR=1, USE_GFLAGS=OFF, USE_GLOG=OFF, USE_MKL=ON, USE_MKLDNN=ON, USE_MPI=OFF, USE_NCCL=ON, USE_NNPACK=ON, USE_OPENMP=ON, 

TorchVision: 0.11.0
OpenCV: 4.6.0
MMCV: 1.5.0
MMCV Compiler: GCC 7.3
MMCV CUDA Compiler: 10.2
pyskl: 0.1.0+bd46e96
------------------------------------------------------------

2023-01-13 12:00:43,457 - pyskl - INFO - Config: model = dict(
    type='RecognizerGCN',
    backbone=dict(
        type='STGCN', graph_cfg=dict(layout='coco', mode='stgcn_spatial')),
    cls_head=dict(type='GCNHead', num_classes=5, in_channels=256))
dataset_type = 'PoseDataset'
ann_file = '/workspaces/pyskl/workspace/data/ntu60_hrnet_select.pkl'
train_pipeline = [
    dict(type='PreNormalize2D'),
    dict(type='GenSkeFeat', dataset='coco', feats=['j']),
    dict(type='UniformSample', clip_len=100),
    dict(type='PoseDecode'),
    dict(type='FormatGCNInput', num_person=1),
    dict(type='Collect', keys=['keypoint', 'label'], meta_keys=[]),
    dict(type='ToTensor', keys=['keypoint'])
]
val_pipeline = [
    dict(type='PreNormalize2D'),
    dict(type='GenSkeFeat', dataset='coco', feats=['j']),
    dict(type='UniformSample', clip_len=100, num_clips=1),
    dict(type='PoseDecode'),
    dict(type='FormatGCNInput', num_person=1),
    dict(type='Collect', keys=['keypoint', 'label'], meta_keys=[]),
    dict(type='ToTensor', keys=['keypoint'])
]
test_pipeline = [
    dict(type='PreNormalize2D'),
    dict(type='GenSkeFeat', dataset='coco', feats=['j']),
    dict(type='UniformSample', clip_len=100, num_clips=1),
    dict(type='PoseDecode'),
    dict(type='FormatGCNInput', num_person=1),
    dict(type='Collect', keys=['keypoint', 'label'], meta_keys=[]),
    dict(type='ToTensor', keys=['keypoint'])
]
data = dict(
    videos_per_gpu=16,
    workers_per_gpu=2,
    test_dataloader=dict(videos_per_gpu=1),
    train=dict(
        type='RepeatDataset',
        times=5,
        dataset=dict(
            type='PoseDataset',
            ann_file='/workspaces/pyskl/workspace/data/ntu60_hrnet_select.pkl',
            pipeline=[
                dict(type='PreNormalize2D'),
                dict(type='GenSkeFeat', dataset='coco', feats=['j']),
                dict(type='UniformSample', clip_len=100),
                dict(type='PoseDecode'),
                dict(type='FormatGCNInput', num_person=1),
                dict(type='Collect', keys=['keypoint', 'label'], meta_keys=[]),
                dict(type='ToTensor', keys=['keypoint'])
            ],
            split='xsub_train')),
    val=dict(
        type='PoseDataset',
        ann_file='/workspaces/pyskl/workspace/data/ntu60_hrnet_select.pkl',
        pipeline=[
            dict(type='PreNormalize2D'),
            dict(type='GenSkeFeat', dataset='coco', feats=['j']),
            dict(type='UniformSample', clip_len=100, num_clips=1),
            dict(type='PoseDecode'),
            dict(type='FormatGCNInput', num_person=1),
            dict(type='Collect', keys=['keypoint', 'label'], meta_keys=[]),
            dict(type='ToTensor', keys=['keypoint'])
        ],
        split='xsub_val'),
    test=dict(
        type='PoseDataset',
        ann_file='/workspaces/pyskl/workspace/data/ntu60_hrnet_select.pkl',
        pipeline=[
            dict(type='PreNormalize2D'),
            dict(type='GenSkeFeat', dataset='coco', feats=['j']),
            dict(type='UniformSample', clip_len=100, num_clips=1),
            dict(type='PoseDecode'),
            dict(type='FormatGCNInput', num_person=1),
            dict(type='Collect', keys=['keypoint', 'label'], meta_keys=[]),
            dict(type='ToTensor', keys=['keypoint'])
        ],
        split='xsub_val'))
optimizer = dict(
    type='SGD', lr=0.1, momentum=0.9, weight_decay=0.0005, nesterov=True)
optimizer_config = dict(grad_clip=None)
lr_config = dict(policy='CosineAnnealing', min_lr=0, by_epoch=False)
total_epochs = 16
checkpoint_config = dict(interval=1)
evaluation = dict(interval=1, metrics=['top_k_accuracy'])
log_config = dict(interval=50, hooks=[dict(type='TextLoggerHook')])
log_level = 'INFO'
work_dir = './work_dirs/stgcn/stgcn_pyskl_ntu60_xsub_hrnet_select/j_3'
dist_params = dict(backend='nccl')
gpu_ids = range(0, 8)

2023-01-13 12:00:48,116 - pyskl - INFO - Set random seed to 742857520, deterministic: False
2023-01-13 12:00:48,321 - pyskl - INFO - 3342 videos remain after valid thresholding
2023-01-13 12:00:48,958 - pyskl - INFO - 1374 videos remain after valid thresholding
2023-01-13 12:00:48,959 - pyskl - INFO - Start running, host: root@518b9ea961fb, work_dir: /workspaces/pyskl/work_dirs/stgcn/stgcn_pyskl_ntu60_xsub_hrnet_select/j_3
2023-01-13 12:00:48,960 - pyskl - INFO - Hooks will be executed in the following order:
before_run:
(VERY_HIGH   ) CosineAnnealingLrUpdaterHook       
(NORMAL      ) CheckpointHook                     
(NORMAL      ) DistEvalHook                       
(VERY_LOW    ) TextLoggerHook                     
 -------------------- 
before_train_epoch:
(VERY_HIGH   ) CosineAnnealingLrUpdaterHook       
(NORMAL      ) DistSamplerSeedHook                
(NORMAL      ) DistEvalHook                       
(LOW         ) IterTimerHook                      
(VERY_LOW    ) TextLoggerHook                     
 -------------------- 
before_train_iter:
(VERY_HIGH   ) CosineAnnealingLrUpdaterHook       
(NORMAL      ) DistEvalHook                       
(LOW         ) IterTimerHook                      
 -------------------- 
after_train_iter:
(ABOVE_NORMAL) OptimizerHook                      
(NORMAL      ) CheckpointHook                     
(NORMAL      ) DistEvalHook                       
(LOW         ) IterTimerHook                      
(VERY_LOW    ) TextLoggerHook                     
 -------------------- 
after_train_epoch:
(NORMAL      ) CheckpointHook                     
(NORMAL      ) DistEvalHook                       
(VERY_LOW    ) TextLoggerHook                     
 -------------------- 
before_val_epoch:
(NORMAL      ) DistSamplerSeedHook                
(LOW         ) IterTimerHook                      
(VERY_LOW    ) TextLoggerHook                     
 -------------------- 
before_val_iter:
(LOW         ) IterTimerHook                      
 -------------------- 
after_val_iter:
(LOW         ) IterTimerHook                      
 -------------------- 
after_val_epoch:
(VERY_LOW    ) TextLoggerHook                     
 -------------------- 
after_run:
(VERY_LOW    ) TextLoggerHook                     
 -------------------- 
2023-01-13 12:00:48,960 - pyskl - INFO - workflow: [('train', 1)], max: 16 epochs
2023-01-13 12:00:48,960 - pyskl - INFO - Checkpoints will be saved to /workspaces/pyskl/work_dirs/stgcn/stgcn_pyskl_ntu60_xsub_hrnet_select/j_3 by HardDiskBackend.
2023-01-13 12:01:02,537 - pyskl - INFO - Epoch [1][50/131]	lr: 9.987e-02, eta: 0:09:14, time: 0.271, data_time: 0.204, memory: 646, top1_acc: 0.2444, top5_acc: 1.0000, loss_cls: 2.0170, loss: 2.0170
2023-01-13 12:01:04,640 - pyskl - INFO - Epoch [1][100/131]	lr: 9.945e-02, eta: 0:05:12, time: 0.042, data_time: 0.000, memory: 646, top1_acc: 0.2970, top5_acc: 1.0000, loss_cls: 1.5171, loss: 1.5171
2023-01-13 12:01:06,676 - pyskl - INFO - Saving checkpoint at 1 epochs
2023-01-13 12:01:18,069 - pyskl - INFO - Evaluating top_k_accuracy ...
2023-01-13 12:01:18,071 - pyskl - INFO - 
top1_acc	0.2984
top5_acc	1.0000
2023-01-13 12:01:18,132 - pyskl - INFO - Now best checkpoint is saved as best_top1_acc_epoch_1.pth.
2023-01-13 12:01:18,133 - pyskl - INFO - Best top1_acc is 0.2984 at 1 epoch.
2023-01-13 12:01:18,133 - pyskl - INFO - Epoch(val) [1][11]	top1_acc: 0.2984, top5_acc: 1.0000
2023-01-13 12:01:31,170 - pyskl - INFO - Epoch [2][50/131]	lr: 9.819e-02, eta: 0:05:03, time: 0.261, data_time: 0.210, memory: 646, top1_acc: 0.4017, top5_acc: 1.0000, loss_cls: 1.2824, loss: 1.2824
2023-01-13 12:01:33,453 - pyskl - INFO - Epoch [2][100/131]	lr: 9.706e-02, eta: 0:04:10, time: 0.046, data_time: 0.000, memory: 646, top1_acc: 0.4725, top5_acc: 1.0000, loss_cls: 1.1474, loss: 1.1474
2023-01-13 12:01:35,918 - pyskl - INFO - Saving checkpoint at 2 epochs
2023-01-13 12:01:47,425 - pyskl - INFO - Evaluating top_k_accuracy ...
2023-01-13 12:01:47,427 - pyskl - INFO - 
top1_acc	0.5226
top5_acc	1.0000
2023-01-13 12:01:47,435 - pyskl - INFO - The previous best checkpoint /workspaces/pyskl/work_dirs/stgcn/stgcn_pyskl_ntu60_xsub_hrnet_select/j_3/best_top1_acc_epoch_1.pth was removed
2023-01-13 12:01:47,520 - pyskl - INFO - Now best checkpoint is saved as best_top1_acc_epoch_2.pth.
2023-01-13 12:01:47,520 - pyskl - INFO - Best top1_acc is 0.5226 at 2 epoch.
2023-01-13 12:01:47,520 - pyskl - INFO - Epoch(val) [2][11]	top1_acc: 0.5226, top5_acc: 1.0000
2023-01-13 12:02:00,363 - pyskl - INFO - Epoch [3][50/131]	lr: 9.467e-02, eta: 0:04:10, time: 0.257, data_time: 0.204, memory: 646, top1_acc: 0.6584, top5_acc: 1.0000, loss_cls: 0.7883, loss: 0.7883
2023-01-13 12:02:02,601 - pyskl - INFO - Epoch [3][100/131]	lr: 9.286e-02, eta: 0:03:40, time: 0.045, data_time: 0.001, memory: 646, top1_acc: 0.7136, top5_acc: 1.0000, loss_cls: 0.6983, loss: 0.6983
2023-01-13 12:02:04,866 - pyskl - INFO - Saving checkpoint at 3 epochs
2023-01-13 12:02:16,093 - pyskl - INFO - Evaluating top_k_accuracy ...
2023-01-13 12:02:16,095 - pyskl - INFO - 
top1_acc	0.7023
top5_acc	1.0000
2023-01-13 12:02:16,100 - pyskl - INFO - The previous best checkpoint /workspaces/pyskl/work_dirs/stgcn/stgcn_pyskl_ntu60_xsub_hrnet_select/j_3/best_top1_acc_epoch_2.pth was removed
2023-01-13 12:02:16,159 - pyskl - INFO - Now best checkpoint is saved as best_top1_acc_epoch_3.pth.
2023-01-13 12:02:16,159 - pyskl - INFO - Best top1_acc is 0.7023 at 3 epoch.
2023-01-13 12:02:16,160 - pyskl - INFO - Epoch(val) [3][11]	top1_acc: 0.7023, top5_acc: 1.0000
2023-01-13 12:02:29,683 - pyskl - INFO - Epoch [4][50/131]	lr: 8.942e-02, eta: 0:03:42, time: 0.270, data_time: 0.204, memory: 646, top1_acc: 0.7795, top5_acc: 1.0000, loss_cls: 0.5544, loss: 0.5544
2023-01-13 12:02:31,855 - pyskl - INFO - Epoch [4][100/131]	lr: 8.701e-02, eta: 0:03:20, time: 0.043, data_time: 0.001, memory: 646, top1_acc: 0.8203, top5_acc: 1.0000, loss_cls: 0.4619, loss: 0.4619
2023-01-13 12:02:34,160 - pyskl - INFO - Saving checkpoint at 4 epochs
2023-01-13 12:02:45,606 - pyskl - INFO - Evaluating top_k_accuracy ...
2023-01-13 12:02:45,608 - pyskl - INFO - 
top1_acc	0.8785
top5_acc	1.0000
2023-01-13 12:02:45,613 - pyskl - INFO - The previous best checkpoint /workspaces/pyskl/work_dirs/stgcn/stgcn_pyskl_ntu60_xsub_hrnet_select/j_3/best_top1_acc_epoch_3.pth was removed
2023-01-13 12:02:45,675 - pyskl - INFO - Now best checkpoint is saved as best_top1_acc_epoch_4.pth.
2023-01-13 12:02:45,675 - pyskl - INFO - Best top1_acc is 0.8785 at 4 epoch.
2023-01-13 12:02:45,676 - pyskl - INFO - Epoch(val) [4][11]	top1_acc: 0.8785, top5_acc: 1.0000
2023-01-13 12:02:58,641 - pyskl - INFO - Epoch [5][50/131]	lr: 8.267e-02, eta: 0:03:18, time: 0.259, data_time: 0.214, memory: 646, top1_acc: 0.9050, top5_acc: 1.0000, loss_cls: 0.2686, loss: 0.2686
2023-01-13 12:03:00,837 - pyskl - INFO - Epoch [5][100/131]	lr: 7.974e-02, eta: 0:03:01, time: 0.044, data_time: 0.000, memory: 646, top1_acc: 0.9270, top5_acc: 1.0000, loss_cls: 0.2081, loss: 0.2081
2023-01-13 12:03:02,929 - pyskl - INFO - Saving checkpoint at 5 epochs
2023-01-13 12:03:14,720 - pyskl - INFO - Evaluating top_k_accuracy ...
2023-01-13 12:03:14,723 - pyskl - INFO - 
top1_acc	0.9170
top5_acc	1.0000
2023-01-13 12:03:14,731 - pyskl - INFO - The previous best checkpoint /workspaces/pyskl/work_dirs/stgcn/stgcn_pyskl_ntu60_xsub_hrnet_select/j_3/best_top1_acc_epoch_4.pth was removed
2023-01-13 12:03:14,814 - pyskl - INFO - Now best checkpoint is saved as best_top1_acc_epoch_5.pth.
2023-01-13 12:03:14,814 - pyskl - INFO - Best top1_acc is 0.9170 at 5 epoch.
2023-01-13 12:03:14,815 - pyskl - INFO - Epoch(val) [5][11]	top1_acc: 0.9170, top5_acc: 1.0000
2023-01-13 12:03:27,599 - pyskl - INFO - Epoch [6][50/131]	lr: 7.465e-02, eta: 0:02:56, time: 0.255, data_time: 0.211, memory: 646, top1_acc: 0.9470, top5_acc: 1.0000, loss_cls: 0.1580, loss: 0.1580
2023-01-13 12:03:29,775 - pyskl - INFO - Epoch [6][100/131]	lr: 7.133e-02, eta: 0:02:43, time: 0.043, data_time: 0.000, memory: 646, top1_acc: 0.9603, top5_acc: 1.0000, loss_cls: 0.1200, loss: 0.1200
2023-01-13 12:03:31,967 - pyskl - INFO - Saving checkpoint at 6 epochs
2023-01-13 12:03:43,299 - pyskl - INFO - Evaluating top_k_accuracy ...
2023-01-13 12:03:43,301 - pyskl - INFO - 
top1_acc	0.9221
top5_acc	1.0000
2023-01-13 12:03:43,305 - pyskl - INFO - The previous best checkpoint /workspaces/pyskl/work_dirs/stgcn/stgcn_pyskl_ntu60_xsub_hrnet_select/j_3/best_top1_acc_epoch_5.pth was removed
2023-01-13 12:03:43,365 - pyskl - INFO - Now best checkpoint is saved as best_top1_acc_epoch_6.pth.
2023-01-13 12:03:43,366 - pyskl - INFO - Best top1_acc is 0.9221 at 6 epoch.
2023-01-13 12:03:43,366 - pyskl - INFO - Epoch(val) [6][11]	top1_acc: 0.9221, top5_acc: 1.0000
2023-01-13 12:03:56,195 - pyskl - INFO - Epoch [7][50/131]	lr: 6.569e-02, eta: 0:02:37, time: 0.257, data_time: 0.212, memory: 646, top1_acc: 0.9681, top5_acc: 1.0000, loss_cls: 0.1026, loss: 0.1026
2023-01-13 12:03:58,431 - pyskl - INFO - Epoch [7][100/131]	lr: 6.209e-02, eta: 0:02:25, time: 0.045, data_time: 0.000, memory: 646, top1_acc: 0.9636, top5_acc: 1.0000, loss_cls: 0.1080, loss: 0.1080
2023-01-13 12:04:00,751 - pyskl - INFO - Saving checkpoint at 7 epochs
2023-01-13 12:04:12,581 - pyskl - INFO - Evaluating top_k_accuracy ...
2023-01-13 12:04:12,583 - pyskl - INFO - 
top1_acc	0.9374
top5_acc	1.0000
2023-01-13 12:04:12,587 - pyskl - INFO - The previous best checkpoint /workspaces/pyskl/work_dirs/stgcn/stgcn_pyskl_ntu60_xsub_hrnet_select/j_3/best_top1_acc_epoch_6.pth was removed
2023-01-13 12:04:12,645 - pyskl - INFO - Now best checkpoint is saved as best_top1_acc_epoch_7.pth.
2023-01-13 12:04:12,645 - pyskl - INFO - Best top1_acc is 0.9374 at 7 epoch.
2023-01-13 12:04:12,646 - pyskl - INFO - Epoch(val) [7][11]	top1_acc: 0.9374, top5_acc: 1.0000
2023-01-13 12:04:25,553 - pyskl - INFO - Epoch [8][50/131]	lr: 5.613e-02, eta: 0:02:19, time: 0.258, data_time: 0.202, memory: 646, top1_acc: 0.9700, top5_acc: 1.0000, loss_cls: 0.0892, loss: 0.0892
2023-01-13 12:04:27,773 - pyskl - INFO - Epoch [8][100/131]	lr: 5.240e-02, eta: 0:02:09, time: 0.044, data_time: 0.000, memory: 646, top1_acc: 0.9789, top5_acc: 1.0000, loss_cls: 0.0673, loss: 0.0673
2023-01-13 12:04:30,116 - pyskl - INFO - Saving checkpoint at 8 epochs
2023-01-13 12:04:41,446 - pyskl - INFO - Evaluating top_k_accuracy ...
2023-01-13 12:04:41,449 - pyskl - INFO - 
top1_acc	0.8457
top5_acc	1.0000
2023-01-13 12:04:41,450 - pyskl - INFO - Epoch(val) [8][11]	top1_acc: 0.8457, top5_acc: 1.0000
2023-01-13 12:04:54,750 - pyskl - INFO - Epoch [9][50/131]	lr: 4.633e-02, eta: 0:02:02, time: 0.266, data_time: 0.203, memory: 646, top1_acc: 0.9794, top5_acc: 1.0000, loss_cls: 0.0642, loss: 0.0642
2023-01-13 12:04:56,917 - pyskl - INFO - Epoch [9][100/131]	lr: 4.261e-02, eta: 0:01:53, time: 0.043, data_time: 0.000, memory: 646, top1_acc: 0.9831, top5_acc: 1.0000, loss_cls: 0.0542, loss: 0.0542
2023-01-13 12:04:59,023 - pyskl - INFO - Saving checkpoint at 9 epochs
2023-01-13 12:05:10,528 - pyskl - INFO - Evaluating top_k_accuracy ...
2023-01-13 12:05:10,529 - pyskl - INFO - 
top1_acc	0.9461
top5_acc	1.0000
2023-01-13 12:05:10,534 - pyskl - INFO - The previous best checkpoint /workspaces/pyskl/work_dirs/stgcn/stgcn_pyskl_ntu60_xsub_hrnet_select/j_3/best_top1_acc_epoch_7.pth was removed
2023-01-13 12:05:10,599 - pyskl - INFO - Now best checkpoint is saved as best_top1_acc_epoch_9.pth.
2023-01-13 12:05:10,599 - pyskl - INFO - Best top1_acc is 0.9461 at 9 epoch.
2023-01-13 12:05:10,599 - pyskl - INFO - Epoch(val) [9][11]	top1_acc: 0.9461, top5_acc: 1.0000
2023-01-13 12:05:23,503 - pyskl - INFO - Epoch [10][50/131]	lr: 3.667e-02, eta: 0:01:46, time: 0.258, data_time: 0.203, memory: 646, top1_acc: 0.9867, top5_acc: 1.0000, loss_cls: 0.0447, loss: 0.0447
2023-01-13 12:05:25,696 - pyskl - INFO - Epoch [10][100/131]	lr: 3.310e-02, eta: 0:01:37, time: 0.044, data_time: 0.000, memory: 646, top1_acc: 0.9892, top5_acc: 1.0000, loss_cls: 0.0387, loss: 0.0387
2023-01-13 12:05:27,799 - pyskl - INFO - Saving checkpoint at 10 epochs
2023-01-13 12:05:39,628 - pyskl - INFO - Evaluating top_k_accuracy ...
2023-01-13 12:05:39,629 - pyskl - INFO - 
top1_acc	0.9614
top5_acc	1.0000
2023-01-13 12:05:39,634 - pyskl - INFO - The previous best checkpoint /workspaces/pyskl/work_dirs/stgcn/stgcn_pyskl_ntu60_xsub_hrnet_select/j_3/best_top1_acc_epoch_9.pth was removed
2023-01-13 12:05:39,695 - pyskl - INFO - Now best checkpoint is saved as best_top1_acc_epoch_10.pth.
2023-01-13 12:05:39,695 - pyskl - INFO - Best top1_acc is 0.9614 at 10 epoch.
2023-01-13 12:05:39,695 - pyskl - INFO - Epoch(val) [10][11]	top1_acc: 0.9614, top5_acc: 1.0000
2023-01-13 12:05:52,792 - pyskl - INFO - Epoch [11][50/131]	lr: 2.753e-02, eta: 0:01:29, time: 0.262, data_time: 0.210, memory: 646, top1_acc: 0.9889, top5_acc: 1.0000, loss_cls: 0.0390, loss: 0.0390
2023-01-13 12:05:54,916 - pyskl - INFO - Epoch [11][100/131]	lr: 2.425e-02, eta: 0:01:21, time: 0.042, data_time: 0.000, memory: 646, top1_acc: 0.9897, top5_acc: 1.0000, loss_cls: 0.0375, loss: 0.0375
2023-01-13 12:05:56,986 - pyskl - INFO - Saving checkpoint at 11 epochs
2023-01-13 12:06:08,154 - pyskl - INFO - Evaluating top_k_accuracy ...
2023-01-13 12:06:08,156 - pyskl - INFO - 
top1_acc	0.9592
top5_acc	1.0000
2023-01-13 12:06:08,157 - pyskl - INFO - Epoch(val) [11][11]	top1_acc: 0.9592, top5_acc: 1.0000
2023-01-13 12:06:20,873 - pyskl - INFO - Epoch [12][50/131]	lr: 1.925e-02, eta: 0:01:13, time: 0.254, data_time: 0.210, memory: 646, top1_acc: 0.9908, top5_acc: 1.0000, loss_cls: 0.0322, loss: 0.0322
2023-01-13 12:06:23,084 - pyskl - INFO - Epoch [12][100/131]	lr: 1.638e-02, eta: 0:01:05, time: 0.044, data_time: 0.000, memory: 646, top1_acc: 0.9917, top5_acc: 1.0000, loss_cls: 0.0288, loss: 0.0288
2023-01-13 12:06:25,317 - pyskl - INFO - Saving checkpoint at 12 epochs
2023-01-13 12:06:36,499 - pyskl - INFO - Evaluating top_k_accuracy ...
2023-01-13 12:06:36,501 - pyskl - INFO - 
top1_acc	0.9541
top5_acc	1.0000
2023-01-13 12:06:36,501 - pyskl - INFO - Epoch(val) [12][11]	top1_acc: 0.9541, top5_acc: 1.0000
2023-01-13 12:06:49,465 - pyskl - INFO - Epoch [13][50/131]	lr: 1.215e-02, eta: 0:00:57, time: 0.259, data_time: 0.198, memory: 646, top1_acc: 0.9945, top5_acc: 1.0000, loss_cls: 0.0224, loss: 0.0224
2023-01-13 12:06:51,641 - pyskl - INFO - Epoch [13][100/131]	lr: 9.806e-03, eta: 0:00:50, time: 0.044, data_time: 0.000, memory: 646, top1_acc: 0.9947, top5_acc: 1.0000, loss_cls: 0.0233, loss: 0.0233
2023-01-13 12:06:53,932 - pyskl - INFO - Saving checkpoint at 13 epochs
2023-01-13 12:07:05,581 - pyskl - INFO - Evaluating top_k_accuracy ...
2023-01-13 12:07:05,582 - pyskl - INFO - 
top1_acc	0.9687
top5_acc	1.0000
2023-01-13 12:07:05,587 - pyskl - INFO - The previous best checkpoint /workspaces/pyskl/work_dirs/stgcn/stgcn_pyskl_ntu60_xsub_hrnet_select/j_3/best_top1_acc_epoch_10.pth was removed
2023-01-13 12:07:05,658 - pyskl - INFO - Now best checkpoint is saved as best_top1_acc_epoch_13.pth.
2023-01-13 12:07:05,658 - pyskl - INFO - Best top1_acc is 0.9687 at 13 epoch.
2023-01-13 12:07:05,658 - pyskl - INFO - Epoch(val) [13][11]	top1_acc: 0.9687, top5_acc: 1.0000
2023-01-13 12:07:18,749 - pyskl - INFO - Epoch [14][50/131]	lr: 6.500e-03, eta: 0:00:41, time: 0.262, data_time: 0.211, memory: 646, top1_acc: 0.9948, top5_acc: 1.0000, loss_cls: 0.0209, loss: 0.0209
2023-01-13 12:07:20,943 - pyskl - INFO - Epoch [14][100/131]	lr: 4.777e-03, eta: 0:00:34, time: 0.044, data_time: 0.000, memory: 646, top1_acc: 0.9947, top5_acc: 1.0000, loss_cls: 0.0195, loss: 0.0195
2023-01-13 12:07:23,023 - pyskl - INFO - Saving checkpoint at 14 epochs
2023-01-13 12:07:34,240 - pyskl - INFO - Evaluating top_k_accuracy ...
2023-01-13 12:07:34,241 - pyskl - INFO - 
top1_acc	0.9665
top5_acc	1.0000
2023-01-13 12:07:34,242 - pyskl - INFO - Epoch(val) [14][11]	top1_acc: 0.9665, top5_acc: 1.0000
2023-01-13 12:07:47,347 - pyskl - INFO - Epoch [15][50/131]	lr: 2.527e-03, eta: 0:00:25, time: 0.262, data_time: 0.215, memory: 646, top1_acc: 0.9958, top5_acc: 1.0000, loss_cls: 0.0164, loss: 0.0164
2023-01-13 12:07:49,506 - pyskl - INFO - Epoch [15][100/131]	lr: 1.485e-03, eta: 0:00:19, time: 0.043, data_time: 0.000, memory: 646, top1_acc: 0.9961, top5_acc: 1.0000, loss_cls: 0.0156, loss: 0.0156
2023-01-13 12:07:51,583 - pyskl - INFO - Saving checkpoint at 15 epochs
2023-01-13 12:08:03,189 - pyskl - INFO - Evaluating top_k_accuracy ...
2023-01-13 12:08:03,191 - pyskl - INFO - 
top1_acc	0.9672
top5_acc	1.0000
2023-01-13 12:08:03,191 - pyskl - INFO - Epoch(val) [15][11]	top1_acc: 0.9672, top5_acc: 1.0000
2023-01-13 12:08:16,098 - pyskl - INFO - Epoch [16][50/131]	lr: 3.772e-04, eta: 0:00:09, time: 0.258, data_time: 0.204, memory: 646, top1_acc: 0.9978, top5_acc: 1.0000, loss_cls: 0.0148, loss: 0.0148
2023-01-13 12:08:18,221 - pyskl - INFO - Epoch [16][100/131]	lr: 5.750e-05, eta: 0:00:03, time: 0.042, data_time: 0.000, memory: 646, top1_acc: 0.9975, top5_acc: 1.0000, loss_cls: 0.0151, loss: 0.0151
2023-01-13 12:08:20,284 - pyskl - INFO - Saving checkpoint at 16 epochs
2023-01-13 12:08:31,884 - pyskl - INFO - Evaluating top_k_accuracy ...
2023-01-13 12:08:31,888 - pyskl - INFO - 
top1_acc	0.9672
top5_acc	1.0000
2023-01-13 12:08:31,889 - pyskl - INFO - Epoch(val) [16][11]	top1_acc: 0.9672, top5_acc: 1.0000
2023-01-13 12:08:35,143 - pyskl - INFO - 1374 videos remain after valid thresholding
2023-01-13 12:08:47,610 - pyskl - INFO - Testing results of the last checkpoint
2023-01-13 12:08:47,611 - pyskl - INFO - top1_acc: 0.9672
2023-01-13 12:08:47,611 - pyskl - INFO - top5_acc: 1.0000
2023-01-13 12:08:47,613 - pyskl - INFO - load checkpoint from local path: ./work_dirs/stgcn/stgcn_pyskl_ntu60_xsub_hrnet_select/j_3/best_top1_acc_epoch_13.pth
2023-01-13 12:09:00,032 - pyskl - INFO - Testing results of the best checkpoint
2023-01-13 12:09:00,032 - pyskl - INFO - top1_acc: 0.9687
2023-01-13 12:09:00,032 - pyskl - INFO - top5_acc: 1.0000
