2023-01-13 12:14:15,066 - pyskl - INFO - Environment info:
------------------------------------------------------------
sys.platform: linux
Python: 3.7.15 (default, Nov 24 2022, 21:12:53) [GCC 11.2.0]
CUDA available: True
GPU 0,1,2,3,4,5,6,7: NVIDIA TITAN RTX
CUDA_HOME: /usr/local/cuda
NVCC: Cuda compilation tools, release 11.0, V11.0.221
GCC: gcc (Ubuntu 9.4.0-1ubuntu1~20.04.1) 9.4.0
PyTorch: 1.10.0
PyTorch compiling details: PyTorch built with:
  - GCC 7.3
  - C++ Version: 201402
  - Intel(R) oneAPI Math Kernel Library Version 2021.4-Product Build 20210904 for Intel(R) 64 architecture applications
  - Intel(R) MKL-DNN v2.2.3 (Git Hash 7336ca9f055cf1bfa13efb658fe15dc9b41f0740)
  - OpenMP 201511 (a.k.a. OpenMP 4.5)
  - LAPACK is enabled (usually provided by MKL)
  - NNPACK is enabled
  - CPU capability usage: AVX512
  - CUDA Runtime 10.2
  - NVCC architecture flags: -gencode;arch=compute_37,code=sm_37;-gencode;arch=compute_50,code=sm_50;-gencode;arch=compute_60,code=sm_60;-gencode;arch=compute_61,code=sm_61;-gencode;arch=compute_70,code=sm_70;-gencode;arch=compute_75,code=sm_75;-gencode;arch=compute_37,code=compute_37
  - CuDNN 7.6.5
  - Magma 2.5.2
  - Build settings: BLAS_INFO=mkl, BUILD_TYPE=Release, CUDA_VERSION=10.2, CUDNN_VERSION=7.6.5, CXX_COMPILER=/opt/rh/devtoolset-7/root/usr/bin/c++, CXX_FLAGS= -Wno-deprecated -fvisibility-inlines-hidden -DUSE_PTHREADPOOL -fopenmp -DNDEBUG -DUSE_KINETO -DUSE_FBGEMM -DUSE_QNNPACK -DUSE_PYTORCH_QNNPACK -DUSE_XNNPACK -DSYMBOLICATE_MOBILE_DEBUG_HANDLE -DEDGE_PROFILER_USE_KINETO -O2 -fPIC -Wno-narrowing -Wall -Wextra -Werror=return-type -Wno-missing-field-initializers -Wno-type-limits -Wno-array-bounds -Wno-unknown-pragmas -Wno-sign-compare -Wno-unused-parameter -Wno-unused-variable -Wno-unused-function -Wno-unused-result -Wno-unused-local-typedefs -Wno-strict-overflow -Wno-strict-aliasing -Wno-error=deprecated-declarations -Wno-stringop-overflow -Wno-psabi -Wno-error=pedantic -Wno-error=redundant-decls -Wno-error=old-style-cast -fdiagnostics-color=always -faligned-new -Wno-unused-but-set-variable -Wno-maybe-uninitialized -fno-math-errno -fno-trapping-math -Werror=format -Wno-stringop-overflow, LAPACK_INFO=mkl, PERF_WITH_AVX=1, PERF_WITH_AVX2=1, PERF_WITH_AVX512=1, TORCH_VERSION=1.10.0, USE_CUDA=ON, USE_CUDNN=ON, USE_EXCEPTION_PTR=1, USE_GFLAGS=OFF, USE_GLOG=OFF, USE_MKL=ON, USE_MKLDNN=ON, USE_MPI=OFF, USE_NCCL=ON, USE_NNPACK=ON, USE_OPENMP=ON, 

TorchVision: 0.11.0
OpenCV: 4.6.0
MMCV: 1.5.0
MMCV Compiler: GCC 7.3
MMCV CUDA Compiler: 10.2
pyskl: 0.1.0+bd46e96
------------------------------------------------------------

2023-01-13 12:14:15,476 - pyskl - INFO - Config: model = dict(
    type='RecognizerGCN',
    backbone=dict(
        type='STGCN', graph_cfg=dict(layout='coco', mode='stgcn_spatial')),
    cls_head=dict(type='GCNHead', num_classes=5, in_channels=256))
dataset_type = 'PoseDataset'
ann_file = '/workspaces/pyskl/workspace/data/ntu60_hrnet_select.pkl'
train_pipeline = [
    dict(type='PreNormalize2D'),
    dict(type='GenSkeFeat', dataset='coco', feats=['j']),
    dict(type='UniformSample', clip_len=100),
    dict(type='PoseDecode'),
    dict(type='FormatGCNInput', num_person=1),
    dict(type='Collect', keys=['keypoint', 'label'], meta_keys=[]),
    dict(type='ToTensor', keys=['keypoint'])
]
val_pipeline = [
    dict(type='PreNormalize2D'),
    dict(type='GenSkeFeat', dataset='coco', feats=['j']),
    dict(type='UniformSample', clip_len=100, num_clips=1),
    dict(type='PoseDecode'),
    dict(type='FormatGCNInput', num_person=1),
    dict(type='Collect', keys=['keypoint', 'label'], meta_keys=[]),
    dict(type='ToTensor', keys=['keypoint'])
]
test_pipeline = [
    dict(type='PreNormalize2D'),
    dict(type='GenSkeFeat', dataset='coco', feats=['j']),
    dict(type='UniformSample', clip_len=100, num_clips=1),
    dict(type='PoseDecode'),
    dict(type='FormatGCNInput', num_person=1),
    dict(type='Collect', keys=['keypoint', 'label'], meta_keys=[]),
    dict(type='ToTensor', keys=['keypoint'])
]
data = dict(
    videos_per_gpu=16,
    workers_per_gpu=2,
    test_dataloader=dict(videos_per_gpu=1),
    train=dict(
        type='RepeatDataset',
        times=5,
        dataset=dict(
            type='PoseDataset',
            ann_file='/workspaces/pyskl/workspace/data/ntu60_hrnet_select.pkl',
            pipeline=[
                dict(type='PreNormalize2D'),
                dict(type='GenSkeFeat', dataset='coco', feats=['j']),
                dict(type='UniformSample', clip_len=100),
                dict(type='PoseDecode'),
                dict(type='FormatGCNInput', num_person=1),
                dict(type='Collect', keys=['keypoint', 'label'], meta_keys=[]),
                dict(type='ToTensor', keys=['keypoint'])
            ],
            split='xsub_train')),
    val=dict(
        type='PoseDataset',
        ann_file='/workspaces/pyskl/workspace/data/ntu60_hrnet_select.pkl',
        pipeline=[
            dict(type='PreNormalize2D'),
            dict(type='GenSkeFeat', dataset='coco', feats=['j']),
            dict(type='UniformSample', clip_len=100, num_clips=1),
            dict(type='PoseDecode'),
            dict(type='FormatGCNInput', num_person=1),
            dict(type='Collect', keys=['keypoint', 'label'], meta_keys=[]),
            dict(type='ToTensor', keys=['keypoint'])
        ],
        split='xsub_val'),
    test=dict(
        type='PoseDataset',
        ann_file='/workspaces/pyskl/workspace/data/ntu60_hrnet_select.pkl',
        pipeline=[
            dict(type='PreNormalize2D'),
            dict(type='GenSkeFeat', dataset='coco', feats=['j']),
            dict(type='UniformSample', clip_len=100, num_clips=1),
            dict(type='PoseDecode'),
            dict(type='FormatGCNInput', num_person=1),
            dict(type='Collect', keys=['keypoint', 'label'], meta_keys=[]),
            dict(type='ToTensor', keys=['keypoint'])
        ],
        split='xsub_val'))
optimizer = dict(
    type='SGD', lr=0.1, momentum=0.9, weight_decay=0.0005, nesterov=True)
optimizer_config = dict(grad_clip=None)
lr_config = dict(policy='CosineAnnealing', min_lr=0, by_epoch=False)
total_epochs = 16
checkpoint_config = dict(interval=1)
evaluation = dict(interval=1, metrics=['top_k_accuracy'])
log_config = dict(interval=50, hooks=[dict(type='TextLoggerHook')])
log_level = 'INFO'
work_dir = './work_dirs/stgcn/stgcn_pyskl_ntu60_xsub_hrnet_select/j_4'
dist_params = dict(backend='nccl')
gpu_ids = range(0, 8)

2023-01-13 12:14:19,830 - pyskl - INFO - Set random seed to 60856893, deterministic: False
2023-01-13 12:14:20,090 - pyskl - INFO - 3342 videos remain after valid thresholding
2023-01-13 12:14:20,681 - pyskl - INFO - 1374 videos remain after valid thresholding
2023-01-13 12:14:20,682 - pyskl - INFO - Start running, host: root@518b9ea961fb, work_dir: /workspaces/pyskl/work_dirs/stgcn/stgcn_pyskl_ntu60_xsub_hrnet_select/j_4
2023-01-13 12:14:20,682 - pyskl - INFO - Hooks will be executed in the following order:
before_run:
(VERY_HIGH   ) CosineAnnealingLrUpdaterHook       
(NORMAL      ) CheckpointHook                     
(NORMAL      ) DistEvalHook                       
(VERY_LOW    ) TextLoggerHook                     
 -------------------- 
before_train_epoch:
(VERY_HIGH   ) CosineAnnealingLrUpdaterHook       
(NORMAL      ) DistSamplerSeedHook                
(NORMAL      ) DistEvalHook                       
(LOW         ) IterTimerHook                      
(VERY_LOW    ) TextLoggerHook                     
 -------------------- 
before_train_iter:
(VERY_HIGH   ) CosineAnnealingLrUpdaterHook       
(NORMAL      ) DistEvalHook                       
(LOW         ) IterTimerHook                      
 -------------------- 
after_train_iter:
(ABOVE_NORMAL) OptimizerHook                      
(NORMAL      ) CheckpointHook                     
(NORMAL      ) DistEvalHook                       
(LOW         ) IterTimerHook                      
(VERY_LOW    ) TextLoggerHook                     
 -------------------- 
after_train_epoch:
(NORMAL      ) CheckpointHook                     
(NORMAL      ) DistEvalHook                       
(VERY_LOW    ) TextLoggerHook                     
 -------------------- 
before_val_epoch:
(NORMAL      ) DistSamplerSeedHook                
(LOW         ) IterTimerHook                      
(VERY_LOW    ) TextLoggerHook                     
 -------------------- 
before_val_iter:
(LOW         ) IterTimerHook                      
 -------------------- 
after_val_iter:
(LOW         ) IterTimerHook                      
 -------------------- 
after_val_epoch:
(VERY_LOW    ) TextLoggerHook                     
 -------------------- 
after_run:
(VERY_LOW    ) TextLoggerHook                     
 -------------------- 
2023-01-13 12:14:20,682 - pyskl - INFO - workflow: [('train', 1)], max: 16 epochs
2023-01-13 12:14:20,683 - pyskl - INFO - Checkpoints will be saved to /workspaces/pyskl/work_dirs/stgcn/stgcn_pyskl_ntu60_xsub_hrnet_select/j_4 by HardDiskBackend.
2023-01-13 12:14:34,385 - pyskl - INFO - Epoch [1][50/131]	lr: 9.987e-02, eta: 0:09:20, time: 0.274, data_time: 0.217, memory: 646, top1_acc: 0.3042, top5_acc: 1.0000, loss_cls: 1.8302, loss: 1.8302
2023-01-13 12:14:36,549 - pyskl - INFO - Epoch [1][100/131]	lr: 9.945e-02, eta: 0:05:16, time: 0.043, data_time: 0.000, memory: 646, top1_acc: 0.4203, top5_acc: 1.0000, loss_cls: 1.2566, loss: 1.2566
2023-01-13 12:14:38,658 - pyskl - INFO - Saving checkpoint at 1 epochs
2023-01-13 12:14:50,084 - pyskl - INFO - Evaluating top_k_accuracy ...
2023-01-13 12:14:50,087 - pyskl - INFO - 
top1_acc	0.4658
top5_acc	1.0000
2023-01-13 12:14:50,170 - pyskl - INFO - Now best checkpoint is saved as best_top1_acc_epoch_1.pth.
2023-01-13 12:14:50,170 - pyskl - INFO - Best top1_acc is 0.4658 at 1 epoch.
2023-01-13 12:14:50,170 - pyskl - INFO - Epoch(val) [1][11]	top1_acc: 0.4658, top5_acc: 1.0000
2023-01-13 12:15:02,835 - pyskl - INFO - Epoch [2][50/131]	lr: 9.819e-02, eta: 0:05:01, time: 0.253, data_time: 0.203, memory: 646, top1_acc: 0.5498, top5_acc: 1.0000, loss_cls: 1.0135, loss: 1.0135
2023-01-13 12:15:04,938 - pyskl - INFO - Epoch [2][100/131]	lr: 9.706e-02, eta: 0:04:07, time: 0.042, data_time: 0.000, memory: 646, top1_acc: 0.6583, top5_acc: 1.0000, loss_cls: 0.7494, loss: 0.7494
2023-01-13 12:15:07,051 - pyskl - INFO - Saving checkpoint at 2 epochs
2023-01-13 12:15:18,824 - pyskl - INFO - Evaluating top_k_accuracy ...
2023-01-13 12:15:18,826 - pyskl - INFO - 
top1_acc	0.6499
top5_acc	1.0000
2023-01-13 12:15:18,831 - pyskl - INFO - The previous best checkpoint /workspaces/pyskl/work_dirs/stgcn/stgcn_pyskl_ntu60_xsub_hrnet_select/j_4/best_top1_acc_epoch_1.pth was removed
2023-01-13 12:15:18,896 - pyskl - INFO - Now best checkpoint is saved as best_top1_acc_epoch_2.pth.
2023-01-13 12:15:18,896 - pyskl - INFO - Best top1_acc is 0.6499 at 2 epoch.
2023-01-13 12:15:18,896 - pyskl - INFO - Epoch(val) [2][11]	top1_acc: 0.6499, top5_acc: 1.0000
2023-01-13 12:15:31,762 - pyskl - INFO - Epoch [3][50/131]	lr: 9.467e-02, eta: 0:04:08, time: 0.257, data_time: 0.211, memory: 646, top1_acc: 0.8744, top5_acc: 1.0000, loss_cls: 0.3587, loss: 0.3587
2023-01-13 12:15:33,977 - pyskl - INFO - Epoch [3][100/131]	lr: 9.286e-02, eta: 0:03:38, time: 0.044, data_time: 0.001, memory: 646, top1_acc: 0.9056, top5_acc: 1.0000, loss_cls: 0.2822, loss: 0.2822
2023-01-13 12:15:36,000 - pyskl - INFO - Saving checkpoint at 3 epochs
2023-01-13 12:15:47,856 - pyskl - INFO - Evaluating top_k_accuracy ...
2023-01-13 12:15:47,859 - pyskl - INFO - 
top1_acc	0.9258
top5_acc	1.0000
2023-01-13 12:15:47,865 - pyskl - INFO - The previous best checkpoint /workspaces/pyskl/work_dirs/stgcn/stgcn_pyskl_ntu60_xsub_hrnet_select/j_4/best_top1_acc_epoch_2.pth was removed
2023-01-13 12:15:47,944 - pyskl - INFO - Now best checkpoint is saved as best_top1_acc_epoch_3.pth.
2023-01-13 12:15:47,944 - pyskl - INFO - Best top1_acc is 0.9258 at 3 epoch.
2023-01-13 12:15:47,944 - pyskl - INFO - Epoch(val) [3][11]	top1_acc: 0.9258, top5_acc: 1.0000
2023-01-13 12:16:00,619 - pyskl - INFO - Epoch [4][50/131]	lr: 8.942e-02, eta: 0:03:37, time: 0.253, data_time: 0.209, memory: 646, top1_acc: 0.9391, top5_acc: 1.0000, loss_cls: 0.1781, loss: 0.1781
2023-01-13 12:16:02,786 - pyskl - INFO - Epoch [4][100/131]	lr: 8.701e-02, eta: 0:03:16, time: 0.043, data_time: 0.000, memory: 646, top1_acc: 0.9445, top5_acc: 1.0000, loss_cls: 0.1668, loss: 0.1668
2023-01-13 12:16:05,007 - pyskl - INFO - Saving checkpoint at 4 epochs
2023-01-13 12:16:16,410 - pyskl - INFO - Evaluating top_k_accuracy ...
2023-01-13 12:16:16,414 - pyskl - INFO - 
top1_acc	0.9323
top5_acc	1.0000
2023-01-13 12:16:16,422 - pyskl - INFO - The previous best checkpoint /workspaces/pyskl/work_dirs/stgcn/stgcn_pyskl_ntu60_xsub_hrnet_select/j_4/best_top1_acc_epoch_3.pth was removed
2023-01-13 12:16:16,512 - pyskl - INFO - Now best checkpoint is saved as best_top1_acc_epoch_4.pth.
2023-01-13 12:16:16,512 - pyskl - INFO - Best top1_acc is 0.9323 at 4 epoch.
2023-01-13 12:16:16,513 - pyskl - INFO - Epoch(val) [4][11]	top1_acc: 0.9323, top5_acc: 1.0000
2023-01-13 12:16:29,468 - pyskl - INFO - Epoch [5][50/131]	lr: 8.267e-02, eta: 0:03:14, time: 0.259, data_time: 0.210, memory: 646, top1_acc: 0.9587, top5_acc: 1.0000, loss_cls: 0.1209, loss: 0.1209
2023-01-13 12:16:31,616 - pyskl - INFO - Epoch [5][100/131]	lr: 7.974e-02, eta: 0:02:58, time: 0.043, data_time: 0.000, memory: 646, top1_acc: 0.9650, top5_acc: 1.0000, loss_cls: 0.1070, loss: 0.1070
2023-01-13 12:16:33,778 - pyskl - INFO - Saving checkpoint at 5 epochs
2023-01-13 12:16:45,850 - pyskl - INFO - Evaluating top_k_accuracy ...
2023-01-13 12:16:45,853 - pyskl - INFO - 
top1_acc	0.9316
top5_acc	1.0000
2023-01-13 12:16:45,853 - pyskl - INFO - Epoch(val) [5][11]	top1_acc: 0.9316, top5_acc: 1.0000
2023-01-13 12:16:58,480 - pyskl - INFO - Epoch [6][50/131]	lr: 7.465e-02, eta: 0:02:54, time: 0.252, data_time: 0.205, memory: 646, top1_acc: 0.9680, top5_acc: 1.0000, loss_cls: 0.0982, loss: 0.0982
2023-01-13 12:17:00,661 - pyskl - INFO - Epoch [6][100/131]	lr: 7.133e-02, eta: 0:02:40, time: 0.044, data_time: 0.001, memory: 646, top1_acc: 0.9742, top5_acc: 1.0000, loss_cls: 0.0799, loss: 0.0799
2023-01-13 12:17:02,781 - pyskl - INFO - Saving checkpoint at 6 epochs
2023-01-13 12:17:14,122 - pyskl - INFO - Evaluating top_k_accuracy ...
2023-01-13 12:17:14,124 - pyskl - INFO - 
top1_acc	0.9381
top5_acc	1.0000
2023-01-13 12:17:14,130 - pyskl - INFO - The previous best checkpoint /workspaces/pyskl/work_dirs/stgcn/stgcn_pyskl_ntu60_xsub_hrnet_select/j_4/best_top1_acc_epoch_4.pth was removed
2023-01-13 12:17:14,206 - pyskl - INFO - Now best checkpoint is saved as best_top1_acc_epoch_6.pth.
2023-01-13 12:17:14,206 - pyskl - INFO - Best top1_acc is 0.9381 at 6 epoch.
2023-01-13 12:17:14,207 - pyskl - INFO - Epoch(val) [6][11]	top1_acc: 0.9381, top5_acc: 1.0000
2023-01-13 12:17:27,039 - pyskl - INFO - Epoch [7][50/131]	lr: 6.569e-02, eta: 0:02:35, time: 0.256, data_time: 0.205, memory: 646, top1_acc: 0.9784, top5_acc: 1.0000, loss_cls: 0.0680, loss: 0.0680
2023-01-13 12:17:29,223 - pyskl - INFO - Epoch [7][100/131]	lr: 6.209e-02, eta: 0:02:23, time: 0.044, data_time: 0.000, memory: 646, top1_acc: 0.9789, top5_acc: 1.0000, loss_cls: 0.0615, loss: 0.0615
2023-01-13 12:17:31,321 - pyskl - INFO - Saving checkpoint at 7 epochs
2023-01-13 12:17:42,717 - pyskl - INFO - Evaluating top_k_accuracy ...
2023-01-13 12:17:42,719 - pyskl - INFO - 
top1_acc	0.9498
top5_acc	1.0000
2023-01-13 12:17:42,724 - pyskl - INFO - The previous best checkpoint /workspaces/pyskl/work_dirs/stgcn/stgcn_pyskl_ntu60_xsub_hrnet_select/j_4/best_top1_acc_epoch_6.pth was removed
2023-01-13 12:17:42,786 - pyskl - INFO - Now best checkpoint is saved as best_top1_acc_epoch_7.pth.
2023-01-13 12:17:42,786 - pyskl - INFO - Best top1_acc is 0.9498 at 7 epoch.
2023-01-13 12:17:42,786 - pyskl - INFO - Epoch(val) [7][11]	top1_acc: 0.9498, top5_acc: 1.0000
2023-01-13 12:17:55,862 - pyskl - INFO - Epoch [8][50/131]	lr: 5.613e-02, eta: 0:02:18, time: 0.261, data_time: 0.217, memory: 646, top1_acc: 0.9839, top5_acc: 1.0000, loss_cls: 0.0526, loss: 0.0526
2023-01-13 12:17:58,013 - pyskl - INFO - Epoch [8][100/131]	lr: 5.240e-02, eta: 0:02:07, time: 0.043, data_time: 0.000, memory: 646, top1_acc: 0.9848, top5_acc: 1.0000, loss_cls: 0.0448, loss: 0.0448
2023-01-13 12:18:00,269 - pyskl - INFO - Saving checkpoint at 8 epochs
2023-01-13 12:18:11,935 - pyskl - INFO - Evaluating top_k_accuracy ...
2023-01-13 12:18:11,937 - pyskl - INFO - 
top1_acc	0.9585
top5_acc	1.0000
2023-01-13 12:18:11,943 - pyskl - INFO - The previous best checkpoint /workspaces/pyskl/work_dirs/stgcn/stgcn_pyskl_ntu60_xsub_hrnet_select/j_4/best_top1_acc_epoch_7.pth was removed
2023-01-13 12:18:12,020 - pyskl - INFO - Now best checkpoint is saved as best_top1_acc_epoch_8.pth.
2023-01-13 12:18:12,020 - pyskl - INFO - Best top1_acc is 0.9585 at 8 epoch.
2023-01-13 12:18:12,021 - pyskl - INFO - Epoch(val) [8][11]	top1_acc: 0.9585, top5_acc: 1.0000
2023-01-13 12:18:25,278 - pyskl - INFO - Epoch [9][50/131]	lr: 4.633e-02, eta: 0:02:01, time: 0.265, data_time: 0.206, memory: 646, top1_acc: 0.9897, top5_acc: 1.0000, loss_cls: 0.0366, loss: 0.0366
2023-01-13 12:18:27,442 - pyskl - INFO - Epoch [9][100/131]	lr: 4.261e-02, eta: 0:01:52, time: 0.043, data_time: 0.000, memory: 646, top1_acc: 0.9905, top5_acc: 1.0000, loss_cls: 0.0308, loss: 0.0308
2023-01-13 12:18:29,749 - pyskl - INFO - Saving checkpoint at 9 epochs
2023-01-13 12:18:41,030 - pyskl - INFO - Evaluating top_k_accuracy ...
2023-01-13 12:18:41,032 - pyskl - INFO - 
top1_acc	0.9578
top5_acc	1.0000
2023-01-13 12:18:41,033 - pyskl - INFO - Epoch(val) [9][11]	top1_acc: 0.9578, top5_acc: 1.0000
2023-01-13 12:18:53,962 - pyskl - INFO - Epoch [10][50/131]	lr: 3.667e-02, eta: 0:01:45, time: 0.258, data_time: 0.209, memory: 646, top1_acc: 0.9928, top5_acc: 1.0000, loss_cls: 0.0260, loss: 0.0260
2023-01-13 12:18:56,114 - pyskl - INFO - Epoch [10][100/131]	lr: 3.310e-02, eta: 0:01:36, time: 0.043, data_time: 0.000, memory: 646, top1_acc: 0.9958, top5_acc: 1.0000, loss_cls: 0.0203, loss: 0.0203
2023-01-13 12:18:58,265 - pyskl - INFO - Saving checkpoint at 10 epochs
2023-01-13 12:19:10,015 - pyskl - INFO - Evaluating top_k_accuracy ...
2023-01-13 12:19:10,016 - pyskl - INFO - 
top1_acc	0.9578
top5_acc	1.0000
2023-01-13 12:19:10,017 - pyskl - INFO - Epoch(val) [10][11]	top1_acc: 0.9578, top5_acc: 1.0000
2023-01-13 12:19:23,181 - pyskl - INFO - Epoch [11][50/131]	lr: 2.753e-02, eta: 0:01:28, time: 0.263, data_time: 0.212, memory: 646, top1_acc: 0.9941, top5_acc: 1.0000, loss_cls: 0.0262, loss: 0.0262
2023-01-13 12:19:25,288 - pyskl - INFO - Epoch [11][100/131]	lr: 2.425e-02, eta: 0:01:20, time: 0.042, data_time: 0.000, memory: 646, top1_acc: 0.9936, top5_acc: 1.0000, loss_cls: 0.0233, loss: 0.0233
2023-01-13 12:19:27,304 - pyskl - INFO - Saving checkpoint at 11 epochs
2023-01-13 12:19:38,699 - pyskl - INFO - Evaluating top_k_accuracy ...
2023-01-13 12:19:38,700 - pyskl - INFO - 
top1_acc	0.9571
top5_acc	1.0000
2023-01-13 12:19:38,701 - pyskl - INFO - Epoch(val) [11][11]	top1_acc: 0.9571, top5_acc: 1.0000
2023-01-13 12:19:51,373 - pyskl - INFO - Epoch [12][50/131]	lr: 1.925e-02, eta: 0:01:12, time: 0.253, data_time: 0.204, memory: 646, top1_acc: 0.9972, top5_acc: 1.0000, loss_cls: 0.0124, loss: 0.0124
2023-01-13 12:19:53,517 - pyskl - INFO - Epoch [12][100/131]	lr: 1.638e-02, eta: 0:01:05, time: 0.043, data_time: 0.001, memory: 646, top1_acc: 0.9973, top5_acc: 1.0000, loss_cls: 0.0115, loss: 0.0115
2023-01-13 12:19:55,821 - pyskl - INFO - Saving checkpoint at 12 epochs
2023-01-13 12:20:53,963 - pyskl - INFO - Evaluating top_k_accuracy ...
2023-01-13 12:20:53,964 - pyskl - INFO - 
top1_acc	0.9694
top5_acc	1.0000
2023-01-13 12:20:53,969 - pyskl - INFO - The previous best checkpoint /workspaces/pyskl/work_dirs/stgcn/stgcn_pyskl_ntu60_xsub_hrnet_select/j_4/best_top1_acc_epoch_8.pth was removed
2023-01-13 12:20:54,027 - pyskl - INFO - Now best checkpoint is saved as best_top1_acc_epoch_12.pth.
2023-01-13 12:20:54,027 - pyskl - INFO - Best top1_acc is 0.9694 at 12 epoch.
2023-01-13 12:20:54,028 - pyskl - INFO - Epoch(val) [12][11]	top1_acc: 0.9694, top5_acc: 1.0000
2023-01-13 12:21:07,012 - pyskl - INFO - Epoch [13][50/131]	lr: 1.215e-02, eta: 0:00:56, time: 0.259, data_time: 0.200, memory: 646, top1_acc: 0.9973, top5_acc: 1.0000, loss_cls: 0.0104, loss: 0.0104
2023-01-13 12:21:09,178 - pyskl - INFO - Epoch [13][100/131]	lr: 9.806e-03, eta: 0:00:49, time: 0.043, data_time: 0.000, memory: 646, top1_acc: 0.9966, top5_acc: 1.0000, loss_cls: 0.0130, loss: 0.0130
2023-01-13 12:21:11,215 - pyskl - INFO - Saving checkpoint at 13 epochs
2023-01-13 12:21:53,967 - pyskl - INFO - Evaluating top_k_accuracy ...
2023-01-13 12:21:53,970 - pyskl - INFO - 
top1_acc	0.9643
top5_acc	1.0000
2023-01-13 12:21:53,971 - pyskl - INFO - Epoch(val) [13][11]	top1_acc: 0.9643, top5_acc: 1.0000
2023-01-13 12:22:06,705 - pyskl - INFO - Epoch [14][50/131]	lr: 6.500e-03, eta: 0:00:40, time: 0.254, data_time: 0.208, memory: 646, top1_acc: 0.9983, top5_acc: 1.0000, loss_cls: 0.0094, loss: 0.0094
2023-01-13 12:22:08,834 - pyskl - INFO - Epoch [14][100/131]	lr: 4.777e-03, eta: 0:00:34, time: 0.043, data_time: 0.000, memory: 646, top1_acc: 0.9984, top5_acc: 1.0000, loss_cls: 0.0098, loss: 0.0098
2023-01-13 12:22:11,014 - pyskl - INFO - Saving checkpoint at 14 epochs
2023-01-13 12:22:53,962 - pyskl - INFO - Evaluating top_k_accuracy ...
2023-01-13 12:22:53,964 - pyskl - INFO - 
top1_acc	0.9636
top5_acc	1.0000
2023-01-13 12:22:53,965 - pyskl - INFO - Epoch(val) [14][11]	top1_acc: 0.9636, top5_acc: 1.0000
2023-01-13 12:23:06,714 - pyskl - INFO - Epoch [15][50/131]	lr: 2.527e-03, eta: 0:00:25, time: 0.255, data_time: 0.210, memory: 646, top1_acc: 0.9991, top5_acc: 1.0000, loss_cls: 0.0066, loss: 0.0066
2023-01-13 12:23:08,856 - pyskl - INFO - Epoch [15][100/131]	lr: 1.485e-03, eta: 0:00:18, time: 0.043, data_time: 0.000, memory: 646, top1_acc: 0.9984, top5_acc: 1.0000, loss_cls: 0.0081, loss: 0.0081
2023-01-13 12:23:11,022 - pyskl - INFO - Saving checkpoint at 15 epochs
2023-01-13 12:23:22,481 - pyskl - INFO - Evaluating top_k_accuracy ...
2023-01-13 12:23:22,483 - pyskl - INFO - 
top1_acc	0.9665
top5_acc	1.0000
2023-01-13 12:23:22,483 - pyskl - INFO - Epoch(val) [15][11]	top1_acc: 0.9665, top5_acc: 1.0000
2023-01-13 12:23:35,762 - pyskl - INFO - Epoch [16][50/131]	lr: 3.772e-04, eta: 0:00:09, time: 0.265, data_time: 0.212, memory: 646, top1_acc: 0.9986, top5_acc: 1.0000, loss_cls: 0.0076, loss: 0.0076
2023-01-13 12:23:37,942 - pyskl - INFO - Epoch [16][100/131]	lr: 5.750e-05, eta: 0:00:03, time: 0.044, data_time: 0.000, memory: 646, top1_acc: 0.9989, top5_acc: 1.0000, loss_cls: 0.0077, loss: 0.0077
2023-01-13 12:23:40,149 - pyskl - INFO - Saving checkpoint at 16 epochs
2023-01-13 12:23:51,531 - pyskl - INFO - Evaluating top_k_accuracy ...
2023-01-13 12:23:51,534 - pyskl - INFO - 
top1_acc	0.9694
top5_acc	1.0000
2023-01-13 12:23:51,535 - pyskl - INFO - Epoch(val) [16][11]	top1_acc: 0.9694, top5_acc: 1.0000
2023-01-13 12:23:54,786 - pyskl - INFO - 1374 videos remain after valid thresholding
2023-01-13 12:24:07,228 - pyskl - INFO - Testing results of the last checkpoint
2023-01-13 12:24:07,229 - pyskl - INFO - top1_acc: 0.9694
2023-01-13 12:24:07,229 - pyskl - INFO - top5_acc: 1.0000
2023-01-13 12:24:07,230 - pyskl - INFO - load checkpoint from local path: ./work_dirs/stgcn/stgcn_pyskl_ntu60_xsub_hrnet_select/j_4/best_top1_acc_epoch_12.pth
2023-01-13 12:24:19,555 - pyskl - INFO - Testing results of the best checkpoint
2023-01-13 12:24:19,556 - pyskl - INFO - top1_acc: 0.9694
2023-01-13 12:24:19,556 - pyskl - INFO - top5_acc: 1.0000
