2023-03-07 17:43:11,850 - pyskl - INFO - Environment info:
------------------------------------------------------------
sys.platform: linux
Python: 3.7.15 (default, Nov 24 2022, 21:12:53) [GCC 11.2.0]
CUDA available: True
GPU 0,1,2,3: NVIDIA TITAN RTX
CUDA_HOME: /usr/local/cuda
NVCC: Cuda compilation tools, release 11.0, V11.0.221
GCC: gcc (Ubuntu 9.4.0-1ubuntu1~20.04.1) 9.4.0
PyTorch: 1.10.0
PyTorch compiling details: PyTorch built with:
  - GCC 7.3
  - C++ Version: 201402
  - Intel(R) oneAPI Math Kernel Library Version 2021.4-Product Build 20210904 for Intel(R) 64 architecture applications
  - Intel(R) MKL-DNN v2.2.3 (Git Hash 7336ca9f055cf1bfa13efb658fe15dc9b41f0740)
  - OpenMP 201511 (a.k.a. OpenMP 4.5)
  - LAPACK is enabled (usually provided by MKL)
  - NNPACK is enabled
  - CPU capability usage: AVX512
  - CUDA Runtime 10.2
  - NVCC architecture flags: -gencode;arch=compute_37,code=sm_37;-gencode;arch=compute_50,code=sm_50;-gencode;arch=compute_60,code=sm_60;-gencode;arch=compute_61,code=sm_61;-gencode;arch=compute_70,code=sm_70;-gencode;arch=compute_75,code=sm_75;-gencode;arch=compute_37,code=compute_37
  - CuDNN 7.6.5
  - Magma 2.5.2
  - Build settings: BLAS_INFO=mkl, BUILD_TYPE=Release, CUDA_VERSION=10.2, CUDNN_VERSION=7.6.5, CXX_COMPILER=/opt/rh/devtoolset-7/root/usr/bin/c++, CXX_FLAGS= -Wno-deprecated -fvisibility-inlines-hidden -DUSE_PTHREADPOOL -fopenmp -DNDEBUG -DUSE_KINETO -DUSE_FBGEMM -DUSE_QNNPACK -DUSE_PYTORCH_QNNPACK -DUSE_XNNPACK -DSYMBOLICATE_MOBILE_DEBUG_HANDLE -DEDGE_PROFILER_USE_KINETO -O2 -fPIC -Wno-narrowing -Wall -Wextra -Werror=return-type -Wno-missing-field-initializers -Wno-type-limits -Wno-array-bounds -Wno-unknown-pragmas -Wno-sign-compare -Wno-unused-parameter -Wno-unused-variable -Wno-unused-function -Wno-unused-result -Wno-unused-local-typedefs -Wno-strict-overflow -Wno-strict-aliasing -Wno-error=deprecated-declarations -Wno-stringop-overflow -Wno-psabi -Wno-error=pedantic -Wno-error=redundant-decls -Wno-error=old-style-cast -fdiagnostics-color=always -faligned-new -Wno-unused-but-set-variable -Wno-maybe-uninitialized -fno-math-errno -fno-trapping-math -Werror=format -Wno-stringop-overflow, LAPACK_INFO=mkl, PERF_WITH_AVX=1, PERF_WITH_AVX2=1, PERF_WITH_AVX512=1, TORCH_VERSION=1.10.0, USE_CUDA=ON, USE_CUDNN=ON, USE_EXCEPTION_PTR=1, USE_GFLAGS=OFF, USE_GLOG=OFF, USE_MKL=ON, USE_MKLDNN=ON, USE_MPI=OFF, USE_NCCL=ON, USE_NNPACK=ON, USE_OPENMP=ON, 

TorchVision: 0.11.0
OpenCV: 4.6.0
MMCV: 1.5.0
MMCV Compiler: GCC 7.3
MMCV CUDA Compiler: 10.2
pyskl: 0.1.0+bd46e96
------------------------------------------------------------

2023-03-07 17:43:12,267 - pyskl - INFO - Config: model = dict(
    type='RecognizerGCN',
    backbone=dict(
        type='STGCN', graph_cfg=dict(layout='coco', mode='stgcn_spatial')),
    cls_head=dict(type='GCNHead', num_classes=6, in_channels=256))
dataset_type = 'PoseDataset'
ann_file = 'workspace/data/nuaa6.pkl'
train_pipeline = [
    dict(type='PreNormalize2D'),
    dict(type='GenSkeFeat', dataset='coco', feats=['j']),
    dict(type='UniformSample', clip_len=100, seed=200),
    dict(type='PoseDecode'),
    dict(type='FormatGCNInput', num_person=1),
    dict(type='Collect', keys=['keypoint', 'label'], meta_keys=[]),
    dict(type='ToTensor', keys=['keypoint'])
]
val_pipeline = [
    dict(type='PreNormalize2D'),
    dict(type='GenSkeFeat', dataset='coco', feats=['j']),
    dict(type='UniformSample', clip_len=100, num_clips=1),
    dict(type='PoseDecode'),
    dict(type='FormatGCNInput', num_person=1),
    dict(type='Collect', keys=['keypoint', 'label'], meta_keys=[]),
    dict(type='ToTensor', keys=['keypoint'])
]
test_pipeline = [
    dict(type='PreNormalize2D'),
    dict(type='GenSkeFeat', dataset='coco', feats=['j']),
    dict(type='UniformSample', clip_len=100, num_clips=10, seed=2),
    dict(type='PoseDecode'),
    dict(type='FormatGCNInput', num_person=1),
    dict(type='Collect', keys=['keypoint', 'label'], meta_keys=[]),
    dict(type='ToTensor', keys=['keypoint'])
]
data = dict(
    videos_per_gpu=16,
    workers_per_gpu=2,
    test_dataloader=dict(videos_per_gpu=1),
    train=dict(
        type='RepeatDataset',
        times=5,
        dataset=dict(
            type='PoseDataset',
            ann_file='workspace/data/nuaa6.pkl',
            pipeline=[
                dict(type='PreNormalize2D'),
                dict(type='GenSkeFeat', dataset='coco', feats=['j']),
                dict(type='UniformSample', clip_len=100, seed=200),
                dict(type='PoseDecode'),
                dict(type='FormatGCNInput', num_person=1),
                dict(type='Collect', keys=['keypoint', 'label'], meta_keys=[]),
                dict(type='ToTensor', keys=['keypoint'])
            ],
            split='xsub_train')),
    val=dict(
        type='PoseDataset',
        ann_file='workspace/data/nuaa6.pkl',
        pipeline=[
            dict(type='PreNormalize2D'),
            dict(type='GenSkeFeat', dataset='coco', feats=['j']),
            dict(type='UniformSample', clip_len=100, num_clips=1),
            dict(type='PoseDecode'),
            dict(type='FormatGCNInput', num_person=1),
            dict(type='Collect', keys=['keypoint', 'label'], meta_keys=[]),
            dict(type='ToTensor', keys=['keypoint'])
        ],
        split='xsub_val'),
    test=dict(
        type='PoseDataset',
        ann_file='workspace/data/nuaa6.pkl',
        pipeline=[
            dict(type='PreNormalize2D'),
            dict(type='GenSkeFeat', dataset='coco', feats=['j']),
            dict(type='UniformSample', clip_len=100, num_clips=10, seed=2),
            dict(type='PoseDecode'),
            dict(type='FormatGCNInput', num_person=1),
            dict(type='Collect', keys=['keypoint', 'label'], meta_keys=[]),
            dict(type='ToTensor', keys=['keypoint'])
        ],
        split='xsub_val'))
optimizer = dict(
    type='SGD', lr=0.05, momentum=0.9, weight_decay=0.0005, nesterov=True)
optimizer_config = dict(grad_clip=None)
lr_config = dict(policy='CosineAnnealing', min_lr=0, by_epoch=False)
total_epochs = 16
checkpoint_config = dict(interval=1)
evaluation = dict(interval=1, metrics=['top_k_accuracy'])
log_config = dict(interval=50, hooks=[dict(type='TextLoggerHook')])
log_level = 'INFO'
work_dir = './work_dirs/stgcn/stgcn_pyskl_nuaa6/j_4'
dist_params = dict(backend='nccl')
gpu_ids = range(0, 4)

2023-03-07 17:45:58,380 - pyskl - INFO - Set random seed to 1483622481, deterministic: False
2023-03-07 17:45:58,652 - pyskl - INFO - 4010 videos remain after valid thresholding
2023-03-07 17:46:02,658 - pyskl - INFO - 1649 videos remain after valid thresholding
2023-03-07 17:46:02,659 - pyskl - INFO - Start running, host: root@518b9ea961fb, work_dir: /workspaces/pyskl/work_dirs/stgcn/stgcn_pyskl_nuaa6/j_4
2023-03-07 17:46:02,659 - pyskl - INFO - Hooks will be executed in the following order:
before_run:
(VERY_HIGH   ) CosineAnnealingLrUpdaterHook       
(NORMAL      ) CheckpointHook                     
(NORMAL      ) DistEvalHook                       
(VERY_LOW    ) TextLoggerHook                     
 -------------------- 
before_train_epoch:
(VERY_HIGH   ) CosineAnnealingLrUpdaterHook       
(NORMAL      ) DistSamplerSeedHook                
(NORMAL      ) DistEvalHook                       
(LOW         ) IterTimerHook                      
(VERY_LOW    ) TextLoggerHook                     
 -------------------- 
before_train_iter:
(VERY_HIGH   ) CosineAnnealingLrUpdaterHook       
(NORMAL      ) DistEvalHook                       
(LOW         ) IterTimerHook                      
 -------------------- 
after_train_iter:
(ABOVE_NORMAL) OptimizerHook                      
(NORMAL      ) CheckpointHook                     
(NORMAL      ) DistEvalHook                       
(LOW         ) IterTimerHook                      
(VERY_LOW    ) TextLoggerHook                     
 -------------------- 
after_train_epoch:
(NORMAL      ) CheckpointHook                     
(NORMAL      ) DistEvalHook                       
(VERY_LOW    ) TextLoggerHook                     
 -------------------- 
before_val_epoch:
(NORMAL      ) DistSamplerSeedHook                
(LOW         ) IterTimerHook                      
(VERY_LOW    ) TextLoggerHook                     
 -------------------- 
before_val_iter:
(LOW         ) IterTimerHook                      
 -------------------- 
after_val_iter:
(LOW         ) IterTimerHook                      
 -------------------- 
after_val_epoch:
(VERY_LOW    ) TextLoggerHook                     
 -------------------- 
after_run:
(VERY_LOW    ) TextLoggerHook                     
 -------------------- 
2023-03-07 17:46:02,660 - pyskl - INFO - workflow: [('train', 1)], max: 16 epochs
2023-03-07 17:46:02,660 - pyskl - INFO - Checkpoints will be saved to /workspaces/pyskl/work_dirs/stgcn/stgcn_pyskl_nuaa6/j_4 by HardDiskBackend.
2023-03-07 17:46:54,350 - pyskl - INFO - Epoch [1][50/314]	lr: 4.999e-02, eta: 1:25:40, time: 1.034, data_time: 0.471, memory: 646, top1_acc: 0.3534, top5_acc: 0.9656, loss_cls: 1.4767, loss: 1.4767
2023-03-07 17:46:56,458 - pyskl - INFO - Epoch [1][100/314]	lr: 4.995e-02, eta: 0:44:08, time: 0.042, data_time: 0.000, memory: 646, top1_acc: 0.6606, top5_acc: 0.9988, loss_cls: 0.7387, loss: 0.7387
2023-03-07 17:46:58,618 - pyskl - INFO - Epoch [1][150/314]	lr: 4.989e-02, eta: 0:30:17, time: 0.043, data_time: 0.001, memory: 646, top1_acc: 0.9163, top5_acc: 1.0000, loss_cls: 0.2272, loss: 0.2272
2023-03-07 17:47:00,731 - pyskl - INFO - Epoch [1][200/314]	lr: 4.981e-02, eta: 0:23:20, time: 0.042, data_time: 0.000, memory: 646, top1_acc: 0.9594, top5_acc: 1.0000, loss_cls: 0.1056, loss: 0.1056
2023-03-07 17:47:02,855 - pyskl - INFO - Epoch [1][250/314]	lr: 4.970e-02, eta: 0:19:09, time: 0.042, data_time: 0.000, memory: 646, top1_acc: 0.9712, top5_acc: 1.0000, loss_cls: 0.0915, loss: 0.0915
2023-03-07 17:47:05,008 - pyskl - INFO - Epoch [1][300/314]	lr: 4.956e-02, eta: 0:16:21, time: 0.043, data_time: 0.001, memory: 646, top1_acc: 0.9734, top5_acc: 1.0000, loss_cls: 0.0806, loss: 0.0806
2023-03-07 17:47:12,937 - pyskl - INFO - Saving checkpoint at 1 epochs
2023-03-07 17:47:46,120 - pyskl - INFO - Evaluating top_k_accuracy ...
2023-03-07 17:47:46,122 - pyskl - INFO - 
top1_acc	0.9842
top5_acc	1.0000
2023-03-07 17:47:46,195 - pyskl - INFO - Now best checkpoint is saved as best_top1_acc_epoch_1.pth.
2023-03-07 17:47:46,196 - pyskl - INFO - Best top1_acc is 0.9842 at 1 epoch.
2023-03-07 17:47:46,196 - pyskl - INFO - Epoch(val) [1][26]	top1_acc: 0.9842, top5_acc: 1.0000
2023-03-07 17:48:13,558 - pyskl - INFO - Epoch [2][50/314]	lr: 4.936e-02, eta: 0:19:07, time: 0.547, data_time: 0.481, memory: 646, top1_acc: 0.9838, top5_acc: 1.0000, loss_cls: 0.0562, loss: 0.0562
2023-03-07 17:48:15,705 - pyskl - INFO - Epoch [2][100/314]	lr: 4.917e-02, eta: 0:17:02, time: 0.043, data_time: 0.000, memory: 646, top1_acc: 0.9875, top5_acc: 1.0000, loss_cls: 0.0377, loss: 0.0377
2023-03-07 17:48:17,816 - pyskl - INFO - Epoch [2][150/314]	lr: 4.896e-02, eta: 0:15:23, time: 0.042, data_time: 0.000, memory: 646, top1_acc: 0.9841, top5_acc: 1.0000, loss_cls: 0.0446, loss: 0.0446
2023-03-07 17:48:19,893 - pyskl - INFO - Epoch [2][200/314]	lr: 4.872e-02, eta: 0:14:02, time: 0.041, data_time: 0.000, memory: 646, top1_acc: 0.9881, top5_acc: 1.0000, loss_cls: 0.0365, loss: 0.0365
2023-03-07 17:48:21,978 - pyskl - INFO - Epoch [2][250/314]	lr: 4.847e-02, eta: 0:12:55, time: 0.042, data_time: 0.001, memory: 646, top1_acc: 0.9881, top5_acc: 1.0000, loss_cls: 0.0390, loss: 0.0390
2023-03-07 17:48:24,068 - pyskl - INFO - Epoch [2][300/314]	lr: 4.819e-02, eta: 0:11:59, time: 0.042, data_time: 0.000, memory: 646, top1_acc: 0.9906, top5_acc: 1.0000, loss_cls: 0.0268, loss: 0.0268
2023-03-07 17:48:27,861 - pyskl - INFO - Saving checkpoint at 2 epochs
2023-03-07 17:49:34,469 - pyskl - INFO - Evaluating top_k_accuracy ...
2023-03-07 17:49:34,472 - pyskl - INFO - 
top1_acc	0.9927
top5_acc	1.0000
2023-03-07 17:49:34,479 - pyskl - INFO - The previous best checkpoint /workspaces/pyskl/work_dirs/stgcn/stgcn_pyskl_nuaa6/j_4/best_top1_acc_epoch_1.pth was removed
2023-03-07 17:49:34,550 - pyskl - INFO - Now best checkpoint is saved as best_top1_acc_epoch_2.pth.
2023-03-07 17:49:34,550 - pyskl - INFO - Best top1_acc is 0.9927 at 2 epoch.
2023-03-07 17:49:34,551 - pyskl - INFO - Epoch(val) [2][26]	top1_acc: 0.9927, top5_acc: 1.0000
2023-03-07 17:49:57,387 - pyskl - INFO - Epoch [3][50/314]	lr: 4.779e-02, eta: 0:13:08, time: 0.457, data_time: 0.394, memory: 646, top1_acc: 0.9903, top5_acc: 1.0000, loss_cls: 0.0307, loss: 0.0307
2023-03-07 17:49:59,475 - pyskl - INFO - Epoch [3][100/314]	lr: 4.746e-02, eta: 0:12:18, time: 0.042, data_time: 0.000, memory: 646, top1_acc: 0.9931, top5_acc: 1.0000, loss_cls: 0.0217, loss: 0.0217
2023-03-07 17:50:01,575 - pyskl - INFO - Epoch [3][150/314]	lr: 4.711e-02, eta: 0:11:34, time: 0.042, data_time: 0.000, memory: 646, top1_acc: 0.9881, top5_acc: 1.0000, loss_cls: 0.0345, loss: 0.0345
2023-03-07 17:50:03,684 - pyskl - INFO - Epoch [3][200/314]	lr: 4.673e-02, eta: 0:10:55, time: 0.042, data_time: 0.000, memory: 646, top1_acc: 0.9909, top5_acc: 1.0000, loss_cls: 0.0304, loss: 0.0304
2023-03-07 17:50:05,906 - pyskl - INFO - Epoch [3][250/314]	lr: 4.633e-02, eta: 0:10:21, time: 0.044, data_time: 0.000, memory: 646, top1_acc: 0.9884, top5_acc: 1.0000, loss_cls: 0.0355, loss: 0.0355
2023-03-07 17:50:08,062 - pyskl - INFO - Epoch [3][300/314]	lr: 4.592e-02, eta: 0:09:49, time: 0.043, data_time: 0.000, memory: 646, top1_acc: 0.9969, top5_acc: 1.0000, loss_cls: 0.0132, loss: 0.0132
2023-03-07 17:50:15,728 - pyskl - INFO - Saving checkpoint at 3 epochs
2023-03-07 17:51:34,084 - pyskl - INFO - Evaluating top_k_accuracy ...
2023-03-07 17:51:34,086 - pyskl - INFO - 
top1_acc	0.9697
top5_acc	1.0000
2023-03-07 17:51:34,087 - pyskl - INFO - Epoch(val) [3][26]	top1_acc: 0.9697, top5_acc: 1.0000
2023-03-07 17:52:09,456 - pyskl - INFO - Epoch [4][50/314]	lr: 4.535e-02, eta: 0:11:27, time: 0.707, data_time: 0.474, memory: 646, top1_acc: 0.9888, top5_acc: 1.0000, loss_cls: 0.0354, loss: 0.0354
2023-03-07 17:52:11,545 - pyskl - INFO - Epoch [4][100/314]	lr: 4.489e-02, eta: 0:10:53, time: 0.042, data_time: 0.000, memory: 646, top1_acc: 0.9947, top5_acc: 1.0000, loss_cls: 0.0166, loss: 0.0166
2023-03-07 17:52:13,649 - pyskl - INFO - Epoch [4][150/314]	lr: 4.440e-02, eta: 0:10:23, time: 0.042, data_time: 0.000, memory: 646, top1_acc: 0.9922, top5_acc: 1.0000, loss_cls: 0.0248, loss: 0.0248
2023-03-07 17:52:15,757 - pyskl - INFO - Epoch [4][200/314]	lr: 4.390e-02, eta: 0:09:55, time: 0.042, data_time: 0.001, memory: 646, top1_acc: 0.9959, top5_acc: 1.0000, loss_cls: 0.0141, loss: 0.0141
2023-03-07 17:52:17,867 - pyskl - INFO - Epoch [4][250/314]	lr: 4.338e-02, eta: 0:09:30, time: 0.042, data_time: 0.001, memory: 646, top1_acc: 0.9962, top5_acc: 1.0000, loss_cls: 0.0132, loss: 0.0132
2023-03-07 17:52:19,962 - pyskl - INFO - Epoch [4][300/314]	lr: 4.284e-02, eta: 0:09:06, time: 0.042, data_time: 0.000, memory: 646, top1_acc: 0.9941, top5_acc: 1.0000, loss_cls: 0.0163, loss: 0.0163
2023-03-07 17:52:28,051 - pyskl - INFO - Saving checkpoint at 4 epochs
2023-03-07 17:53:34,393 - pyskl - INFO - Evaluating top_k_accuracy ...
2023-03-07 17:53:34,395 - pyskl - INFO - 
top1_acc	0.9915
top5_acc	1.0000
2023-03-07 17:53:34,395 - pyskl - INFO - Epoch(val) [4][26]	top1_acc: 0.9915, top5_acc: 1.0000
2023-03-07 17:54:01,557 - pyskl - INFO - Epoch [5][50/314]	lr: 4.213e-02, eta: 0:09:48, time: 0.543, data_time: 0.396, memory: 646, top1_acc: 0.9959, top5_acc: 1.0000, loss_cls: 0.0139, loss: 0.0139
2023-03-07 17:54:03,717 - pyskl - INFO - Epoch [5][100/314]	lr: 4.155e-02, eta: 0:09:24, time: 0.043, data_time: 0.001, memory: 646, top1_acc: 0.9962, top5_acc: 1.0000, loss_cls: 0.0125, loss: 0.0125
2023-03-07 17:54:05,874 - pyskl - INFO - Epoch [5][150/314]	lr: 4.096e-02, eta: 0:09:02, time: 0.043, data_time: 0.000, memory: 646, top1_acc: 0.9984, top5_acc: 1.0000, loss_cls: 0.0059, loss: 0.0059
2023-03-07 17:54:07,971 - pyskl - INFO - Epoch [5][200/314]	lr: 4.035e-02, eta: 0:08:42, time: 0.042, data_time: 0.000, memory: 646, top1_acc: 0.9950, top5_acc: 1.0000, loss_cls: 0.0180, loss: 0.0180
2023-03-07 17:54:10,077 - pyskl - INFO - Epoch [5][250/314]	lr: 3.972e-02, eta: 0:08:22, time: 0.042, data_time: 0.001, memory: 646, top1_acc: 0.9984, top5_acc: 1.0000, loss_cls: 0.0116, loss: 0.0116
2023-03-07 17:54:12,166 - pyskl - INFO - Epoch [5][300/314]	lr: 3.908e-02, eta: 0:08:04, time: 0.042, data_time: 0.000, memory: 646, top1_acc: 0.9966, top5_acc: 1.0000, loss_cls: 0.0121, loss: 0.0121
2023-03-07 17:54:16,010 - pyskl - INFO - Saving checkpoint at 5 epochs
2023-03-07 17:55:34,357 - pyskl - INFO - Evaluating top_k_accuracy ...
2023-03-07 17:55:34,359 - pyskl - INFO - 
top1_acc	0.9939
top5_acc	1.0000
2023-03-07 17:55:34,364 - pyskl - INFO - The previous best checkpoint /workspaces/pyskl/work_dirs/stgcn/stgcn_pyskl_nuaa6/j_4/best_top1_acc_epoch_2.pth was removed
2023-03-07 17:55:34,437 - pyskl - INFO - Now best checkpoint is saved as best_top1_acc_epoch_5.pth.
2023-03-07 17:55:34,437 - pyskl - INFO - Best top1_acc is 0.9939 at 5 epoch.
2023-03-07 17:55:34,438 - pyskl - INFO - Epoch(val) [5][26]	top1_acc: 0.9939, top5_acc: 1.0000
2023-03-07 17:56:05,591 - pyskl - INFO - Epoch [6][50/314]	lr: 3.825e-02, eta: 0:08:41, time: 0.623, data_time: 0.473, memory: 646, top1_acc: 0.9966, top5_acc: 1.0000, loss_cls: 0.0139, loss: 0.0139
2023-03-07 17:56:07,705 - pyskl - INFO - Epoch [6][100/314]	lr: 3.758e-02, eta: 0:08:23, time: 0.042, data_time: 0.001, memory: 646, top1_acc: 0.9991, top5_acc: 1.0000, loss_cls: 0.0055, loss: 0.0055
2023-03-07 17:56:09,839 - pyskl - INFO - Epoch [6][150/314]	lr: 3.690e-02, eta: 0:08:05, time: 0.043, data_time: 0.000, memory: 646, top1_acc: 0.9991, top5_acc: 1.0000, loss_cls: 0.0065, loss: 0.0065
2023-03-07 17:56:11,939 - pyskl - INFO - Epoch [6][200/314]	lr: 3.620e-02, eta: 0:07:48, time: 0.042, data_time: 0.000, memory: 646, top1_acc: 0.9981, top5_acc: 1.0000, loss_cls: 0.0102, loss: 0.0102
2023-03-07 17:56:14,040 - pyskl - INFO - Epoch [6][250/314]	lr: 3.550e-02, eta: 0:07:32, time: 0.042, data_time: 0.000, memory: 646, top1_acc: 0.9988, top5_acc: 1.0000, loss_cls: 0.0056, loss: 0.0056
2023-03-07 17:56:16,171 - pyskl - INFO - Epoch [6][300/314]	lr: 3.478e-02, eta: 0:07:16, time: 0.043, data_time: 0.000, memory: 646, top1_acc: 0.9975, top5_acc: 1.0000, loss_cls: 0.0087, loss: 0.0087
2023-03-07 17:56:20,094 - pyskl - INFO - Saving checkpoint at 6 epochs
2023-03-07 17:57:34,358 - pyskl - INFO - Evaluating top_k_accuracy ...
2023-03-07 17:57:34,360 - pyskl - INFO - 
top1_acc	0.9964
top5_acc	1.0000
2023-03-07 17:57:34,366 - pyskl - INFO - The previous best checkpoint /workspaces/pyskl/work_dirs/stgcn/stgcn_pyskl_nuaa6/j_4/best_top1_acc_epoch_5.pth was removed
2023-03-07 17:57:34,433 - pyskl - INFO - Now best checkpoint is saved as best_top1_acc_epoch_6.pth.
2023-03-07 17:57:34,434 - pyskl - INFO - Best top1_acc is 0.9964 at 6 epoch.
2023-03-07 17:57:34,434 - pyskl - INFO - Epoch(val) [6][26]	top1_acc: 0.9964, top5_acc: 1.0000
2023-03-07 17:57:57,648 - pyskl - INFO - Epoch [7][50/314]	lr: 3.386e-02, eta: 0:07:30, time: 0.464, data_time: 0.398, memory: 646, top1_acc: 0.9969, top5_acc: 0.9997, loss_cls: 0.0121, loss: 0.0121
2023-03-07 17:57:59,788 - pyskl - INFO - Epoch [7][100/314]	lr: 3.312e-02, eta: 0:07:15, time: 0.043, data_time: 0.001, memory: 646, top1_acc: 0.9975, top5_acc: 1.0000, loss_cls: 0.0082, loss: 0.0082
2023-03-07 17:58:01,922 - pyskl - INFO - Epoch [7][150/314]	lr: 3.238e-02, eta: 0:07:01, time: 0.043, data_time: 0.000, memory: 646, top1_acc: 0.9994, top5_acc: 1.0000, loss_cls: 0.0043, loss: 0.0043
2023-03-07 17:58:04,102 - pyskl - INFO - Epoch [7][200/314]	lr: 3.163e-02, eta: 0:06:47, time: 0.044, data_time: 0.001, memory: 646, top1_acc: 0.9994, top5_acc: 1.0000, loss_cls: 0.0051, loss: 0.0051
2023-03-07 17:58:06,567 - pyskl - INFO - Epoch [7][250/314]	lr: 3.087e-02, eta: 0:06:34, time: 0.049, data_time: 0.001, memory: 646, top1_acc: 0.9978, top5_acc: 1.0000, loss_cls: 0.0072, loss: 0.0072
2023-03-07 17:58:08,693 - pyskl - INFO - Epoch [7][300/314]	lr: 3.011e-02, eta: 0:06:21, time: 0.043, data_time: 0.000, memory: 646, top1_acc: 0.9984, top5_acc: 1.0000, loss_cls: 0.0064, loss: 0.0064
2023-03-07 17:58:16,061 - pyskl - INFO - Saving checkpoint at 7 epochs
2023-03-07 17:59:34,611 - pyskl - INFO - Evaluating top_k_accuracy ...
2023-03-07 17:59:34,613 - pyskl - INFO - 
top1_acc	0.9970
top5_acc	1.0000
2023-03-07 17:59:34,619 - pyskl - INFO - The previous best checkpoint /workspaces/pyskl/work_dirs/stgcn/stgcn_pyskl_nuaa6/j_4/best_top1_acc_epoch_6.pth was removed
2023-03-07 17:59:34,684 - pyskl - INFO - Now best checkpoint is saved as best_top1_acc_epoch_7.pth.
2023-03-07 17:59:34,684 - pyskl - INFO - Best top1_acc is 0.9970 at 7 epoch.
2023-03-07 17:59:34,685 - pyskl - INFO - Epoch(val) [7][26]	top1_acc: 0.9970, top5_acc: 1.0000
2023-03-07 18:00:01,712 - pyskl - INFO - Epoch [8][50/314]	lr: 2.912e-02, eta: 0:06:35, time: 0.540, data_time: 0.472, memory: 646, top1_acc: 0.9988, top5_acc: 1.0000, loss_cls: 0.0052, loss: 0.0052
2023-03-07 18:00:03,840 - pyskl - INFO - Epoch [8][100/314]	lr: 2.835e-02, eta: 0:06:22, time: 0.043, data_time: 0.000, memory: 646, top1_acc: 0.9994, top5_acc: 1.0000, loss_cls: 0.0043, loss: 0.0043
2023-03-07 18:00:09,484 - pyskl - INFO - Epoch [8][150/314]	lr: 2.757e-02, eta: 0:06:13, time: 0.113, data_time: 0.000, memory: 646, top1_acc: 0.9991, top5_acc: 1.0000, loss_cls: 0.0044, loss: 0.0044
2023-03-07 18:00:11,604 - pyskl - INFO - Epoch [8][200/314]	lr: 2.680e-02, eta: 0:06:01, time: 0.042, data_time: 0.001, memory: 646, top1_acc: 0.9988, top5_acc: 1.0000, loss_cls: 0.0047, loss: 0.0047
2023-03-07 18:00:13,719 - pyskl - INFO - Epoch [8][250/314]	lr: 2.602e-02, eta: 0:05:49, time: 0.042, data_time: 0.001, memory: 646, top1_acc: 1.0000, top5_acc: 1.0000, loss_cls: 0.0026, loss: 0.0026
2023-03-07 18:00:15,818 - pyskl - INFO - Epoch [8][300/314]	lr: 2.523e-02, eta: 0:05:38, time: 0.042, data_time: 0.000, memory: 646, top1_acc: 0.9997, top5_acc: 1.0000, loss_cls: 0.0023, loss: 0.0023
2023-03-07 18:00:20,197 - pyskl - INFO - Saving checkpoint at 8 epochs
2023-03-07 18:01:34,152 - pyskl - INFO - Evaluating top_k_accuracy ...
2023-03-07 18:01:34,154 - pyskl - INFO - 
top1_acc	0.9958
top5_acc	1.0000
2023-03-07 18:01:34,154 - pyskl - INFO - Epoch(val) [8][26]	top1_acc: 0.9958, top5_acc: 1.0000
2023-03-07 18:02:05,278 - pyskl - INFO - Epoch [9][50/314]	lr: 2.423e-02, eta: 0:05:51, time: 0.622, data_time: 0.555, memory: 646, top1_acc: 0.9997, top5_acc: 1.0000, loss_cls: 0.0026, loss: 0.0026
2023-03-07 18:02:07,362 - pyskl - INFO - Epoch [9][100/314]	lr: 2.345e-02, eta: 0:05:39, time: 0.042, data_time: 0.001, memory: 646, top1_acc: 0.9991, top5_acc: 1.0000, loss_cls: 0.0039, loss: 0.0039
2023-03-07 18:02:09,457 - pyskl - INFO - Epoch [9][150/314]	lr: 2.267e-02, eta: 0:05:27, time: 0.042, data_time: 0.000, memory: 646, top1_acc: 1.0000, top5_acc: 1.0000, loss_cls: 0.0019, loss: 0.0019
2023-03-07 18:02:11,563 - pyskl - INFO - Epoch [9][200/314]	lr: 2.190e-02, eta: 0:05:16, time: 0.042, data_time: 0.000, memory: 646, top1_acc: 1.0000, top5_acc: 1.0000, loss_cls: 0.0024, loss: 0.0024
2023-03-07 18:02:13,676 - pyskl - INFO - Epoch [9][250/314]	lr: 2.112e-02, eta: 0:05:06, time: 0.042, data_time: 0.000, memory: 646, top1_acc: 0.9997, top5_acc: 1.0000, loss_cls: 0.0024, loss: 0.0024
2023-03-07 18:02:15,771 - pyskl - INFO - Epoch [9][300/314]	lr: 2.035e-02, eta: 0:04:55, time: 0.042, data_time: 0.000, memory: 646, top1_acc: 1.0000, top5_acc: 1.0000, loss_cls: 0.0028, loss: 0.0028
2023-03-07 18:02:23,560 - pyskl - INFO - Saving checkpoint at 9 epochs
2023-03-07 18:03:37,028 - pyskl - INFO - Evaluating top_k_accuracy ...
2023-03-07 18:03:37,031 - pyskl - INFO - 
top1_acc	0.9976
top5_acc	1.0000
2023-03-07 18:03:37,036 - pyskl - INFO - The previous best checkpoint /workspaces/pyskl/work_dirs/stgcn/stgcn_pyskl_nuaa6/j_4/best_top1_acc_epoch_7.pth was removed
2023-03-07 18:03:37,099 - pyskl - INFO - Now best checkpoint is saved as best_top1_acc_epoch_9.pth.
2023-03-07 18:03:37,100 - pyskl - INFO - Best top1_acc is 0.9976 at 9 epoch.
2023-03-07 18:03:37,100 - pyskl - INFO - Epoch(val) [9][26]	top1_acc: 0.9976, top5_acc: 1.0000
2023-03-07 18:04:07,868 - pyskl - INFO - Epoch [10][50/314]	lr: 1.937e-02, eta: 0:05:03, time: 0.615, data_time: 0.384, memory: 646, top1_acc: 0.9988, top5_acc: 1.0000, loss_cls: 0.0066, loss: 0.0066
2023-03-07 18:04:09,951 - pyskl - INFO - Epoch [10][100/314]	lr: 1.862e-02, eta: 0:04:53, time: 0.042, data_time: 0.000, memory: 646, top1_acc: 1.0000, top5_acc: 1.0000, loss_cls: 0.0030, loss: 0.0030
2023-03-07 18:04:12,056 - pyskl - INFO - Epoch [10][150/314]	lr: 1.786e-02, eta: 0:04:42, time: 0.042, data_time: 0.000, memory: 646, top1_acc: 0.9991, top5_acc: 1.0000, loss_cls: 0.0039, loss: 0.0039
2023-03-07 18:04:14,147 - pyskl - INFO - Epoch [10][200/314]	lr: 1.712e-02, eta: 0:04:32, time: 0.042, data_time: 0.000, memory: 646, top1_acc: 1.0000, top5_acc: 1.0000, loss_cls: 0.0020, loss: 0.0020
2023-03-07 18:04:16,232 - pyskl - INFO - Epoch [10][250/314]	lr: 1.638e-02, eta: 0:04:22, time: 0.042, data_time: 0.000, memory: 646, top1_acc: 1.0000, top5_acc: 1.0000, loss_cls: 0.0012, loss: 0.0012
2023-03-07 18:04:18,327 - pyskl - INFO - Epoch [10][300/314]	lr: 1.565e-02, eta: 0:04:13, time: 0.042, data_time: 0.000, memory: 646, top1_acc: 1.0000, top5_acc: 1.0000, loss_cls: 0.0013, loss: 0.0013
2023-03-07 18:04:26,163 - pyskl - INFO - Saving checkpoint at 10 epochs
2023-03-07 18:05:39,426 - pyskl - INFO - Evaluating top_k_accuracy ...
2023-03-07 18:05:39,430 - pyskl - INFO - 
top1_acc	0.9976
top5_acc	1.0000
2023-03-07 18:05:39,431 - pyskl - INFO - Epoch(val) [10][26]	top1_acc: 0.9976, top5_acc: 1.0000
2023-03-07 18:06:14,416 - pyskl - INFO - Epoch [11][50/314]	lr: 1.473e-02, eta: 0:04:19, time: 0.699, data_time: 0.631, memory: 646, top1_acc: 1.0000, top5_acc: 1.0000, loss_cls: 0.0015, loss: 0.0015
2023-03-07 18:06:16,573 - pyskl - INFO - Epoch [11][100/314]	lr: 1.402e-02, eta: 0:04:10, time: 0.043, data_time: 0.000, memory: 646, top1_acc: 0.9997, top5_acc: 1.0000, loss_cls: 0.0018, loss: 0.0018
2023-03-07 18:06:18,709 - pyskl - INFO - Epoch [11][150/314]	lr: 1.333e-02, eta: 0:04:00, time: 0.043, data_time: 0.000, memory: 646, top1_acc: 1.0000, top5_acc: 1.0000, loss_cls: 0.0017, loss: 0.0017
2023-03-07 18:06:20,858 - pyskl - INFO - Epoch [11][200/314]	lr: 1.264e-02, eta: 0:03:51, time: 0.043, data_time: 0.000, memory: 646, top1_acc: 1.0000, top5_acc: 1.0000, loss_cls: 0.0012, loss: 0.0012
2023-03-07 18:06:22,960 - pyskl - INFO - Epoch [11][250/314]	lr: 1.197e-02, eta: 0:03:42, time: 0.042, data_time: 0.000, memory: 646, top1_acc: 1.0000, top5_acc: 1.0000, loss_cls: 0.0011, loss: 0.0011
2023-03-07 18:06:25,072 - pyskl - INFO - Epoch [11][300/314]	lr: 1.131e-02, eta: 0:03:33, time: 0.042, data_time: 0.000, memory: 646, top1_acc: 1.0000, top5_acc: 1.0000, loss_cls: 0.0020, loss: 0.0020
2023-03-07 18:06:28,666 - pyskl - INFO - Saving checkpoint at 11 epochs
2023-03-07 18:07:34,708 - pyskl - INFO - Evaluating top_k_accuracy ...
2023-03-07 18:07:34,711 - pyskl - INFO - 
top1_acc	0.9976
top5_acc	1.0000
2023-03-07 18:07:34,712 - pyskl - INFO - Epoch(val) [11][26]	top1_acc: 0.9976, top5_acc: 1.0000
2023-03-07 18:07:57,693 - pyskl - INFO - Epoch [12][50/314]	lr: 1.048e-02, eta: 0:03:30, time: 0.459, data_time: 0.392, memory: 646, top1_acc: 1.0000, top5_acc: 1.0000, loss_cls: 0.0019, loss: 0.0019
2023-03-07 18:07:59,846 - pyskl - INFO - Epoch [12][100/314]	lr: 9.851e-03, eta: 0:03:21, time: 0.043, data_time: 0.001, memory: 646, top1_acc: 1.0000, top5_acc: 1.0000, loss_cls: 0.0016, loss: 0.0016
2023-03-07 18:08:01,995 - pyskl - INFO - Epoch [12][150/314]	lr: 9.237e-03, eta: 0:03:13, time: 0.043, data_time: 0.000, memory: 646, top1_acc: 1.0000, top5_acc: 1.0000, loss_cls: 0.0012, loss: 0.0012
2023-03-07 18:08:04,143 - pyskl - INFO - Epoch [12][200/314]	lr: 8.638e-03, eta: 0:03:04, time: 0.043, data_time: 0.000, memory: 646, top1_acc: 0.9997, top5_acc: 1.0000, loss_cls: 0.0017, loss: 0.0017
2023-03-07 18:08:06,305 - pyskl - INFO - Epoch [12][250/314]	lr: 8.055e-03, eta: 0:02:56, time: 0.044, data_time: 0.001, memory: 646, top1_acc: 1.0000, top5_acc: 1.0000, loss_cls: 0.0010, loss: 0.0010
2023-03-07 18:08:08,425 - pyskl - INFO - Epoch [12][300/314]	lr: 7.489e-03, eta: 0:02:47, time: 0.042, data_time: 0.000, memory: 646, top1_acc: 1.0000, top5_acc: 1.0000, loss_cls: 0.0012, loss: 0.0012
2023-03-07 18:08:16,178 - pyskl - INFO - Saving checkpoint at 12 epochs
2023-03-07 18:09:34,900 - pyskl - INFO - Evaluating top_k_accuracy ...
2023-03-07 18:09:34,902 - pyskl - INFO - 
top1_acc	0.9976
top5_acc	1.0000
2023-03-07 18:09:34,902 - pyskl - INFO - Epoch(val) [12][26]	top1_acc: 0.9976, top5_acc: 1.0000
2023-03-07 18:10:10,880 - pyskl - INFO - Epoch [13][50/314]	lr: 6.789e-03, eta: 0:02:48, time: 0.719, data_time: 0.646, memory: 646, top1_acc: 0.9997, top5_acc: 1.0000, loss_cls: 0.0018, loss: 0.0018
2023-03-07 18:10:13,012 - pyskl - INFO - Epoch [13][100/314]	lr: 6.263e-03, eta: 0:02:39, time: 0.043, data_time: 0.000, memory: 646, top1_acc: 0.9997, top5_acc: 1.0000, loss_cls: 0.0015, loss: 0.0015
2023-03-07 18:10:15,152 - pyskl - INFO - Epoch [13][150/314]	lr: 5.754e-03, eta: 0:02:31, time: 0.043, data_time: 0.000, memory: 646, top1_acc: 1.0000, top5_acc: 1.0000, loss_cls: 0.0012, loss: 0.0012
2023-03-07 18:10:17,281 - pyskl - INFO - Epoch [13][200/314]	lr: 5.265e-03, eta: 0:02:23, time: 0.043, data_time: 0.001, memory: 646, top1_acc: 1.0000, top5_acc: 1.0000, loss_cls: 0.0010, loss: 0.0010
2023-03-07 18:10:19,502 - pyskl - INFO - Epoch [13][250/314]	lr: 4.795e-03, eta: 0:02:15, time: 0.044, data_time: 0.001, memory: 646, top1_acc: 1.0000, top5_acc: 1.0000, loss_cls: 0.0014, loss: 0.0014
2023-03-07 18:10:21,705 - pyskl - INFO - Epoch [13][300/314]	lr: 4.344e-03, eta: 0:02:07, time: 0.044, data_time: 0.001, memory: 646, top1_acc: 1.0000, top5_acc: 1.0000, loss_cls: 0.0010, loss: 0.0010
2023-03-07 18:10:25,296 - pyskl - INFO - Saving checkpoint at 13 epochs
2023-03-07 18:11:35,882 - pyskl - INFO - Evaluating top_k_accuracy ...
2023-03-07 18:11:35,885 - pyskl - INFO - 
top1_acc	0.9982
top5_acc	1.0000
2023-03-07 18:11:35,892 - pyskl - INFO - The previous best checkpoint /workspaces/pyskl/work_dirs/stgcn/stgcn_pyskl_nuaa6/j_4/best_top1_acc_epoch_9.pth was removed
2023-03-07 18:11:35,962 - pyskl - INFO - Now best checkpoint is saved as best_top1_acc_epoch_13.pth.
2023-03-07 18:11:35,962 - pyskl - INFO - Best top1_acc is 0.9982 at 13 epoch.
2023-03-07 18:11:35,963 - pyskl - INFO - Epoch(val) [13][26]	top1_acc: 0.9982, top5_acc: 1.0000
2023-03-07 18:12:10,745 - pyskl - INFO - Epoch [14][50/314]	lr: 3.798e-03, eta: 0:02:04, time: 0.695, data_time: 0.554, memory: 646, top1_acc: 1.0000, top5_acc: 1.0000, loss_cls: 0.0013, loss: 0.0013
2023-03-07 18:12:12,795 - pyskl - INFO - Epoch [14][100/314]	lr: 3.394e-03, eta: 0:01:56, time: 0.041, data_time: 0.000, memory: 646, top1_acc: 1.0000, top5_acc: 1.0000, loss_cls: 0.0015, loss: 0.0015
2023-03-07 18:12:14,931 - pyskl - INFO - Epoch [14][150/314]	lr: 3.011e-03, eta: 0:01:48, time: 0.043, data_time: 0.000, memory: 646, top1_acc: 1.0000, top5_acc: 1.0000, loss_cls: 0.0011, loss: 0.0011
2023-03-07 18:12:17,026 - pyskl - INFO - Epoch [14][200/314]	lr: 2.650e-03, eta: 0:01:41, time: 0.042, data_time: 0.000, memory: 646, top1_acc: 0.9997, top5_acc: 1.0000, loss_cls: 0.0013, loss: 0.0013
2023-03-07 18:12:19,096 - pyskl - INFO - Epoch [14][250/314]	lr: 2.311e-03, eta: 0:01:33, time: 0.042, data_time: 0.000, memory: 646, top1_acc: 1.0000, top5_acc: 1.0000, loss_cls: 0.0010, loss: 0.0010
2023-03-07 18:12:21,181 - pyskl - INFO - Epoch [14][300/314]	lr: 1.994e-03, eta: 0:01:26, time: 0.042, data_time: 0.000, memory: 646, top1_acc: 1.0000, top5_acc: 1.0000, loss_cls: 0.0009, loss: 0.0009
2023-03-07 18:12:25,394 - pyskl - INFO - Saving checkpoint at 14 epochs
2023-03-07 18:13:38,716 - pyskl - INFO - Evaluating top_k_accuracy ...
2023-03-07 18:13:38,719 - pyskl - INFO - 
top1_acc	0.9982
top5_acc	1.0000
2023-03-07 18:13:38,720 - pyskl - INFO - Epoch(val) [14][26]	top1_acc: 0.9982, top5_acc: 1.0000
2023-03-07 18:14:17,555 - pyskl - INFO - Epoch [15][50/314]	lr: 1.621e-03, eta: 0:01:21, time: 0.777, data_time: 0.717, memory: 646, top1_acc: 1.0000, top5_acc: 1.0000, loss_cls: 0.0011, loss: 0.0011
2023-03-07 18:14:19,606 - pyskl - INFO - Epoch [15][100/314]	lr: 1.355e-03, eta: 0:01:13, time: 0.041, data_time: 0.000, memory: 646, top1_acc: 1.0000, top5_acc: 1.0000, loss_cls: 0.0011, loss: 0.0011
2023-03-07 18:14:21,662 - pyskl - INFO - Epoch [15][150/314]	lr: 1.113e-03, eta: 0:01:06, time: 0.041, data_time: 0.000, memory: 646, top1_acc: 1.0000, top5_acc: 1.0000, loss_cls: 0.0010, loss: 0.0010
2023-03-07 18:14:23,758 - pyskl - INFO - Epoch [15][200/314]	lr: 8.942e-04, eta: 0:00:58, time: 0.042, data_time: 0.001, memory: 646, top1_acc: 1.0000, top5_acc: 1.0000, loss_cls: 0.0011, loss: 0.0011
2023-03-07 18:14:25,833 - pyskl - INFO - Epoch [15][250/314]	lr: 6.988e-04, eta: 0:00:51, time: 0.041, data_time: 0.000, memory: 646, top1_acc: 0.9997, top5_acc: 1.0000, loss_cls: 0.0012, loss: 0.0012
2023-03-07 18:14:28,959 - pyskl - INFO - Epoch [15][300/314]	lr: 5.272e-04, eta: 0:00:44, time: 0.063, data_time: 0.021, memory: 646, top1_acc: 0.9997, top5_acc: 1.0000, loss_cls: 0.0012, loss: 0.0012
2023-03-07 18:14:35,914 - pyskl - INFO - Saving checkpoint at 15 epochs
2023-03-07 18:15:41,143 - pyskl - INFO - Evaluating top_k_accuracy ...
2023-03-07 18:15:41,145 - pyskl - INFO - 
top1_acc	0.9982
top5_acc	1.0000
2023-03-07 18:15:41,146 - pyskl - INFO - Epoch(val) [15][26]	top1_acc: 0.9982, top5_acc: 1.0000
2023-03-07 18:16:23,842 - pyskl - INFO - Epoch [16][50/314]	lr: 3.425e-04, eta: 0:00:37, time: 0.854, data_time: 0.747, memory: 646, top1_acc: 1.0000, top5_acc: 1.0000, loss_cls: 0.0012, loss: 0.0012
2023-03-07 18:16:25,861 - pyskl - INFO - Epoch [16][100/314]	lr: 2.256e-04, eta: 0:00:30, time: 0.040, data_time: 0.000, memory: 646, top1_acc: 1.0000, top5_acc: 1.0000, loss_cls: 0.0010, loss: 0.0010
2023-03-07 18:16:27,928 - pyskl - INFO - Epoch [16][150/314]	lr: 1.330e-04, eta: 0:00:23, time: 0.041, data_time: 0.000, memory: 646, top1_acc: 1.0000, top5_acc: 1.0000, loss_cls: 0.0008, loss: 0.0008
2023-03-07 18:16:30,084 - pyskl - INFO - Epoch [16][200/314]	lr: 6.461e-05, eta: 0:00:15, time: 0.043, data_time: 0.000, memory: 646, top1_acc: 1.0000, top5_acc: 1.0000, loss_cls: 0.0009, loss: 0.0009
2023-03-07 18:16:32,155 - pyskl - INFO - Epoch [16][250/314]	lr: 2.065e-05, eta: 0:00:08, time: 0.041, data_time: 0.000, memory: 646, top1_acc: 1.0000, top5_acc: 1.0000, loss_cls: 0.0009, loss: 0.0009
2023-03-07 18:16:34,227 - pyskl - INFO - Epoch [16][300/314]	lr: 1.100e-06, eta: 0:00:01, time: 0.041, data_time: 0.000, memory: 646, top1_acc: 1.0000, top5_acc: 1.0000, loss_cls: 0.0011, loss: 0.0011
2023-03-07 18:16:38,290 - pyskl - INFO - Saving checkpoint at 16 epochs
2023-03-07 18:17:35,364 - pyskl - INFO - Evaluating top_k_accuracy ...
2023-03-07 18:17:35,367 - pyskl - INFO - 
top1_acc	0.9976
top5_acc	1.0000
2023-03-07 18:17:35,368 - pyskl - INFO - Epoch(val) [16][26]	top1_acc: 0.9976, top5_acc: 1.0000
2023-03-07 18:17:38,610 - pyskl - INFO - 1649 videos remain after valid thresholding
2023-03-07 18:19:37,468 - pyskl - INFO - Testing results of the last checkpoint
2023-03-07 18:19:37,469 - pyskl - INFO - top1_acc: 0.9976
2023-03-07 18:19:37,469 - pyskl - INFO - top5_acc: 1.0000
2023-03-07 18:19:37,471 - pyskl - INFO - load checkpoint from local path: ./work_dirs/stgcn/stgcn_pyskl_nuaa6/j_4/best_top1_acc_epoch_13.pth
2023-03-07 18:20:34,817 - pyskl - INFO - Testing results of the best checkpoint
2023-03-07 18:20:34,818 - pyskl - INFO - top1_acc: 0.9982
2023-03-07 18:20:34,818 - pyskl - INFO - top5_acc: 1.0000
