2023-03-07 16:14:03,496 - pyskl - INFO - Environment info:
------------------------------------------------------------
sys.platform: linux
Python: 3.7.15 (default, Nov 24 2022, 21:12:53) [GCC 11.2.0]
CUDA available: True
GPU 0,1,2,3: NVIDIA TITAN RTX
CUDA_HOME: /usr/local/cuda
NVCC: Cuda compilation tools, release 11.0, V11.0.221
GCC: gcc (Ubuntu 9.4.0-1ubuntu1~20.04.1) 9.4.0
PyTorch: 1.10.0
PyTorch compiling details: PyTorch built with:
  - GCC 7.3
  - C++ Version: 201402
  - Intel(R) oneAPI Math Kernel Library Version 2021.4-Product Build 20210904 for Intel(R) 64 architecture applications
  - Intel(R) MKL-DNN v2.2.3 (Git Hash 7336ca9f055cf1bfa13efb658fe15dc9b41f0740)
  - OpenMP 201511 (a.k.a. OpenMP 4.5)
  - LAPACK is enabled (usually provided by MKL)
  - NNPACK is enabled
  - CPU capability usage: AVX512
  - CUDA Runtime 10.2
  - NVCC architecture flags: -gencode;arch=compute_37,code=sm_37;-gencode;arch=compute_50,code=sm_50;-gencode;arch=compute_60,code=sm_60;-gencode;arch=compute_61,code=sm_61;-gencode;arch=compute_70,code=sm_70;-gencode;arch=compute_75,code=sm_75;-gencode;arch=compute_37,code=compute_37
  - CuDNN 7.6.5
  - Magma 2.5.2
  - Build settings: BLAS_INFO=mkl, BUILD_TYPE=Release, CUDA_VERSION=10.2, CUDNN_VERSION=7.6.5, CXX_COMPILER=/opt/rh/devtoolset-7/root/usr/bin/c++, CXX_FLAGS= -Wno-deprecated -fvisibility-inlines-hidden -DUSE_PTHREADPOOL -fopenmp -DNDEBUG -DUSE_KINETO -DUSE_FBGEMM -DUSE_QNNPACK -DUSE_PYTORCH_QNNPACK -DUSE_XNNPACK -DSYMBOLICATE_MOBILE_DEBUG_HANDLE -DEDGE_PROFILER_USE_KINETO -O2 -fPIC -Wno-narrowing -Wall -Wextra -Werror=return-type -Wno-missing-field-initializers -Wno-type-limits -Wno-array-bounds -Wno-unknown-pragmas -Wno-sign-compare -Wno-unused-parameter -Wno-unused-variable -Wno-unused-function -Wno-unused-result -Wno-unused-local-typedefs -Wno-strict-overflow -Wno-strict-aliasing -Wno-error=deprecated-declarations -Wno-stringop-overflow -Wno-psabi -Wno-error=pedantic -Wno-error=redundant-decls -Wno-error=old-style-cast -fdiagnostics-color=always -faligned-new -Wno-unused-but-set-variable -Wno-maybe-uninitialized -fno-math-errno -fno-trapping-math -Werror=format -Wno-stringop-overflow, LAPACK_INFO=mkl, PERF_WITH_AVX=1, PERF_WITH_AVX2=1, PERF_WITH_AVX512=1, TORCH_VERSION=1.10.0, USE_CUDA=ON, USE_CUDNN=ON, USE_EXCEPTION_PTR=1, USE_GFLAGS=OFF, USE_GLOG=OFF, USE_MKL=ON, USE_MKLDNN=ON, USE_MPI=OFF, USE_NCCL=ON, USE_NNPACK=ON, USE_OPENMP=ON, 

TorchVision: 0.11.0
OpenCV: 4.6.0
MMCV: 1.5.0
MMCV Compiler: GCC 7.3
MMCV CUDA Compiler: 10.2
pyskl: 0.1.0+bd46e96
------------------------------------------------------------

2023-03-07 16:14:03,848 - pyskl - INFO - Config: model = dict(
    type='RecognizerGCN',
    backbone=dict(
        type='STGCN', graph_cfg=dict(layout='coco', mode='stgcn_spatial')),
    cls_head=dict(type='GCNHead', num_classes=6, in_channels=256))
dataset_type = 'PoseDataset'
ann_file = 'workspace/data/nuaa6.pkl'
train_pipeline = [
    dict(type='PreNormalize2D'),
    dict(type='GenSkeFeat', dataset='coco', feats=['j']),
    dict(type='UniformSample', clip_len=100, seed=150),
    dict(type='PoseDecode'),
    dict(type='FormatGCNInput', num_person=1),
    dict(type='Collect', keys=['keypoint', 'label'], meta_keys=[]),
    dict(type='ToTensor', keys=['keypoint'])
]
val_pipeline = [
    dict(type='PreNormalize2D'),
    dict(type='GenSkeFeat', dataset='coco', feats=['j']),
    dict(type='UniformSample', clip_len=100, num_clips=1),
    dict(type='PoseDecode'),
    dict(type='FormatGCNInput', num_person=1),
    dict(type='Collect', keys=['keypoint', 'label'], meta_keys=[]),
    dict(type='ToTensor', keys=['keypoint'])
]
test_pipeline = [
    dict(type='PreNormalize2D'),
    dict(type='GenSkeFeat', dataset='coco', feats=['j']),
    dict(type='UniformSample', clip_len=100, num_clips=10, seed=2),
    dict(type='PoseDecode'),
    dict(type='FormatGCNInput', num_person=1),
    dict(type='Collect', keys=['keypoint', 'label'], meta_keys=[]),
    dict(type='ToTensor', keys=['keypoint'])
]
data = dict(
    videos_per_gpu=16,
    workers_per_gpu=2,
    test_dataloader=dict(videos_per_gpu=1),
    train=dict(
        type='RepeatDataset',
        times=5,
        dataset=dict(
            type='PoseDataset',
            ann_file='workspace/data/nuaa6.pkl',
            pipeline=[
                dict(type='PreNormalize2D'),
                dict(type='GenSkeFeat', dataset='coco', feats=['j']),
                dict(type='UniformSample', clip_len=100, seed=150),
                dict(type='PoseDecode'),
                dict(type='FormatGCNInput', num_person=1),
                dict(type='Collect', keys=['keypoint', 'label'], meta_keys=[]),
                dict(type='ToTensor', keys=['keypoint'])
            ],
            split='xsub_train')),
    val=dict(
        type='PoseDataset',
        ann_file='workspace/data/nuaa6.pkl',
        pipeline=[
            dict(type='PreNormalize2D'),
            dict(type='GenSkeFeat', dataset='coco', feats=['j']),
            dict(type='UniformSample', clip_len=100, num_clips=1),
            dict(type='PoseDecode'),
            dict(type='FormatGCNInput', num_person=1),
            dict(type='Collect', keys=['keypoint', 'label'], meta_keys=[]),
            dict(type='ToTensor', keys=['keypoint'])
        ],
        split='xsub_val'),
    test=dict(
        type='PoseDataset',
        ann_file='workspace/data/nuaa6.pkl',
        pipeline=[
            dict(type='PreNormalize2D'),
            dict(type='GenSkeFeat', dataset='coco', feats=['j']),
            dict(type='UniformSample', clip_len=100, num_clips=10, seed=2),
            dict(type='PoseDecode'),
            dict(type='FormatGCNInput', num_person=1),
            dict(type='Collect', keys=['keypoint', 'label'], meta_keys=[]),
            dict(type='ToTensor', keys=['keypoint'])
        ],
        split='xsub_val'))
optimizer = dict(
    type='SGD', lr=0.05, momentum=0.9, weight_decay=0.0005, nesterov=True)
optimizer_config = dict(grad_clip=None)
lr_config = dict(policy='CosineAnnealing', min_lr=0, by_epoch=False)
total_epochs = 16
checkpoint_config = dict(interval=1)
evaluation = dict(interval=1, metrics=['top_k_accuracy'])
log_config = dict(interval=50, hooks=[dict(type='TextLoggerHook')])
log_level = 'INFO'
work_dir = './work_dirs/stgcn/stgcn_pyskl_nuaa6/j_3'
dist_params = dict(backend='nccl')
gpu_ids = range(0, 4)

2023-03-07 16:19:04,019 - pyskl - INFO - Set random seed to 979858129, deterministic: False
2023-03-07 16:19:04,442 - pyskl - INFO - 4010 videos remain after valid thresholding
2023-03-07 16:19:08,447 - pyskl - INFO - 1649 videos remain after valid thresholding
2023-03-07 16:19:08,448 - pyskl - INFO - Start running, host: root@518b9ea961fb, work_dir: /workspaces/pyskl/work_dirs/stgcn/stgcn_pyskl_nuaa6/j_3
2023-03-07 16:19:08,448 - pyskl - INFO - Hooks will be executed in the following order:
before_run:
(VERY_HIGH   ) CosineAnnealingLrUpdaterHook       
(NORMAL      ) CheckpointHook                     
(NORMAL      ) DistEvalHook                       
(VERY_LOW    ) TextLoggerHook                     
 -------------------- 
before_train_epoch:
(VERY_HIGH   ) CosineAnnealingLrUpdaterHook       
(NORMAL      ) DistSamplerSeedHook                
(NORMAL      ) DistEvalHook                       
(LOW         ) IterTimerHook                      
(VERY_LOW    ) TextLoggerHook                     
 -------------------- 
before_train_iter:
(VERY_HIGH   ) CosineAnnealingLrUpdaterHook       
(NORMAL      ) DistEvalHook                       
(LOW         ) IterTimerHook                      
 -------------------- 
after_train_iter:
(ABOVE_NORMAL) OptimizerHook                      
(NORMAL      ) CheckpointHook                     
(NORMAL      ) DistEvalHook                       
(LOW         ) IterTimerHook                      
(VERY_LOW    ) TextLoggerHook                     
 -------------------- 
after_train_epoch:
(NORMAL      ) CheckpointHook                     
(NORMAL      ) DistEvalHook                       
(VERY_LOW    ) TextLoggerHook                     
 -------------------- 
before_val_epoch:
(NORMAL      ) DistSamplerSeedHook                
(LOW         ) IterTimerHook                      
(VERY_LOW    ) TextLoggerHook                     
 -------------------- 
before_val_iter:
(LOW         ) IterTimerHook                      
 -------------------- 
after_val_iter:
(LOW         ) IterTimerHook                      
 -------------------- 
after_val_epoch:
(VERY_LOW    ) TextLoggerHook                     
 -------------------- 
after_run:
(VERY_LOW    ) TextLoggerHook                     
 -------------------- 
2023-03-07 16:19:08,449 - pyskl - INFO - workflow: [('train', 1)], max: 16 epochs
2023-03-07 16:19:08,449 - pyskl - INFO - Checkpoints will be saved to /workspaces/pyskl/work_dirs/stgcn/stgcn_pyskl_nuaa6/j_3 by HardDiskBackend.
2023-03-07 16:20:20,861 - pyskl - INFO - Epoch [1][50/314]	lr: 4.999e-02, eta: 2:00:02, time: 1.448, data_time: 0.968, memory: 646, top1_acc: 0.3362, top5_acc: 0.9722, loss_cls: 1.5649, loss: 1.5649
2023-03-07 16:20:22,990 - pyskl - INFO - Epoch [1][100/314]	lr: 4.995e-02, eta: 1:01:09, time: 0.043, data_time: 0.000, memory: 646, top1_acc: 0.6012, top5_acc: 0.9997, loss_cls: 0.8240, loss: 0.8240
2023-03-07 16:20:25,160 - pyskl - INFO - Epoch [1][150/314]	lr: 4.989e-02, eta: 0:41:32, time: 0.043, data_time: 0.001, memory: 646, top1_acc: 0.8203, top5_acc: 1.0000, loss_cls: 0.3959, loss: 0.3959
2023-03-07 16:20:27,315 - pyskl - INFO - Epoch [1][200/314]	lr: 4.981e-02, eta: 0:31:41, time: 0.043, data_time: 0.000, memory: 646, top1_acc: 0.9291, top5_acc: 1.0000, loss_cls: 0.1857, loss: 0.1857
2023-03-07 16:20:29,477 - pyskl - INFO - Epoch [1][250/314]	lr: 4.970e-02, eta: 0:25:46, time: 0.043, data_time: 0.000, memory: 646, top1_acc: 0.9681, top5_acc: 1.0000, loss_cls: 0.0941, loss: 0.0941
2023-03-07 16:20:31,645 - pyskl - INFO - Epoch [1][300/314]	lr: 4.956e-02, eta: 0:21:49, time: 0.043, data_time: 0.001, memory: 646, top1_acc: 0.9741, top5_acc: 1.0000, loss_cls: 0.0767, loss: 0.0767
2023-03-07 16:20:35,231 - pyskl - INFO - Saving checkpoint at 1 epochs
2023-03-07 16:21:28,916 - pyskl - INFO - Evaluating top_k_accuracy ...
2023-03-07 16:21:28,919 - pyskl - INFO - 
top1_acc	0.9903
top5_acc	1.0000
2023-03-07 16:21:28,994 - pyskl - INFO - Now best checkpoint is saved as best_top1_acc_epoch_1.pth.
2023-03-07 16:21:28,994 - pyskl - INFO - Best top1_acc is 0.9903 at 1 epoch.
2023-03-07 16:21:28,994 - pyskl - INFO - Epoch(val) [1][26]	top1_acc: 0.9903, top5_acc: 1.0000
2023-03-07 16:22:04,028 - pyskl - INFO - Epoch [2][50/314]	lr: 4.936e-02, eta: 0:25:13, time: 0.700, data_time: 0.642, memory: 646, top1_acc: 0.9778, top5_acc: 0.9997, loss_cls: 0.0673, loss: 0.0673
2023-03-07 16:22:06,162 - pyskl - INFO - Epoch [2][100/314]	lr: 4.917e-02, eta: 0:22:20, time: 0.043, data_time: 0.001, memory: 646, top1_acc: 0.9862, top5_acc: 1.0000, loss_cls: 0.0462, loss: 0.0462
2023-03-07 16:22:08,299 - pyskl - INFO - Epoch [2][150/314]	lr: 4.896e-02, eta: 0:20:03, time: 0.043, data_time: 0.000, memory: 646, top1_acc: 0.9856, top5_acc: 1.0000, loss_cls: 0.0432, loss: 0.0432
2023-03-07 16:22:10,480 - pyskl - INFO - Epoch [2][200/314]	lr: 4.872e-02, eta: 0:18:13, time: 0.043, data_time: 0.000, memory: 646, top1_acc: 0.9825, top5_acc: 1.0000, loss_cls: 0.0493, loss: 0.0493
2023-03-07 16:22:12,645 - pyskl - INFO - Epoch [2][250/314]	lr: 4.847e-02, eta: 0:16:42, time: 0.044, data_time: 0.001, memory: 646, top1_acc: 0.9853, top5_acc: 1.0000, loss_cls: 0.0435, loss: 0.0435
2023-03-07 16:22:14,829 - pyskl - INFO - Epoch [2][300/314]	lr: 4.819e-02, eta: 0:15:26, time: 0.044, data_time: 0.000, memory: 646, top1_acc: 0.9866, top5_acc: 1.0000, loss_cls: 0.0400, loss: 0.0400
2023-03-07 16:22:18,208 - pyskl - INFO - Saving checkpoint at 2 epochs
2023-03-07 16:23:16,123 - pyskl - INFO - Evaluating top_k_accuracy ...
2023-03-07 16:23:16,125 - pyskl - INFO - 
top1_acc	0.9788
top5_acc	1.0000
2023-03-07 16:23:16,126 - pyskl - INFO - Epoch(val) [2][26]	top1_acc: 0.9788, top5_acc: 1.0000
2023-03-07 16:24:12,192 - pyskl - INFO - Epoch [3][50/314]	lr: 4.779e-02, eta: 0:19:46, time: 1.121, data_time: 1.048, memory: 646, top1_acc: 0.9922, top5_acc: 1.0000, loss_cls: 0.0240, loss: 0.0240
2023-03-07 16:24:14,427 - pyskl - INFO - Epoch [3][100/314]	lr: 4.746e-02, eta: 0:18:25, time: 0.045, data_time: 0.001, memory: 646, top1_acc: 0.9953, top5_acc: 1.0000, loss_cls: 0.0154, loss: 0.0154
2023-03-07 16:24:16,574 - pyskl - INFO - Epoch [3][150/314]	lr: 4.711e-02, eta: 0:17:13, time: 0.043, data_time: 0.001, memory: 646, top1_acc: 0.9881, top5_acc: 1.0000, loss_cls: 0.0335, loss: 0.0335
2023-03-07 16:24:18,853 - pyskl - INFO - Epoch [3][200/314]	lr: 4.673e-02, eta: 0:16:11, time: 0.046, data_time: 0.001, memory: 646, top1_acc: 0.9897, top5_acc: 1.0000, loss_cls: 0.0298, loss: 0.0298
2023-03-07 16:24:21,030 - pyskl - INFO - Epoch [3][250/314]	lr: 4.633e-02, eta: 0:15:15, time: 0.044, data_time: 0.000, memory: 646, top1_acc: 0.9922, top5_acc: 1.0000, loss_cls: 0.0270, loss: 0.0270
2023-03-07 16:24:23,178 - pyskl - INFO - Epoch [3][300/314]	lr: 4.592e-02, eta: 0:14:25, time: 0.043, data_time: 0.001, memory: 646, top1_acc: 0.9903, top5_acc: 1.0000, loss_cls: 0.0245, loss: 0.0245
2023-03-07 16:24:26,187 - pyskl - INFO - Saving checkpoint at 3 epochs
2023-03-07 16:25:28,146 - pyskl - INFO - Evaluating top_k_accuracy ...
2023-03-07 16:25:28,148 - pyskl - INFO - 
top1_acc	0.9794
top5_acc	1.0000
2023-03-07 16:25:28,149 - pyskl - INFO - Epoch(val) [3][26]	top1_acc: 0.9794, top5_acc: 1.0000
2023-03-07 16:26:40,147 - pyskl - INFO - Epoch [4][50/314]	lr: 4.535e-02, eta: 0:18:09, time: 1.440, data_time: 1.291, memory: 646, top1_acc: 0.9919, top5_acc: 1.0000, loss_cls: 0.0231, loss: 0.0231
2023-03-07 16:26:42,295 - pyskl - INFO - Epoch [4][100/314]	lr: 4.489e-02, eta: 0:17:12, time: 0.043, data_time: 0.000, memory: 646, top1_acc: 0.9941, top5_acc: 1.0000, loss_cls: 0.0179, loss: 0.0179
2023-03-07 16:26:44,418 - pyskl - INFO - Epoch [4][150/314]	lr: 4.440e-02, eta: 0:16:20, time: 0.042, data_time: 0.001, memory: 646, top1_acc: 0.9947, top5_acc: 1.0000, loss_cls: 0.0149, loss: 0.0149
2023-03-07 16:26:46,560 - pyskl - INFO - Epoch [4][200/314]	lr: 4.390e-02, eta: 0:15:32, time: 0.043, data_time: 0.000, memory: 646, top1_acc: 0.9953, top5_acc: 1.0000, loss_cls: 0.0137, loss: 0.0137
2023-03-07 16:26:48,677 - pyskl - INFO - Epoch [4][250/314]	lr: 4.338e-02, eta: 0:14:49, time: 0.042, data_time: 0.000, memory: 646, top1_acc: 0.9950, top5_acc: 1.0000, loss_cls: 0.0161, loss: 0.0161
2023-03-07 16:26:50,826 - pyskl - INFO - Epoch [4][300/314]	lr: 4.284e-02, eta: 0:14:08, time: 0.043, data_time: 0.001, memory: 646, top1_acc: 0.9931, top5_acc: 1.0000, loss_cls: 0.0197, loss: 0.0197
2023-03-07 16:26:54,413 - pyskl - INFO - Saving checkpoint at 4 epochs
2023-03-07 16:27:47,800 - pyskl - INFO - Evaluating top_k_accuracy ...
2023-03-07 16:27:47,803 - pyskl - INFO - 
top1_acc	0.9903
top5_acc	1.0000
2023-03-07 16:27:47,803 - pyskl - INFO - Epoch(val) [4][26]	top1_acc: 0.9903, top5_acc: 1.0000
2023-03-07 16:28:43,546 - pyskl - INFO - Epoch [5][50/314]	lr: 4.213e-02, eta: 0:15:52, time: 1.115, data_time: 1.050, memory: 646, top1_acc: 0.9938, top5_acc: 1.0000, loss_cls: 0.0173, loss: 0.0173
2023-03-07 16:28:45,763 - pyskl - INFO - Epoch [5][100/314]	lr: 4.155e-02, eta: 0:15:10, time: 0.044, data_time: 0.001, memory: 646, top1_acc: 0.9934, top5_acc: 1.0000, loss_cls: 0.0180, loss: 0.0180
2023-03-07 16:28:47,901 - pyskl - INFO - Epoch [5][150/314]	lr: 4.096e-02, eta: 0:14:31, time: 0.043, data_time: 0.001, memory: 646, top1_acc: 0.9972, top5_acc: 1.0000, loss_cls: 0.0129, loss: 0.0129
2023-03-07 16:28:50,023 - pyskl - INFO - Epoch [5][200/314]	lr: 4.035e-02, eta: 0:13:55, time: 0.042, data_time: 0.000, memory: 646, top1_acc: 0.9978, top5_acc: 1.0000, loss_cls: 0.0114, loss: 0.0114
2023-03-07 16:28:52,150 - pyskl - INFO - Epoch [5][250/314]	lr: 3.972e-02, eta: 0:13:21, time: 0.043, data_time: 0.000, memory: 646, top1_acc: 0.9953, top5_acc: 1.0000, loss_cls: 0.0154, loss: 0.0154
2023-03-07 16:28:54,299 - pyskl - INFO - Epoch [5][300/314]	lr: 3.908e-02, eta: 0:12:49, time: 0.043, data_time: 0.000, memory: 646, top1_acc: 0.9953, top5_acc: 1.0000, loss_cls: 0.0127, loss: 0.0127
2023-03-07 16:29:01,892 - pyskl - INFO - Saving checkpoint at 5 epochs
2023-03-07 16:29:59,564 - pyskl - INFO - Evaluating top_k_accuracy ...
2023-03-07 16:29:59,567 - pyskl - INFO - 
top1_acc	0.9861
top5_acc	1.0000
2023-03-07 16:29:59,568 - pyskl - INFO - Epoch(val) [5][26]	top1_acc: 0.9861, top5_acc: 1.0000
2023-03-07 16:31:04,298 - pyskl - INFO - Epoch [6][50/314]	lr: 3.825e-02, eta: 0:14:21, time: 1.294, data_time: 1.221, memory: 646, top1_acc: 0.9950, top5_acc: 1.0000, loss_cls: 0.0169, loss: 0.0169
2023-03-07 16:31:06,646 - pyskl - INFO - Epoch [6][100/314]	lr: 3.758e-02, eta: 0:13:47, time: 0.047, data_time: 0.001, memory: 646, top1_acc: 0.9956, top5_acc: 1.0000, loss_cls: 0.0107, loss: 0.0107
2023-03-07 16:31:08,900 - pyskl - INFO - Epoch [6][150/314]	lr: 3.690e-02, eta: 0:13:16, time: 0.045, data_time: 0.000, memory: 646, top1_acc: 0.9969, top5_acc: 1.0000, loss_cls: 0.0124, loss: 0.0124
2023-03-07 16:31:11,171 - pyskl - INFO - Epoch [6][200/314]	lr: 3.620e-02, eta: 0:12:46, time: 0.045, data_time: 0.000, memory: 646, top1_acc: 0.9975, top5_acc: 1.0000, loss_cls: 0.0074, loss: 0.0074
2023-03-07 16:31:13,370 - pyskl - INFO - Epoch [6][250/314]	lr: 3.550e-02, eta: 0:12:17, time: 0.044, data_time: 0.000, memory: 646, top1_acc: 0.9978, top5_acc: 1.0000, loss_cls: 0.0098, loss: 0.0098
2023-03-07 16:31:15,553 - pyskl - INFO - Epoch [6][300/314]	lr: 3.478e-02, eta: 0:11:50, time: 0.044, data_time: 0.000, memory: 646, top1_acc: 0.9988, top5_acc: 1.0000, loss_cls: 0.0074, loss: 0.0074
2023-03-07 16:31:22,404 - pyskl - INFO - Saving checkpoint at 6 epochs
2023-03-07 16:32:19,835 - pyskl - INFO - Evaluating top_k_accuracy ...
2023-03-07 16:32:19,837 - pyskl - INFO - 
top1_acc	0.9945
top5_acc	1.0000
2023-03-07 16:32:19,843 - pyskl - INFO - The previous best checkpoint /workspaces/pyskl/work_dirs/stgcn/stgcn_pyskl_nuaa6/j_3/best_top1_acc_epoch_1.pth was removed
2023-03-07 16:32:19,912 - pyskl - INFO - Now best checkpoint is saved as best_top1_acc_epoch_6.pth.
2023-03-07 16:32:19,912 - pyskl - INFO - Best top1_acc is 0.9945 at 6 epoch.
2023-03-07 16:32:19,913 - pyskl - INFO - Epoch(val) [6][26]	top1_acc: 0.9945, top5_acc: 1.0000
2023-03-07 16:33:15,620 - pyskl - INFO - Epoch [7][50/314]	lr: 3.386e-02, eta: 0:12:41, time: 1.114, data_time: 1.044, memory: 646, top1_acc: 0.9981, top5_acc: 1.0000, loss_cls: 0.0054, loss: 0.0054
2023-03-07 16:33:17,785 - pyskl - INFO - Epoch [7][100/314]	lr: 3.312e-02, eta: 0:12:13, time: 0.043, data_time: 0.001, memory: 646, top1_acc: 0.9972, top5_acc: 1.0000, loss_cls: 0.0073, loss: 0.0073
2023-03-07 16:33:19,902 - pyskl - INFO - Epoch [7][150/314]	lr: 3.238e-02, eta: 0:11:47, time: 0.042, data_time: 0.000, memory: 646, top1_acc: 0.9975, top5_acc: 1.0000, loss_cls: 0.0086, loss: 0.0086
2023-03-07 16:33:22,017 - pyskl - INFO - Epoch [7][200/314]	lr: 3.163e-02, eta: 0:11:21, time: 0.042, data_time: 0.001, memory: 646, top1_acc: 0.9975, top5_acc: 1.0000, loss_cls: 0.0084, loss: 0.0084
2023-03-07 16:33:24,118 - pyskl - INFO - Epoch [7][250/314]	lr: 3.087e-02, eta: 0:10:57, time: 0.042, data_time: 0.000, memory: 646, top1_acc: 0.9969, top5_acc: 1.0000, loss_cls: 0.0119, loss: 0.0119
2023-03-07 16:33:26,221 - pyskl - INFO - Epoch [7][300/314]	lr: 3.011e-02, eta: 0:10:33, time: 0.042, data_time: 0.000, memory: 646, top1_acc: 0.9981, top5_acc: 1.0000, loss_cls: 0.0066, loss: 0.0066
2023-03-07 16:33:34,269 - pyskl - INFO - Saving checkpoint at 7 epochs
2023-03-07 16:34:31,892 - pyskl - INFO - Evaluating top_k_accuracy ...
2023-03-07 16:34:31,894 - pyskl - INFO - 
top1_acc	0.9964
top5_acc	1.0000
2023-03-07 16:34:31,899 - pyskl - INFO - The previous best checkpoint /workspaces/pyskl/work_dirs/stgcn/stgcn_pyskl_nuaa6/j_3/best_top1_acc_epoch_6.pth was removed
2023-03-07 16:34:31,968 - pyskl - INFO - Now best checkpoint is saved as best_top1_acc_epoch_7.pth.
2023-03-07 16:34:31,968 - pyskl - INFO - Best top1_acc is 0.9964 at 7 epoch.
2023-03-07 16:34:31,968 - pyskl - INFO - Epoch(val) [7][26]	top1_acc: 0.9964, top5_acc: 1.0000
2023-03-07 16:35:27,691 - pyskl - INFO - Epoch [8][50/314]	lr: 2.912e-02, eta: 0:11:10, time: 1.114, data_time: 0.885, memory: 646, top1_acc: 0.9988, top5_acc: 1.0000, loss_cls: 0.0056, loss: 0.0056
2023-03-07 16:35:29,845 - pyskl - INFO - Epoch [8][100/314]	lr: 2.835e-02, eta: 0:10:46, time: 0.043, data_time: 0.001, memory: 646, top1_acc: 0.9966, top5_acc: 1.0000, loss_cls: 0.0077, loss: 0.0077
2023-03-07 16:35:31,978 - pyskl - INFO - Epoch [8][150/314]	lr: 2.757e-02, eta: 0:10:23, time: 0.043, data_time: 0.000, memory: 646, top1_acc: 0.9991, top5_acc: 1.0000, loss_cls: 0.0039, loss: 0.0039
2023-03-07 16:35:34,110 - pyskl - INFO - Epoch [8][200/314]	lr: 2.680e-02, eta: 0:10:01, time: 0.043, data_time: 0.000, memory: 646, top1_acc: 0.9975, top5_acc: 1.0000, loss_cls: 0.0083, loss: 0.0083
2023-03-07 16:35:36,258 - pyskl - INFO - Epoch [8][250/314]	lr: 2.602e-02, eta: 0:09:40, time: 0.043, data_time: 0.000, memory: 646, top1_acc: 0.9988, top5_acc: 1.0000, loss_cls: 0.0056, loss: 0.0056
2023-03-07 16:35:38,356 - pyskl - INFO - Epoch [8][300/314]	lr: 2.523e-02, eta: 0:09:20, time: 0.042, data_time: 0.000, memory: 646, top1_acc: 1.0000, top5_acc: 1.0000, loss_cls: 0.0024, loss: 0.0024
2023-03-07 16:35:42,175 - pyskl - INFO - Saving checkpoint at 8 epochs
2023-03-07 16:36:44,149 - pyskl - INFO - Evaluating top_k_accuracy ...
2023-03-07 16:36:44,151 - pyskl - INFO - 
top1_acc	0.9964
top5_acc	1.0000
2023-03-07 16:36:44,152 - pyskl - INFO - Epoch(val) [8][26]	top1_acc: 0.9964, top5_acc: 1.0000
2023-03-07 16:37:39,973 - pyskl - INFO - Epoch [9][50/314]	lr: 2.423e-02, eta: 0:09:45, time: 1.116, data_time: 1.045, memory: 646, top1_acc: 0.9997, top5_acc: 1.0000, loss_cls: 0.0022, loss: 0.0022
2023-03-07 16:37:42,144 - pyskl - INFO - Epoch [9][100/314]	lr: 2.345e-02, eta: 0:09:24, time: 0.043, data_time: 0.001, memory: 646, top1_acc: 0.9997, top5_acc: 1.0000, loss_cls: 0.0022, loss: 0.0022
2023-03-07 16:37:44,243 - pyskl - INFO - Epoch [9][150/314]	lr: 2.267e-02, eta: 0:09:04, time: 0.042, data_time: 0.000, memory: 646, top1_acc: 0.9988, top5_acc: 1.0000, loss_cls: 0.0035, loss: 0.0035
2023-03-07 16:37:46,346 - pyskl - INFO - Epoch [9][200/314]	lr: 2.190e-02, eta: 0:08:45, time: 0.042, data_time: 0.001, memory: 646, top1_acc: 0.9988, top5_acc: 1.0000, loss_cls: 0.0048, loss: 0.0048
2023-03-07 16:37:48,453 - pyskl - INFO - Epoch [9][250/314]	lr: 2.112e-02, eta: 0:08:26, time: 0.042, data_time: 0.000, memory: 646, top1_acc: 0.9997, top5_acc: 1.0000, loss_cls: 0.0023, loss: 0.0023
2023-03-07 16:37:50,606 - pyskl - INFO - Epoch [9][300/314]	lr: 2.035e-02, eta: 0:08:07, time: 0.043, data_time: 0.000, memory: 646, top1_acc: 0.9994, top5_acc: 1.0000, loss_cls: 0.0031, loss: 0.0031
2023-03-07 16:37:58,175 - pyskl - INFO - Saving checkpoint at 9 epochs
2023-03-07 16:38:47,772 - pyskl - INFO - Evaluating top_k_accuracy ...
2023-03-07 16:38:47,774 - pyskl - INFO - 
top1_acc	0.9958
top5_acc	1.0000
2023-03-07 16:38:47,774 - pyskl - INFO - Epoch(val) [9][26]	top1_acc: 0.9958, top5_acc: 1.0000
2023-03-07 16:39:44,225 - pyskl - INFO - Epoch [10][50/314]	lr: 1.937e-02, eta: 0:08:25, time: 1.129, data_time: 1.062, memory: 646, top1_acc: 1.0000, top5_acc: 1.0000, loss_cls: 0.0019, loss: 0.0019
2023-03-07 16:39:46,358 - pyskl - INFO - Epoch [10][100/314]	lr: 1.862e-02, eta: 0:08:06, time: 0.043, data_time: 0.000, memory: 646, top1_acc: 0.9997, top5_acc: 1.0000, loss_cls: 0.0022, loss: 0.0022
2023-03-07 16:39:48,481 - pyskl - INFO - Epoch [10][150/314]	lr: 1.786e-02, eta: 0:07:48, time: 0.042, data_time: 0.000, memory: 646, top1_acc: 0.9994, top5_acc: 1.0000, loss_cls: 0.0024, loss: 0.0024
2023-03-07 16:39:50,645 - pyskl - INFO - Epoch [10][200/314]	lr: 1.712e-02, eta: 0:07:31, time: 0.043, data_time: 0.001, memory: 646, top1_acc: 0.9997, top5_acc: 1.0000, loss_cls: 0.0018, loss: 0.0018
2023-03-07 16:39:52,783 - pyskl - INFO - Epoch [10][250/314]	lr: 1.638e-02, eta: 0:07:13, time: 0.043, data_time: 0.001, memory: 646, top1_acc: 0.9988, top5_acc: 1.0000, loss_cls: 0.0035, loss: 0.0035
2023-03-07 16:39:54,953 - pyskl - INFO - Epoch [10][300/314]	lr: 1.565e-02, eta: 0:06:57, time: 0.043, data_time: 0.001, memory: 646, top1_acc: 1.0000, top5_acc: 1.0000, loss_cls: 0.0016, loss: 0.0016
2023-03-07 16:39:58,532 - pyskl - INFO - Saving checkpoint at 10 epochs
2023-03-07 16:41:04,278 - pyskl - INFO - Evaluating top_k_accuracy ...
2023-03-07 16:41:04,281 - pyskl - INFO - 
top1_acc	0.9970
top5_acc	1.0000
2023-03-07 16:41:04,288 - pyskl - INFO - The previous best checkpoint /workspaces/pyskl/work_dirs/stgcn/stgcn_pyskl_nuaa6/j_3/best_top1_acc_epoch_7.pth was removed
2023-03-07 16:41:04,360 - pyskl - INFO - Now best checkpoint is saved as best_top1_acc_epoch_10.pth.
2023-03-07 16:41:04,360 - pyskl - INFO - Best top1_acc is 0.9970 at 10 epoch.
2023-03-07 16:41:04,360 - pyskl - INFO - Epoch(val) [10][26]	top1_acc: 0.9970, top5_acc: 1.0000
2023-03-07 16:41:55,821 - pyskl - INFO - Epoch [11][50/314]	lr: 1.473e-02, eta: 0:07:04, time: 1.029, data_time: 0.881, memory: 646, top1_acc: 0.9997, top5_acc: 1.0000, loss_cls: 0.0025, loss: 0.0025
2023-03-07 16:41:57,971 - pyskl - INFO - Epoch [11][100/314]	lr: 1.402e-02, eta: 0:06:48, time: 0.043, data_time: 0.000, memory: 646, top1_acc: 0.9997, top5_acc: 1.0000, loss_cls: 0.0027, loss: 0.0027
2023-03-07 16:42:00,104 - pyskl - INFO - Epoch [11][150/314]	lr: 1.333e-02, eta: 0:06:31, time: 0.042, data_time: 0.000, memory: 646, top1_acc: 1.0000, top5_acc: 1.0000, loss_cls: 0.0019, loss: 0.0019
2023-03-07 16:42:02,263 - pyskl - INFO - Epoch [11][200/314]	lr: 1.264e-02, eta: 0:06:15, time: 0.043, data_time: 0.001, memory: 646, top1_acc: 1.0000, top5_acc: 1.0000, loss_cls: 0.0012, loss: 0.0012
2023-03-07 16:42:04,400 - pyskl - INFO - Epoch [11][250/314]	lr: 1.197e-02, eta: 0:06:00, time: 0.043, data_time: 0.000, memory: 646, top1_acc: 1.0000, top5_acc: 1.0000, loss_cls: 0.0016, loss: 0.0016
2023-03-07 16:42:06,510 - pyskl - INFO - Epoch [11][300/314]	lr: 1.131e-02, eta: 0:05:45, time: 0.042, data_time: 0.001, memory: 646, top1_acc: 1.0000, top5_acc: 1.0000, loss_cls: 0.0011, loss: 0.0011
2023-03-07 16:42:14,017 - pyskl - INFO - Saving checkpoint at 11 epochs
2023-03-07 16:43:11,617 - pyskl - INFO - Evaluating top_k_accuracy ...
2023-03-07 16:43:11,620 - pyskl - INFO - 
top1_acc	0.9970
top5_acc	1.0000
2023-03-07 16:43:11,621 - pyskl - INFO - Epoch(val) [11][26]	top1_acc: 0.9970, top5_acc: 1.0000
2023-03-07 16:44:07,410 - pyskl - INFO - Epoch [12][50/314]	lr: 1.048e-02, eta: 0:05:49, time: 1.115, data_time: 0.878, memory: 646, top1_acc: 0.9994, top5_acc: 1.0000, loss_cls: 0.0018, loss: 0.0018
2023-03-07 16:44:09,599 - pyskl - INFO - Epoch [12][100/314]	lr: 9.851e-03, eta: 0:05:34, time: 0.044, data_time: 0.001, memory: 646, top1_acc: 0.9994, top5_acc: 1.0000, loss_cls: 0.0023, loss: 0.0023
2023-03-07 16:44:11,702 - pyskl - INFO - Epoch [12][150/314]	lr: 9.237e-03, eta: 0:05:18, time: 0.042, data_time: 0.001, memory: 646, top1_acc: 1.0000, top5_acc: 1.0000, loss_cls: 0.0013, loss: 0.0013
2023-03-07 16:44:13,814 - pyskl - INFO - Epoch [12][200/314]	lr: 8.638e-03, eta: 0:05:04, time: 0.042, data_time: 0.000, memory: 646, top1_acc: 1.0000, top5_acc: 1.0000, loss_cls: 0.0014, loss: 0.0014
2023-03-07 16:44:15,912 - pyskl - INFO - Epoch [12][250/314]	lr: 8.055e-03, eta: 0:04:50, time: 0.042, data_time: 0.000, memory: 646, top1_acc: 1.0000, top5_acc: 1.0000, loss_cls: 0.0015, loss: 0.0015
2023-03-07 16:44:18,011 - pyskl - INFO - Epoch [12][300/314]	lr: 7.489e-03, eta: 0:04:36, time: 0.042, data_time: 0.000, memory: 646, top1_acc: 1.0000, top5_acc: 1.0000, loss_cls: 0.0008, loss: 0.0008
2023-03-07 16:44:25,552 - pyskl - INFO - Saving checkpoint at 12 epochs
2023-03-07 16:45:23,163 - pyskl - INFO - Evaluating top_k_accuracy ...
2023-03-07 16:45:23,166 - pyskl - INFO - 
top1_acc	0.9970
top5_acc	1.0000
2023-03-07 16:45:23,166 - pyskl - INFO - Epoch(val) [12][26]	top1_acc: 0.9970, top5_acc: 1.0000
2023-03-07 16:46:11,031 - pyskl - INFO - Epoch [13][50/314]	lr: 6.789e-03, eta: 0:04:32, time: 0.957, data_time: 0.726, memory: 646, top1_acc: 0.9997, top5_acc: 1.0000, loss_cls: 0.0014, loss: 0.0014
2023-03-07 16:46:13,148 - pyskl - INFO - Epoch [13][100/314]	lr: 6.263e-03, eta: 0:04:18, time: 0.042, data_time: 0.000, memory: 646, top1_acc: 0.9997, top5_acc: 1.0000, loss_cls: 0.0014, loss: 0.0014
2023-03-07 16:46:15,265 - pyskl - INFO - Epoch [13][150/314]	lr: 5.754e-03, eta: 0:04:05, time: 0.042, data_time: 0.000, memory: 646, top1_acc: 0.9994, top5_acc: 1.0000, loss_cls: 0.0020, loss: 0.0020
2023-03-07 16:46:17,399 - pyskl - INFO - Epoch [13][200/314]	lr: 5.265e-03, eta: 0:03:51, time: 0.043, data_time: 0.000, memory: 646, top1_acc: 0.9997, top5_acc: 1.0000, loss_cls: 0.0015, loss: 0.0015
2023-03-07 16:46:19,528 - pyskl - INFO - Epoch [13][250/314]	lr: 4.795e-03, eta: 0:03:38, time: 0.043, data_time: 0.000, memory: 646, top1_acc: 1.0000, top5_acc: 1.0000, loss_cls: 0.0010, loss: 0.0010
2023-03-07 16:46:21,735 - pyskl - INFO - Epoch [13][300/314]	lr: 4.344e-03, eta: 0:03:25, time: 0.044, data_time: 0.000, memory: 646, top1_acc: 1.0000, top5_acc: 1.0000, loss_cls: 0.0013, loss: 0.0013
2023-03-07 16:46:29,247 - pyskl - INFO - Saving checkpoint at 13 epochs
2023-03-07 16:47:43,676 - pyskl - INFO - Evaluating top_k_accuracy ...
2023-03-07 16:47:43,679 - pyskl - INFO - 
top1_acc	0.9970
top5_acc	1.0000
2023-03-07 16:47:43,679 - pyskl - INFO - Epoch(val) [13][26]	top1_acc: 0.9970, top5_acc: 1.0000
2023-03-07 16:48:31,314 - pyskl - INFO - Epoch [14][50/314]	lr: 3.798e-03, eta: 0:03:19, time: 0.952, data_time: 0.883, memory: 646, top1_acc: 0.9997, top5_acc: 1.0000, loss_cls: 0.0012, loss: 0.0012
2023-03-07 16:48:33,498 - pyskl - INFO - Epoch [14][100/314]	lr: 3.394e-03, eta: 0:03:06, time: 0.043, data_time: 0.001, memory: 646, top1_acc: 1.0000, top5_acc: 1.0000, loss_cls: 0.0012, loss: 0.0012
2023-03-07 16:48:35,819 - pyskl - INFO - Epoch [14][150/314]	lr: 3.011e-03, eta: 0:02:53, time: 0.047, data_time: 0.001, memory: 646, top1_acc: 0.9994, top5_acc: 1.0000, loss_cls: 0.0016, loss: 0.0016
2023-03-07 16:48:37,945 - pyskl - INFO - Epoch [14][200/314]	lr: 2.650e-03, eta: 0:02:40, time: 0.042, data_time: 0.000, memory: 646, top1_acc: 1.0000, top5_acc: 1.0000, loss_cls: 0.0009, loss: 0.0009
2023-03-07 16:48:40,102 - pyskl - INFO - Epoch [14][250/314]	lr: 2.311e-03, eta: 0:02:28, time: 0.043, data_time: 0.001, memory: 646, top1_acc: 1.0000, top5_acc: 1.0000, loss_cls: 0.0014, loss: 0.0014
2023-03-07 16:48:42,263 - pyskl - INFO - Epoch [14][300/314]	lr: 1.994e-03, eta: 0:02:16, time: 0.043, data_time: 0.001, memory: 646, top1_acc: 0.9997, top5_acc: 1.0000, loss_cls: 0.0018, loss: 0.0018
2023-03-07 16:48:49,566 - pyskl - INFO - Saving checkpoint at 14 epochs
2023-03-07 16:49:47,310 - pyskl - INFO - Evaluating top_k_accuracy ...
2023-03-07 16:49:47,312 - pyskl - INFO - 
top1_acc	0.9964
top5_acc	1.0000
2023-03-07 16:49:47,312 - pyskl - INFO - Epoch(val) [14][26]	top1_acc: 0.9964, top5_acc: 1.0000
2023-03-07 16:50:30,667 - pyskl - INFO - Epoch [15][50/314]	lr: 1.621e-03, eta: 0:02:06, time: 0.867, data_time: 0.800, memory: 646, top1_acc: 1.0000, top5_acc: 1.0000, loss_cls: 0.0009, loss: 0.0009
2023-03-07 16:50:32,816 - pyskl - INFO - Epoch [15][100/314]	lr: 1.355e-03, eta: 0:01:54, time: 0.043, data_time: 0.000, memory: 646, top1_acc: 1.0000, top5_acc: 1.0000, loss_cls: 0.0008, loss: 0.0008
2023-03-07 16:50:34,973 - pyskl - INFO - Epoch [15][150/314]	lr: 1.113e-03, eta: 0:01:43, time: 0.043, data_time: 0.000, memory: 646, top1_acc: 0.9994, top5_acc: 1.0000, loss_cls: 0.0021, loss: 0.0021
2023-03-07 16:50:37,136 - pyskl - INFO - Epoch [15][200/314]	lr: 8.942e-04, eta: 0:01:31, time: 0.043, data_time: 0.000, memory: 646, top1_acc: 1.0000, top5_acc: 1.0000, loss_cls: 0.0011, loss: 0.0011
2023-03-07 16:50:39,345 - pyskl - INFO - Epoch [15][250/314]	lr: 6.988e-04, eta: 0:01:20, time: 0.044, data_time: 0.000, memory: 646, top1_acc: 0.9997, top5_acc: 1.0000, loss_cls: 0.0012, loss: 0.0012
2023-03-07 16:50:41,525 - pyskl - INFO - Epoch [15][300/314]	lr: 5.272e-04, eta: 0:01:08, time: 0.044, data_time: 0.001, memory: 646, top1_acc: 0.9997, top5_acc: 1.0000, loss_cls: 0.0025, loss: 0.0025
2023-03-07 16:50:45,058 - pyskl - INFO - Saving checkpoint at 15 epochs
2023-03-07 16:51:22,868 - pyskl - INFO - Evaluating top_k_accuracy ...
2023-03-07 16:51:22,870 - pyskl - INFO - 
top1_acc	0.9970
top5_acc	1.0000
2023-03-07 16:51:22,871 - pyskl - INFO - Epoch(val) [15][26]	top1_acc: 0.9970, top5_acc: 1.0000
2023-03-07 16:51:54,230 - pyskl - INFO - Epoch [16][50/314]	lr: 3.425e-04, eta: 0:00:56, time: 0.627, data_time: 0.392, memory: 646, top1_acc: 1.0000, top5_acc: 1.0000, loss_cls: 0.0009, loss: 0.0009
2023-03-07 16:51:56,372 - pyskl - INFO - Epoch [16][100/314]	lr: 2.256e-04, eta: 0:00:45, time: 0.043, data_time: 0.001, memory: 646, top1_acc: 0.9994, top5_acc: 1.0000, loss_cls: 0.0016, loss: 0.0016
2023-03-07 16:51:58,502 - pyskl - INFO - Epoch [16][150/314]	lr: 1.330e-04, eta: 0:00:34, time: 0.043, data_time: 0.000, memory: 646, top1_acc: 1.0000, top5_acc: 1.0000, loss_cls: 0.0010, loss: 0.0010
2023-03-07 16:52:00,617 - pyskl - INFO - Epoch [16][200/314]	lr: 6.461e-05, eta: 0:00:23, time: 0.042, data_time: 0.000, memory: 646, top1_acc: 0.9997, top5_acc: 1.0000, loss_cls: 0.0011, loss: 0.0011
2023-03-07 16:52:02,752 - pyskl - INFO - Epoch [16][250/314]	lr: 2.065e-05, eta: 0:00:13, time: 0.043, data_time: 0.000, memory: 646, top1_acc: 1.0000, top5_acc: 1.0000, loss_cls: 0.0010, loss: 0.0010
2023-03-07 16:52:04,893 - pyskl - INFO - Epoch [16][300/314]	lr: 1.100e-06, eta: 0:00:02, time: 0.043, data_time: 0.000, memory: 646, top1_acc: 1.0000, top5_acc: 1.0000, loss_cls: 0.0012, loss: 0.0012
2023-03-07 16:52:10,479 - pyskl - INFO - Saving checkpoint at 16 epochs
2023-03-07 16:52:46,582 - pyskl - INFO - Evaluating top_k_accuracy ...
2023-03-07 16:52:46,585 - pyskl - INFO - 
top1_acc	0.9964
top5_acc	1.0000
2023-03-07 16:52:46,585 - pyskl - INFO - Epoch(val) [16][26]	top1_acc: 0.9964, top5_acc: 1.0000
2023-03-07 16:52:49,768 - pyskl - INFO - 1649 videos remain after valid thresholding
2023-03-07 16:53:28,055 - pyskl - INFO - Testing results of the last checkpoint
2023-03-07 16:53:28,056 - pyskl - INFO - top1_acc: 0.9970
2023-03-07 16:53:28,056 - pyskl - INFO - top5_acc: 1.0000
2023-03-07 16:53:28,057 - pyskl - INFO - load checkpoint from local path: ./work_dirs/stgcn/stgcn_pyskl_nuaa6/j_3/best_top1_acc_epoch_10.pth
2023-03-07 16:53:57,213 - pyskl - INFO - Testing results of the best checkpoint
2023-03-07 16:53:57,213 - pyskl - INFO - top1_acc: 0.9964
2023-03-07 16:53:57,214 - pyskl - INFO - top5_acc: 1.0000
