2023-03-07 14:24:54,423 - pyskl - INFO - Environment info:
------------------------------------------------------------
sys.platform: linux
Python: 3.7.15 (default, Nov 24 2022, 21:12:53) [GCC 11.2.0]
CUDA available: True
GPU 0,1,2,3: NVIDIA TITAN RTX
CUDA_HOME: /usr/local/cuda
NVCC: Cuda compilation tools, release 11.0, V11.0.221
GCC: gcc (Ubuntu 9.4.0-1ubuntu1~20.04.1) 9.4.0
PyTorch: 1.10.0
PyTorch compiling details: PyTorch built with:
  - GCC 7.3
  - C++ Version: 201402
  - Intel(R) oneAPI Math Kernel Library Version 2021.4-Product Build 20210904 for Intel(R) 64 architecture applications
  - Intel(R) MKL-DNN v2.2.3 (Git Hash 7336ca9f055cf1bfa13efb658fe15dc9b41f0740)
  - OpenMP 201511 (a.k.a. OpenMP 4.5)
  - LAPACK is enabled (usually provided by MKL)
  - NNPACK is enabled
  - CPU capability usage: AVX512
  - CUDA Runtime 10.2
  - NVCC architecture flags: -gencode;arch=compute_37,code=sm_37;-gencode;arch=compute_50,code=sm_50;-gencode;arch=compute_60,code=sm_60;-gencode;arch=compute_61,code=sm_61;-gencode;arch=compute_70,code=sm_70;-gencode;arch=compute_75,code=sm_75;-gencode;arch=compute_37,code=compute_37
  - CuDNN 7.6.5
  - Magma 2.5.2
  - Build settings: BLAS_INFO=mkl, BUILD_TYPE=Release, CUDA_VERSION=10.2, CUDNN_VERSION=7.6.5, CXX_COMPILER=/opt/rh/devtoolset-7/root/usr/bin/c++, CXX_FLAGS= -Wno-deprecated -fvisibility-inlines-hidden -DUSE_PTHREADPOOL -fopenmp -DNDEBUG -DUSE_KINETO -DUSE_FBGEMM -DUSE_QNNPACK -DUSE_PYTORCH_QNNPACK -DUSE_XNNPACK -DSYMBOLICATE_MOBILE_DEBUG_HANDLE -DEDGE_PROFILER_USE_KINETO -O2 -fPIC -Wno-narrowing -Wall -Wextra -Werror=return-type -Wno-missing-field-initializers -Wno-type-limits -Wno-array-bounds -Wno-unknown-pragmas -Wno-sign-compare -Wno-unused-parameter -Wno-unused-variable -Wno-unused-function -Wno-unused-result -Wno-unused-local-typedefs -Wno-strict-overflow -Wno-strict-aliasing -Wno-error=deprecated-declarations -Wno-stringop-overflow -Wno-psabi -Wno-error=pedantic -Wno-error=redundant-decls -Wno-error=old-style-cast -fdiagnostics-color=always -faligned-new -Wno-unused-but-set-variable -Wno-maybe-uninitialized -fno-math-errno -fno-trapping-math -Werror=format -Wno-stringop-overflow, LAPACK_INFO=mkl, PERF_WITH_AVX=1, PERF_WITH_AVX2=1, PERF_WITH_AVX512=1, TORCH_VERSION=1.10.0, USE_CUDA=ON, USE_CUDNN=ON, USE_EXCEPTION_PTR=1, USE_GFLAGS=OFF, USE_GLOG=OFF, USE_MKL=ON, USE_MKLDNN=ON, USE_MPI=OFF, USE_NCCL=ON, USE_NNPACK=ON, USE_OPENMP=ON, 

TorchVision: 0.11.0
OpenCV: 4.6.0
MMCV: 1.5.0
MMCV Compiler: GCC 7.3
MMCV CUDA Compiler: 10.2
pyskl: 0.1.0+bd46e96
------------------------------------------------------------

2023-03-07 14:24:54,763 - pyskl - INFO - Config: model = dict(
    type='RecognizerGCN',
    backbone=dict(
        type='STGCN', graph_cfg=dict(layout='coco', mode='stgcn_spatial')),
    cls_head=dict(type='GCNHead', num_classes=6, in_channels=256))
dataset_type = 'PoseDataset'
ann_file = 'workspace/data/nuaa6.pkl'
train_pipeline = [
    dict(type='PreNormalize2D'),
    dict(type='GenSkeFeat', dataset='coco', feats=['j']),
    dict(type='UniformSample', clip_len=100, seed=50),
    dict(type='PoseDecode'),
    dict(type='FormatGCNInput', num_person=1),
    dict(type='Collect', keys=['keypoint', 'label'], meta_keys=[]),
    dict(type='ToTensor', keys=['keypoint'])
]
val_pipeline = [
    dict(type='PreNormalize2D'),
    dict(type='GenSkeFeat', dataset='coco', feats=['j']),
    dict(type='UniformSample', clip_len=100, num_clips=1),
    dict(type='PoseDecode'),
    dict(type='FormatGCNInput', num_person=1),
    dict(type='Collect', keys=['keypoint', 'label'], meta_keys=[]),
    dict(type='ToTensor', keys=['keypoint'])
]
test_pipeline = [
    dict(type='PreNormalize2D'),
    dict(type='GenSkeFeat', dataset='coco', feats=['j']),
    dict(type='UniformSample', clip_len=100, num_clips=10, seed=2),
    dict(type='PoseDecode'),
    dict(type='FormatGCNInput', num_person=1),
    dict(type='Collect', keys=['keypoint', 'label'], meta_keys=[]),
    dict(type='ToTensor', keys=['keypoint'])
]
data = dict(
    videos_per_gpu=16,
    workers_per_gpu=2,
    test_dataloader=dict(videos_per_gpu=1),
    train=dict(
        type='RepeatDataset',
        times=5,
        dataset=dict(
            type='PoseDataset',
            ann_file='workspace/data/nuaa6.pkl',
            pipeline=[
                dict(type='PreNormalize2D'),
                dict(type='GenSkeFeat', dataset='coco', feats=['j']),
                dict(type='UniformSample', clip_len=100, seed=50),
                dict(type='PoseDecode'),
                dict(type='FormatGCNInput', num_person=1),
                dict(type='Collect', keys=['keypoint', 'label'], meta_keys=[]),
                dict(type='ToTensor', keys=['keypoint'])
            ],
            split='xsub_train')),
    val=dict(
        type='PoseDataset',
        ann_file='workspace/data/nuaa6.pkl',
        pipeline=[
            dict(type='PreNormalize2D'),
            dict(type='GenSkeFeat', dataset='coco', feats=['j']),
            dict(type='UniformSample', clip_len=100, num_clips=1),
            dict(type='PoseDecode'),
            dict(type='FormatGCNInput', num_person=1),
            dict(type='Collect', keys=['keypoint', 'label'], meta_keys=[]),
            dict(type='ToTensor', keys=['keypoint'])
        ],
        split='xsub_val'),
    test=dict(
        type='PoseDataset',
        ann_file='workspace/data/nuaa6.pkl',
        pipeline=[
            dict(type='PreNormalize2D'),
            dict(type='GenSkeFeat', dataset='coco', feats=['j']),
            dict(type='UniformSample', clip_len=100, num_clips=10, seed=2),
            dict(type='PoseDecode'),
            dict(type='FormatGCNInput', num_person=1),
            dict(type='Collect', keys=['keypoint', 'label'], meta_keys=[]),
            dict(type='ToTensor', keys=['keypoint'])
        ],
        split='xsub_val'))
optimizer = dict(
    type='SGD', lr=0.05, momentum=0.9, weight_decay=0.0005, nesterov=True)
optimizer_config = dict(grad_clip=None)
lr_config = dict(policy='CosineAnnealing', min_lr=0, by_epoch=False)
total_epochs = 16
checkpoint_config = dict(interval=1)
evaluation = dict(interval=1, metrics=['top_k_accuracy'])
log_config = dict(interval=50, hooks=[dict(type='TextLoggerHook')])
log_level = 'INFO'
work_dir = './work_dirs/stgcn/stgcn_pyskl_nuaa6/j_1'
dist_params = dict(backend='nccl')
gpu_ids = range(0, 4)

2023-03-07 14:30:23,462 - pyskl - INFO - Set random seed to 1377734692, deterministic: False
2023-03-07 14:30:23,720 - pyskl - INFO - 4010 videos remain after valid thresholding
2023-03-07 14:30:31,829 - pyskl - INFO - 1649 videos remain after valid thresholding
2023-03-07 14:30:31,830 - pyskl - INFO - Start running, host: root@518b9ea961fb, work_dir: /workspaces/pyskl/work_dirs/stgcn/stgcn_pyskl_nuaa6/j_1
2023-03-07 14:30:31,830 - pyskl - INFO - Hooks will be executed in the following order:
before_run:
(VERY_HIGH   ) CosineAnnealingLrUpdaterHook       
(NORMAL      ) CheckpointHook                     
(NORMAL      ) DistEvalHook                       
(VERY_LOW    ) TextLoggerHook                     
 -------------------- 
before_train_epoch:
(VERY_HIGH   ) CosineAnnealingLrUpdaterHook       
(NORMAL      ) DistSamplerSeedHook                
(NORMAL      ) DistEvalHook                       
(LOW         ) IterTimerHook                      
(VERY_LOW    ) TextLoggerHook                     
 -------------------- 
before_train_iter:
(VERY_HIGH   ) CosineAnnealingLrUpdaterHook       
(NORMAL      ) DistEvalHook                       
(LOW         ) IterTimerHook                      
 -------------------- 
after_train_iter:
(ABOVE_NORMAL) OptimizerHook                      
(NORMAL      ) CheckpointHook                     
(NORMAL      ) DistEvalHook                       
(LOW         ) IterTimerHook                      
(VERY_LOW    ) TextLoggerHook                     
 -------------------- 
after_train_epoch:
(NORMAL      ) CheckpointHook                     
(NORMAL      ) DistEvalHook                       
(VERY_LOW    ) TextLoggerHook                     
 -------------------- 
before_val_epoch:
(NORMAL      ) DistSamplerSeedHook                
(LOW         ) IterTimerHook                      
(VERY_LOW    ) TextLoggerHook                     
 -------------------- 
before_val_iter:
(LOW         ) IterTimerHook                      
 -------------------- 
after_val_iter:
(LOW         ) IterTimerHook                      
 -------------------- 
after_val_epoch:
(VERY_LOW    ) TextLoggerHook                     
 -------------------- 
after_run:
(VERY_LOW    ) TextLoggerHook                     
 -------------------- 
2023-03-07 14:30:31,831 - pyskl - INFO - workflow: [('train', 1)], max: 16 epochs
2023-03-07 14:30:31,831 - pyskl - INFO - Checkpoints will be saved to /workspaces/pyskl/work_dirs/stgcn/stgcn_pyskl_nuaa6/j_1 by HardDiskBackend.
2023-03-07 14:32:28,656 - pyskl - INFO - Epoch [1][50/314]	lr: 4.999e-02, eta: 3:13:40, time: 2.336, data_time: 1.374, memory: 645, top1_acc: 0.3456, top5_acc: 0.9650, loss_cls: 1.5175, loss: 1.5175
2023-03-07 14:32:30,764 - pyskl - INFO - Epoch [1][100/314]	lr: 4.995e-02, eta: 1:37:35, time: 0.042, data_time: 0.000, memory: 645, top1_acc: 0.6069, top5_acc: 1.0000, loss_cls: 0.8486, loss: 0.8486
2023-03-07 14:32:32,841 - pyskl - INFO - Epoch [1][150/314]	lr: 4.989e-02, eta: 1:05:31, time: 0.042, data_time: 0.000, memory: 645, top1_acc: 0.8306, top5_acc: 0.9997, loss_cls: 0.4113, loss: 0.4113
2023-03-07 14:32:34,964 - pyskl - INFO - Epoch [1][200/314]	lr: 4.981e-02, eta: 0:49:29, time: 0.042, data_time: 0.000, memory: 645, top1_acc: 0.9425, top5_acc: 1.0000, loss_cls: 0.1648, loss: 0.1648
2023-03-07 14:32:37,092 - pyskl - INFO - Epoch [1][250/314]	lr: 4.970e-02, eta: 0:39:51, time: 0.043, data_time: 0.000, memory: 645, top1_acc: 0.9672, top5_acc: 1.0000, loss_cls: 0.0952, loss: 0.0952
2023-03-07 14:32:39,235 - pyskl - INFO - Epoch [1][300/314]	lr: 4.956e-02, eta: 0:33:25, time: 0.043, data_time: 0.000, memory: 645, top1_acc: 0.9759, top5_acc: 1.0000, loss_cls: 0.0695, loss: 0.0695
2023-03-07 14:32:43,083 - pyskl - INFO - Saving checkpoint at 1 epochs
2023-03-07 14:34:05,868 - pyskl - INFO - Evaluating top_k_accuracy ...
2023-03-07 14:34:05,870 - pyskl - INFO - 
top1_acc	0.9867
top5_acc	1.0000
2023-03-07 14:34:05,943 - pyskl - INFO - Now best checkpoint is saved as best_top1_acc_epoch_1.pth.
2023-03-07 14:34:05,943 - pyskl - INFO - Best top1_acc is 0.9867 at 1 epoch.
2023-03-07 14:34:05,944 - pyskl - INFO - Epoch(val) [1][26]	top1_acc: 0.9867, top5_acc: 1.0000
2023-03-07 14:35:25,829 - pyskl - INFO - Epoch [2][50/314]	lr: 4.936e-02, eta: 0:44:13, time: 1.597, data_time: 1.532, memory: 645, top1_acc: 0.9791, top5_acc: 1.0000, loss_cls: 0.0554, loss: 0.0554
2023-03-07 14:35:27,927 - pyskl - INFO - Epoch [2][100/314]	lr: 4.917e-02, eta: 0:38:51, time: 0.042, data_time: 0.000, memory: 645, top1_acc: 0.9778, top5_acc: 0.9997, loss_cls: 0.0597, loss: 0.0597
2023-03-07 14:35:30,093 - pyskl - INFO - Epoch [2][150/314]	lr: 4.896e-02, eta: 0:34:38, time: 0.043, data_time: 0.000, memory: 645, top1_acc: 0.9866, top5_acc: 1.0000, loss_cls: 0.0393, loss: 0.0393
2023-03-07 14:35:32,205 - pyskl - INFO - Epoch [2][200/314]	lr: 4.872e-02, eta: 0:31:14, time: 0.042, data_time: 0.001, memory: 645, top1_acc: 0.9900, top5_acc: 1.0000, loss_cls: 0.0338, loss: 0.0338
2023-03-07 14:35:34,319 - pyskl - INFO - Epoch [2][250/314]	lr: 4.847e-02, eta: 0:28:26, time: 0.042, data_time: 0.000, memory: 645, top1_acc: 0.9856, top5_acc: 1.0000, loss_cls: 0.0444, loss: 0.0444
2023-03-07 14:35:36,419 - pyskl - INFO - Epoch [2][300/314]	lr: 4.819e-02, eta: 0:26:04, time: 0.042, data_time: 0.000, memory: 645, top1_acc: 0.9912, top5_acc: 1.0000, loss_cls: 0.0244, loss: 0.0244
2023-03-07 14:35:43,958 - pyskl - INFO - Saving checkpoint at 2 epochs
2023-03-07 14:37:18,679 - pyskl - INFO - Evaluating top_k_accuracy ...
2023-03-07 14:37:18,682 - pyskl - INFO - 
top1_acc	0.9915
top5_acc	1.0000
2023-03-07 14:37:18,688 - pyskl - INFO - The previous best checkpoint /workspaces/pyskl/work_dirs/stgcn/stgcn_pyskl_nuaa6/j_1/best_top1_acc_epoch_1.pth was removed
2023-03-07 14:37:18,763 - pyskl - INFO - Now best checkpoint is saved as best_top1_acc_epoch_2.pth.
2023-03-07 14:37:18,763 - pyskl - INFO - Best top1_acc is 0.9915 at 2 epoch.
2023-03-07 14:37:18,764 - pyskl - INFO - Epoch(val) [2][26]	top1_acc: 0.9915, top5_acc: 1.0000
2023-03-07 14:38:35,603 - pyskl - INFO - Epoch [3][50/314]	lr: 4.779e-02, eta: 0:31:28, time: 1.536, data_time: 0.641, memory: 645, top1_acc: 0.9906, top5_acc: 1.0000, loss_cls: 0.0280, loss: 0.0280
2023-03-07 14:38:37,782 - pyskl - INFO - Epoch [3][100/314]	lr: 4.746e-02, eta: 0:29:11, time: 0.044, data_time: 0.001, memory: 645, top1_acc: 0.9922, top5_acc: 1.0000, loss_cls: 0.0265, loss: 0.0265
2023-03-07 14:38:39,905 - pyskl - INFO - Epoch [3][150/314]	lr: 4.711e-02, eta: 0:27:11, time: 0.042, data_time: 0.000, memory: 645, top1_acc: 0.9909, top5_acc: 1.0000, loss_cls: 0.0219, loss: 0.0219
2023-03-07 14:38:42,022 - pyskl - INFO - Epoch [3][200/314]	lr: 4.673e-02, eta: 0:25:25, time: 0.042, data_time: 0.000, memory: 645, top1_acc: 0.9906, top5_acc: 1.0000, loss_cls: 0.0287, loss: 0.0287
2023-03-07 14:38:44,102 - pyskl - INFO - Epoch [3][250/314]	lr: 4.633e-02, eta: 0:23:51, time: 0.042, data_time: 0.000, memory: 645, top1_acc: 0.9934, top5_acc: 1.0000, loss_cls: 0.0214, loss: 0.0214
2023-03-07 14:38:46,195 - pyskl - INFO - Epoch [3][300/314]	lr: 4.592e-02, eta: 0:22:27, time: 0.042, data_time: 0.000, memory: 645, top1_acc: 0.9919, top5_acc: 1.0000, loss_cls: 0.0246, loss: 0.0246
2023-03-07 14:38:49,683 - pyskl - INFO - Saving checkpoint at 3 epochs
2023-03-07 14:40:24,559 - pyskl - INFO - Evaluating top_k_accuracy ...
2023-03-07 14:40:24,561 - pyskl - INFO - 
top1_acc	0.9867
top5_acc	1.0000
2023-03-07 14:40:24,562 - pyskl - INFO - Epoch(val) [3][26]	top1_acc: 0.9867, top5_acc: 1.0000
2023-03-07 14:41:36,737 - pyskl - INFO - Epoch [4][50/314]	lr: 4.535e-02, eta: 0:25:34, time: 1.443, data_time: 1.373, memory: 645, top1_acc: 0.9903, top5_acc: 1.0000, loss_cls: 0.0291, loss: 0.0291
2023-03-07 14:41:38,820 - pyskl - INFO - Epoch [4][100/314]	lr: 4.489e-02, eta: 0:24:10, time: 0.042, data_time: 0.000, memory: 645, top1_acc: 0.9962, top5_acc: 1.0000, loss_cls: 0.0163, loss: 0.0163
2023-03-07 14:41:41,024 - pyskl - INFO - Epoch [4][150/314]	lr: 4.440e-02, eta: 0:22:54, time: 0.044, data_time: 0.000, memory: 645, top1_acc: 0.9947, top5_acc: 1.0000, loss_cls: 0.0166, loss: 0.0166
2023-03-07 14:41:43,152 - pyskl - INFO - Epoch [4][200/314]	lr: 4.390e-02, eta: 0:21:44, time: 0.042, data_time: 0.000, memory: 645, top1_acc: 0.9969, top5_acc: 1.0000, loss_cls: 0.0120, loss: 0.0120
2023-03-07 14:41:45,282 - pyskl - INFO - Epoch [4][250/314]	lr: 4.338e-02, eta: 0:20:40, time: 0.043, data_time: 0.001, memory: 645, top1_acc: 0.9975, top5_acc: 1.0000, loss_cls: 0.0089, loss: 0.0089
2023-03-07 14:41:47,375 - pyskl - INFO - Epoch [4][300/314]	lr: 4.284e-02, eta: 0:19:41, time: 0.042, data_time: 0.001, memory: 645, top1_acc: 0.9919, top5_acc: 1.0000, loss_cls: 0.0224, loss: 0.0224
2023-03-07 14:41:52,945 - pyskl - INFO - Saving checkpoint at 4 epochs
2023-03-07 14:43:09,651 - pyskl - INFO - Evaluating top_k_accuracy ...
2023-03-07 14:43:09,653 - pyskl - INFO - 
top1_acc	0.9939
top5_acc	1.0000
2023-03-07 14:43:09,660 - pyskl - INFO - The previous best checkpoint /workspaces/pyskl/work_dirs/stgcn/stgcn_pyskl_nuaa6/j_1/best_top1_acc_epoch_2.pth was removed
2023-03-07 14:43:09,746 - pyskl - INFO - Now best checkpoint is saved as best_top1_acc_epoch_4.pth.
2023-03-07 14:43:09,746 - pyskl - INFO - Best top1_acc is 0.9939 at 4 epoch.
2023-03-07 14:43:09,747 - pyskl - INFO - Epoch(val) [4][26]	top1_acc: 0.9939, top5_acc: 1.0000
2023-03-07 14:44:21,929 - pyskl - INFO - Epoch [5][50/314]	lr: 4.213e-02, eta: 0:21:50, time: 1.443, data_time: 1.378, memory: 645, top1_acc: 0.9931, top5_acc: 1.0000, loss_cls: 0.0249, loss: 0.0249
2023-03-07 14:44:24,026 - pyskl - INFO - Epoch [5][100/314]	lr: 4.155e-02, eta: 0:20:50, time: 0.042, data_time: 0.000, memory: 645, top1_acc: 0.9959, top5_acc: 1.0000, loss_cls: 0.0119, loss: 0.0119
2023-03-07 14:44:26,173 - pyskl - INFO - Epoch [5][150/314]	lr: 4.096e-02, eta: 0:19:55, time: 0.043, data_time: 0.000, memory: 645, top1_acc: 0.9956, top5_acc: 1.0000, loss_cls: 0.0140, loss: 0.0140
2023-03-07 14:44:28,290 - pyskl - INFO - Epoch [5][200/314]	lr: 4.035e-02, eta: 0:19:03, time: 0.042, data_time: 0.000, memory: 645, top1_acc: 0.9969, top5_acc: 1.0000, loss_cls: 0.0095, loss: 0.0095
2023-03-07 14:44:30,431 - pyskl - INFO - Epoch [5][250/314]	lr: 3.972e-02, eta: 0:18:14, time: 0.043, data_time: 0.000, memory: 645, top1_acc: 0.9956, top5_acc: 1.0000, loss_cls: 0.0115, loss: 0.0115
2023-03-07 14:44:32,548 - pyskl - INFO - Epoch [5][300/314]	lr: 3.908e-02, eta: 0:17:29, time: 0.042, data_time: 0.000, memory: 645, top1_acc: 0.9959, top5_acc: 1.0000, loss_cls: 0.0115, loss: 0.0115
2023-03-07 14:44:40,443 - pyskl - INFO - Saving checkpoint at 5 epochs
2023-03-07 14:45:38,097 - pyskl - INFO - Evaluating top_k_accuracy ...
2023-03-07 14:45:38,101 - pyskl - INFO - 
top1_acc	0.9970
top5_acc	1.0000
2023-03-07 14:45:38,107 - pyskl - INFO - The previous best checkpoint /workspaces/pyskl/work_dirs/stgcn/stgcn_pyskl_nuaa6/j_1/best_top1_acc_epoch_4.pth was removed
2023-03-07 14:45:38,199 - pyskl - INFO - Now best checkpoint is saved as best_top1_acc_epoch_5.pth.
2023-03-07 14:45:38,199 - pyskl - INFO - Best top1_acc is 0.9970 at 5 epoch.
2023-03-07 14:45:38,200 - pyskl - INFO - Epoch(val) [5][26]	top1_acc: 0.9970, top5_acc: 1.0000
2023-03-07 14:46:50,125 - pyskl - INFO - Epoch [6][50/314]	lr: 3.825e-02, eta: 0:19:00, time: 1.438, data_time: 1.377, memory: 645, top1_acc: 0.9972, top5_acc: 1.0000, loss_cls: 0.0085, loss: 0.0085
2023-03-07 14:46:52,296 - pyskl - INFO - Epoch [6][100/314]	lr: 3.758e-02, eta: 0:18:14, time: 0.044, data_time: 0.000, memory: 645, top1_acc: 0.9978, top5_acc: 1.0000, loss_cls: 0.0109, loss: 0.0109
2023-03-07 14:46:54,400 - pyskl - INFO - Epoch [6][150/314]	lr: 3.690e-02, eta: 0:17:30, time: 0.042, data_time: 0.000, memory: 645, top1_acc: 0.9978, top5_acc: 1.0000, loss_cls: 0.0104, loss: 0.0104
2023-03-07 14:46:56,600 - pyskl - INFO - Epoch [6][200/314]	lr: 3.620e-02, eta: 0:16:49, time: 0.044, data_time: 0.000, memory: 645, top1_acc: 0.9966, top5_acc: 1.0000, loss_cls: 0.0084, loss: 0.0084
2023-03-07 14:46:58,701 - pyskl - INFO - Epoch [6][250/314]	lr: 3.550e-02, eta: 0:16:10, time: 0.042, data_time: 0.001, memory: 645, top1_acc: 0.9988, top5_acc: 1.0000, loss_cls: 0.0082, loss: 0.0082
2023-03-07 14:47:00,800 - pyskl - INFO - Epoch [6][300/314]	lr: 3.478e-02, eta: 0:15:33, time: 0.042, data_time: 0.000, memory: 645, top1_acc: 0.9978, top5_acc: 1.0000, loss_cls: 0.0072, loss: 0.0072
2023-03-07 14:47:08,283 - pyskl - INFO - Saving checkpoint at 6 epochs
2023-03-07 14:48:39,027 - pyskl - INFO - Evaluating top_k_accuracy ...
2023-03-07 14:48:39,030 - pyskl - INFO - 
top1_acc	0.9921
top5_acc	1.0000
2023-03-07 14:48:39,030 - pyskl - INFO - Epoch(val) [6][26]	top1_acc: 0.9921, top5_acc: 1.0000
2023-03-07 14:49:26,437 - pyskl - INFO - Epoch [7][50/314]	lr: 3.386e-02, eta: 0:15:59, time: 0.948, data_time: 0.557, memory: 645, top1_acc: 0.9978, top5_acc: 1.0000, loss_cls: 0.0063, loss: 0.0063
2023-03-07 14:49:28,558 - pyskl - INFO - Epoch [7][100/314]	lr: 3.312e-02, eta: 0:15:23, time: 0.042, data_time: 0.001, memory: 645, top1_acc: 0.9994, top5_acc: 1.0000, loss_cls: 0.0052, loss: 0.0052
2023-03-07 14:49:30,696 - pyskl - INFO - Epoch [7][150/314]	lr: 3.238e-02, eta: 0:14:49, time: 0.043, data_time: 0.001, memory: 645, top1_acc: 0.9994, top5_acc: 1.0000, loss_cls: 0.0034, loss: 0.0034
2023-03-07 14:49:32,849 - pyskl - INFO - Epoch [7][200/314]	lr: 3.163e-02, eta: 0:14:16, time: 0.043, data_time: 0.001, memory: 645, top1_acc: 0.9975, top5_acc: 1.0000, loss_cls: 0.0064, loss: 0.0064
2023-03-07 14:49:34,987 - pyskl - INFO - Epoch [7][250/314]	lr: 3.087e-02, eta: 0:13:45, time: 0.043, data_time: 0.000, memory: 645, top1_acc: 0.9988, top5_acc: 1.0000, loss_cls: 0.0042, loss: 0.0042
2023-03-07 14:49:37,100 - pyskl - INFO - Epoch [7][300/314]	lr: 3.011e-02, eta: 0:13:15, time: 0.042, data_time: 0.000, memory: 645, top1_acc: 0.9981, top5_acc: 1.0000, loss_cls: 0.0063, loss: 0.0063
2023-03-07 14:49:44,857 - pyskl - INFO - Saving checkpoint at 7 epochs
2023-03-07 14:50:42,689 - pyskl - INFO - Evaluating top_k_accuracy ...
2023-03-07 14:50:42,692 - pyskl - INFO - 
top1_acc	0.9958
top5_acc	1.0000
2023-03-07 14:50:42,692 - pyskl - INFO - Epoch(val) [7][26]	top1_acc: 0.9958, top5_acc: 1.0000
2023-03-07 14:51:38,425 - pyskl - INFO - Epoch [8][50/314]	lr: 2.912e-02, eta: 0:13:43, time: 1.114, data_time: 0.724, memory: 645, top1_acc: 0.9975, top5_acc: 1.0000, loss_cls: 0.0082, loss: 0.0082
2023-03-07 14:51:40,545 - pyskl - INFO - Epoch [8][100/314]	lr: 2.835e-02, eta: 0:13:13, time: 0.042, data_time: 0.000, memory: 645, top1_acc: 0.9978, top5_acc: 1.0000, loss_cls: 0.0055, loss: 0.0055
2023-03-07 14:51:42,640 - pyskl - INFO - Epoch [8][150/314]	lr: 2.757e-02, eta: 0:12:45, time: 0.042, data_time: 0.000, memory: 645, top1_acc: 1.0000, top5_acc: 1.0000, loss_cls: 0.0023, loss: 0.0023
2023-03-07 14:51:44,762 - pyskl - INFO - Epoch [8][200/314]	lr: 2.680e-02, eta: 0:12:17, time: 0.042, data_time: 0.000, memory: 645, top1_acc: 0.9975, top5_acc: 1.0000, loss_cls: 0.0066, loss: 0.0066
2023-03-07 14:51:46,916 - pyskl - INFO - Epoch [8][250/314]	lr: 2.602e-02, eta: 0:11:51, time: 0.043, data_time: 0.000, memory: 645, top1_acc: 0.9981, top5_acc: 1.0000, loss_cls: 0.0051, loss: 0.0051
2023-03-07 14:51:49,125 - pyskl - INFO - Epoch [8][300/314]	lr: 2.523e-02, eta: 0:11:25, time: 0.044, data_time: 0.000, memory: 645, top1_acc: 0.9988, top5_acc: 1.0000, loss_cls: 0.0049, loss: 0.0049
2023-03-07 14:51:56,749 - pyskl - INFO - Saving checkpoint at 8 epochs
2023-03-07 14:53:02,762 - pyskl - INFO - Evaluating top_k_accuracy ...
2023-03-07 14:53:02,764 - pyskl - INFO - 
top1_acc	0.9933
top5_acc	1.0000
2023-03-07 14:53:02,765 - pyskl - INFO - Epoch(val) [8][26]	top1_acc: 0.9933, top5_acc: 1.0000
2023-03-07 14:53:58,535 - pyskl - INFO - Epoch [9][50/314]	lr: 2.423e-02, eta: 0:11:45, time: 1.115, data_time: 1.048, memory: 645, top1_acc: 0.9997, top5_acc: 1.0000, loss_cls: 0.0030, loss: 0.0030
2023-03-07 14:54:00,684 - pyskl - INFO - Epoch [9][100/314]	lr: 2.345e-02, eta: 0:11:19, time: 0.043, data_time: 0.001, memory: 645, top1_acc: 1.0000, top5_acc: 1.0000, loss_cls: 0.0028, loss: 0.0028
2023-03-07 14:54:02,956 - pyskl - INFO - Epoch [9][150/314]	lr: 2.267e-02, eta: 0:10:54, time: 0.046, data_time: 0.001, memory: 645, top1_acc: 1.0000, top5_acc: 1.0000, loss_cls: 0.0018, loss: 0.0018
2023-03-07 14:54:05,133 - pyskl - INFO - Epoch [9][200/314]	lr: 2.190e-02, eta: 0:10:31, time: 0.044, data_time: 0.000, memory: 645, top1_acc: 0.9997, top5_acc: 1.0000, loss_cls: 0.0023, loss: 0.0023
2023-03-07 14:54:07,416 - pyskl - INFO - Epoch [9][250/314]	lr: 2.112e-02, eta: 0:10:08, time: 0.046, data_time: 0.000, memory: 645, top1_acc: 0.9997, top5_acc: 1.0000, loss_cls: 0.0027, loss: 0.0027
2023-03-07 14:54:09,662 - pyskl - INFO - Epoch [9][300/314]	lr: 2.035e-02, eta: 0:09:45, time: 0.045, data_time: 0.001, memory: 645, top1_acc: 1.0000, top5_acc: 1.0000, loss_cls: 0.0020, loss: 0.0020
2023-03-07 14:54:16,842 - pyskl - INFO - Saving checkpoint at 9 epochs
2023-03-07 14:55:14,654 - pyskl - INFO - Evaluating top_k_accuracy ...
2023-03-07 14:55:14,658 - pyskl - INFO - 
top1_acc	0.9945
top5_acc	1.0000
2023-03-07 14:55:14,658 - pyskl - INFO - Epoch(val) [9][26]	top1_acc: 0.9945, top5_acc: 1.0000
2023-03-07 14:56:10,906 - pyskl - INFO - Epoch [10][50/314]	lr: 1.937e-02, eta: 0:09:58, time: 1.125, data_time: 1.061, memory: 645, top1_acc: 0.9997, top5_acc: 1.0000, loss_cls: 0.0023, loss: 0.0023
2023-03-07 14:56:12,999 - pyskl - INFO - Epoch [10][100/314]	lr: 1.862e-02, eta: 0:09:35, time: 0.042, data_time: 0.000, memory: 645, top1_acc: 0.9991, top5_acc: 1.0000, loss_cls: 0.0023, loss: 0.0023
2023-03-07 14:56:15,125 - pyskl - INFO - Epoch [10][150/314]	lr: 1.786e-02, eta: 0:09:14, time: 0.043, data_time: 0.000, memory: 645, top1_acc: 1.0000, top5_acc: 1.0000, loss_cls: 0.0016, loss: 0.0016
2023-03-07 14:56:17,264 - pyskl - INFO - Epoch [10][200/314]	lr: 1.712e-02, eta: 0:08:53, time: 0.043, data_time: 0.000, memory: 645, top1_acc: 1.0000, top5_acc: 1.0000, loss_cls: 0.0014, loss: 0.0014
2023-03-07 14:56:19,380 - pyskl - INFO - Epoch [10][250/314]	lr: 1.638e-02, eta: 0:08:32, time: 0.042, data_time: 0.001, memory: 645, top1_acc: 1.0000, top5_acc: 1.0000, loss_cls: 0.0012, loss: 0.0012
2023-03-07 14:56:21,525 - pyskl - INFO - Epoch [10][300/314]	lr: 1.565e-02, eta: 0:08:12, time: 0.043, data_time: 0.001, memory: 645, top1_acc: 0.9994, top5_acc: 1.0000, loss_cls: 0.0030, loss: 0.0030
2023-03-07 14:56:25,128 - pyskl - INFO - Saving checkpoint at 10 epochs
2023-03-07 14:57:18,679 - pyskl - INFO - Evaluating top_k_accuracy ...
2023-03-07 14:57:18,681 - pyskl - INFO - 
top1_acc	0.9915
top5_acc	1.0000
2023-03-07 14:57:18,682 - pyskl - INFO - Epoch(val) [10][26]	top1_acc: 0.9915, top5_acc: 1.0000
2023-03-07 14:58:10,213 - pyskl - INFO - Epoch [11][50/314]	lr: 1.473e-02, eta: 0:08:16, time: 1.030, data_time: 0.968, memory: 645, top1_acc: 0.9991, top5_acc: 1.0000, loss_cls: 0.0064, loss: 0.0064
2023-03-07 14:58:12,345 - pyskl - INFO - Epoch [11][100/314]	lr: 1.402e-02, eta: 0:07:56, time: 0.043, data_time: 0.001, memory: 645, top1_acc: 0.9994, top5_acc: 1.0000, loss_cls: 0.0042, loss: 0.0042
2023-03-07 14:58:14,472 - pyskl - INFO - Epoch [11][150/314]	lr: 1.333e-02, eta: 0:07:37, time: 0.042, data_time: 0.000, memory: 645, top1_acc: 0.9994, top5_acc: 1.0000, loss_cls: 0.0032, loss: 0.0032
2023-03-07 14:58:16,585 - pyskl - INFO - Epoch [11][200/314]	lr: 1.264e-02, eta: 0:07:18, time: 0.042, data_time: 0.000, memory: 645, top1_acc: 1.0000, top5_acc: 1.0000, loss_cls: 0.0023, loss: 0.0023
2023-03-07 14:58:18,767 - pyskl - INFO - Epoch [11][250/314]	lr: 1.197e-02, eta: 0:07:00, time: 0.044, data_time: 0.001, memory: 645, top1_acc: 0.9994, top5_acc: 1.0000, loss_cls: 0.0028, loss: 0.0028
2023-03-07 14:58:20,899 - pyskl - INFO - Epoch [11][300/314]	lr: 1.131e-02, eta: 0:06:42, time: 0.043, data_time: 0.000, memory: 645, top1_acc: 0.9997, top5_acc: 1.0000, loss_cls: 0.0024, loss: 0.0024
2023-03-07 14:58:24,343 - pyskl - INFO - Saving checkpoint at 11 epochs
2023-03-07 14:59:30,194 - pyskl - INFO - Evaluating top_k_accuracy ...
2023-03-07 14:59:30,196 - pyskl - INFO - 
top1_acc	0.9958
top5_acc	1.0000
2023-03-07 14:59:30,197 - pyskl - INFO - Epoch(val) [11][26]	top1_acc: 0.9958, top5_acc: 1.0000
2023-03-07 15:00:25,947 - pyskl - INFO - Epoch [12][50/314]	lr: 1.048e-02, eta: 0:06:43, time: 1.115, data_time: 1.047, memory: 645, top1_acc: 0.9997, top5_acc: 1.0000, loss_cls: 0.0024, loss: 0.0024
2023-03-07 15:00:28,113 - pyskl - INFO - Epoch [12][100/314]	lr: 9.851e-03, eta: 0:06:25, time: 0.043, data_time: 0.001, memory: 645, top1_acc: 1.0000, top5_acc: 1.0000, loss_cls: 0.0018, loss: 0.0018
2023-03-07 15:00:30,297 - pyskl - INFO - Epoch [12][150/314]	lr: 9.237e-03, eta: 0:06:07, time: 0.044, data_time: 0.001, memory: 645, top1_acc: 0.9997, top5_acc: 1.0000, loss_cls: 0.0021, loss: 0.0021
2023-03-07 15:00:32,494 - pyskl - INFO - Epoch [12][200/314]	lr: 8.638e-03, eta: 0:05:50, time: 0.044, data_time: 0.000, memory: 645, top1_acc: 1.0000, top5_acc: 1.0000, loss_cls: 0.0014, loss: 0.0014
2023-03-07 15:00:34,718 - pyskl - INFO - Epoch [12][250/314]	lr: 8.055e-03, eta: 0:05:34, time: 0.044, data_time: 0.001, memory: 645, top1_acc: 0.9994, top5_acc: 1.0000, loss_cls: 0.0017, loss: 0.0017
2023-03-07 15:00:36,901 - pyskl - INFO - Epoch [12][300/314]	lr: 7.489e-03, eta: 0:05:18, time: 0.044, data_time: 0.000, memory: 645, top1_acc: 1.0000, top5_acc: 1.0000, loss_cls: 0.0016, loss: 0.0016
2023-03-07 15:00:44,333 - pyskl - INFO - Saving checkpoint at 12 epochs
2023-03-07 15:01:42,255 - pyskl - INFO - Evaluating top_k_accuracy ...
2023-03-07 15:01:42,257 - pyskl - INFO - 
top1_acc	0.9970
top5_acc	1.0000
2023-03-07 15:01:42,258 - pyskl - INFO - Epoch(val) [12][26]	top1_acc: 0.9970, top5_acc: 1.0000
2023-03-07 15:02:45,922 - pyskl - INFO - Epoch [13][50/314]	lr: 6.789e-03, eta: 0:05:17, time: 1.273, data_time: 1.207, memory: 645, top1_acc: 0.9997, top5_acc: 1.0000, loss_cls: 0.0020, loss: 0.0020
2023-03-07 15:02:48,070 - pyskl - INFO - Epoch [13][100/314]	lr: 6.263e-03, eta: 0:05:00, time: 0.043, data_time: 0.001, memory: 645, top1_acc: 1.0000, top5_acc: 1.0000, loss_cls: 0.0014, loss: 0.0014
2023-03-07 15:02:50,200 - pyskl - INFO - Epoch [13][150/314]	lr: 5.754e-03, eta: 0:04:44, time: 0.043, data_time: 0.000, memory: 645, top1_acc: 0.9997, top5_acc: 1.0000, loss_cls: 0.0016, loss: 0.0016
2023-03-07 15:02:52,343 - pyskl - INFO - Epoch [13][200/314]	lr: 5.265e-03, eta: 0:04:28, time: 0.043, data_time: 0.000, memory: 645, top1_acc: 0.9997, top5_acc: 1.0000, loss_cls: 0.0020, loss: 0.0020
2023-03-07 15:02:54,444 - pyskl - INFO - Epoch [13][250/314]	lr: 4.795e-03, eta: 0:04:13, time: 0.042, data_time: 0.000, memory: 645, top1_acc: 1.0000, top5_acc: 1.0000, loss_cls: 0.0014, loss: 0.0014
2023-03-07 15:02:56,579 - pyskl - INFO - Epoch [13][300/314]	lr: 4.344e-03, eta: 0:03:58, time: 0.043, data_time: 0.001, memory: 645, top1_acc: 0.9994, top5_acc: 1.0000, loss_cls: 0.0020, loss: 0.0020
2023-03-07 15:03:00,298 - pyskl - INFO - Saving checkpoint at 13 epochs
2023-03-07 15:04:02,521 - pyskl - INFO - Evaluating top_k_accuracy ...
2023-03-07 15:04:02,524 - pyskl - INFO - 
top1_acc	0.9976
top5_acc	1.0000
2023-03-07 15:04:02,531 - pyskl - INFO - The previous best checkpoint /workspaces/pyskl/work_dirs/stgcn/stgcn_pyskl_nuaa6/j_1/best_top1_acc_epoch_5.pth was removed
2023-03-07 15:04:02,631 - pyskl - INFO - Now best checkpoint is saved as best_top1_acc_epoch_13.pth.
2023-03-07 15:04:02,631 - pyskl - INFO - Best top1_acc is 0.9976 at 13 epoch.
2023-03-07 15:04:02,632 - pyskl - INFO - Epoch(val) [13][26]	top1_acc: 0.9976, top5_acc: 1.0000
2023-03-07 15:05:06,700 - pyskl - INFO - Epoch [14][50/314]	lr: 3.798e-03, eta: 0:03:52, time: 1.281, data_time: 1.047, memory: 645, top1_acc: 0.9997, top5_acc: 1.0000, loss_cls: 0.0020, loss: 0.0020
2023-03-07 15:05:08,855 - pyskl - INFO - Epoch [14][100/314]	lr: 3.394e-03, eta: 0:03:37, time: 0.043, data_time: 0.001, memory: 645, top1_acc: 1.0000, top5_acc: 1.0000, loss_cls: 0.0011, loss: 0.0011
2023-03-07 15:05:11,007 - pyskl - INFO - Epoch [14][150/314]	lr: 3.011e-03, eta: 0:03:22, time: 0.043, data_time: 0.000, memory: 645, top1_acc: 0.9997, top5_acc: 1.0000, loss_cls: 0.0015, loss: 0.0015
2023-03-07 15:05:13,209 - pyskl - INFO - Epoch [14][200/314]	lr: 2.650e-03, eta: 0:03:08, time: 0.044, data_time: 0.000, memory: 645, top1_acc: 1.0000, top5_acc: 1.0000, loss_cls: 0.0009, loss: 0.0009
2023-03-07 15:05:15,406 - pyskl - INFO - Epoch [14][250/314]	lr: 2.311e-03, eta: 0:02:53, time: 0.044, data_time: 0.000, memory: 645, top1_acc: 1.0000, top5_acc: 1.0000, loss_cls: 0.0012, loss: 0.0012
2023-03-07 15:05:17,610 - pyskl - INFO - Epoch [14][300/314]	lr: 1.994e-03, eta: 0:02:39, time: 0.044, data_time: 0.001, memory: 645, top1_acc: 1.0000, top5_acc: 1.0000, loss_cls: 0.0010, loss: 0.0010
2023-03-07 15:05:25,005 - pyskl - INFO - Saving checkpoint at 14 epochs
2023-03-07 15:06:34,755 - pyskl - INFO - Evaluating top_k_accuracy ...
2023-03-07 15:06:34,757 - pyskl - INFO - 
top1_acc	0.9970
top5_acc	1.0000
2023-03-07 15:06:34,757 - pyskl - INFO - Epoch(val) [14][26]	top1_acc: 0.9970, top5_acc: 1.0000
2023-03-07 15:07:35,282 - pyskl - INFO - Epoch [15][50/314]	lr: 1.621e-03, eta: 0:02:29, time: 1.210, data_time: 1.143, memory: 645, top1_acc: 0.9997, top5_acc: 1.0000, loss_cls: 0.0022, loss: 0.0022
2023-03-07 15:07:37,433 - pyskl - INFO - Epoch [15][100/314]	lr: 1.355e-03, eta: 0:02:15, time: 0.043, data_time: 0.000, memory: 645, top1_acc: 1.0000, top5_acc: 1.0000, loss_cls: 0.0011, loss: 0.0011
2023-03-07 15:07:39,564 - pyskl - INFO - Epoch [15][150/314]	lr: 1.113e-03, eta: 0:02:01, time: 0.043, data_time: 0.001, memory: 645, top1_acc: 1.0000, top5_acc: 1.0000, loss_cls: 0.0011, loss: 0.0011
2023-03-07 15:07:41,700 - pyskl - INFO - Epoch [15][200/314]	lr: 8.942e-04, eta: 0:01:47, time: 0.043, data_time: 0.000, memory: 645, top1_acc: 0.9997, top5_acc: 1.0000, loss_cls: 0.0011, loss: 0.0011
2023-03-07 15:07:43,891 - pyskl - INFO - Epoch [15][250/314]	lr: 6.988e-04, eta: 0:01:34, time: 0.043, data_time: 0.000, memory: 645, top1_acc: 1.0000, top5_acc: 1.0000, loss_cls: 0.0012, loss: 0.0012
2023-03-07 15:07:46,035 - pyskl - INFO - Epoch [15][300/314]	lr: 5.272e-04, eta: 0:01:21, time: 0.043, data_time: 0.001, memory: 645, top1_acc: 1.0000, top5_acc: 1.0000, loss_cls: 0.0011, loss: 0.0011
2023-03-07 15:07:49,556 - pyskl - INFO - Saving checkpoint at 15 epochs
2023-03-07 15:08:47,194 - pyskl - INFO - Evaluating top_k_accuracy ...
2023-03-07 15:08:47,196 - pyskl - INFO - 
top1_acc	0.9970
top5_acc	1.0000
2023-03-07 15:08:47,197 - pyskl - INFO - Epoch(val) [15][26]	top1_acc: 0.9970, top5_acc: 1.0000
2023-03-07 15:09:38,545 - pyskl - INFO - Epoch [16][50/314]	lr: 3.425e-04, eta: 0:01:07, time: 1.027, data_time: 0.959, memory: 645, top1_acc: 1.0000, top5_acc: 1.0000, loss_cls: 0.0010, loss: 0.0010
2023-03-07 15:09:40,699 - pyskl - INFO - Epoch [16][100/314]	lr: 2.256e-04, eta: 0:00:54, time: 0.043, data_time: 0.001, memory: 645, top1_acc: 1.0000, top5_acc: 1.0000, loss_cls: 0.0012, loss: 0.0012
2023-03-07 15:09:42,880 - pyskl - INFO - Epoch [16][150/314]	lr: 1.330e-04, eta: 0:00:41, time: 0.044, data_time: 0.000, memory: 645, top1_acc: 0.9997, top5_acc: 1.0000, loss_cls: 0.0013, loss: 0.0013
2023-03-07 15:09:45,023 - pyskl - INFO - Epoch [16][200/314]	lr: 6.461e-05, eta: 0:00:28, time: 0.043, data_time: 0.000, memory: 645, top1_acc: 1.0000, top5_acc: 1.0000, loss_cls: 0.0011, loss: 0.0011
2023-03-07 15:09:47,168 - pyskl - INFO - Epoch [16][250/314]	lr: 2.065e-05, eta: 0:00:15, time: 0.043, data_time: 0.001, memory: 645, top1_acc: 0.9997, top5_acc: 1.0000, loss_cls: 0.0015, loss: 0.0015
2023-03-07 15:09:49,300 - pyskl - INFO - Epoch [16][300/314]	lr: 1.100e-06, eta: 0:00:03, time: 0.043, data_time: 0.001, memory: 645, top1_acc: 0.9994, top5_acc: 1.0000, loss_cls: 0.0021, loss: 0.0021
2023-03-07 15:09:56,996 - pyskl - INFO - Saving checkpoint at 16 epochs
2023-03-07 15:10:54,582 - pyskl - INFO - Evaluating top_k_accuracy ...
2023-03-07 15:10:54,584 - pyskl - INFO - 
top1_acc	0.9976
top5_acc	1.0000
2023-03-07 15:10:54,585 - pyskl - INFO - Epoch(val) [16][26]	top1_acc: 0.9976, top5_acc: 1.0000
2023-03-07 15:10:57,806 - pyskl - INFO - 1649 videos remain after valid thresholding
2023-03-07 15:12:08,287 - pyskl - INFO - Testing results of the last checkpoint
2023-03-07 15:12:08,287 - pyskl - INFO - top1_acc: 0.9970
2023-03-07 15:12:08,287 - pyskl - INFO - top5_acc: 1.0000
2023-03-07 15:12:08,288 - pyskl - INFO - load checkpoint from local path: ./work_dirs/stgcn/stgcn_pyskl_nuaa6/j_1/best_top1_acc_epoch_13.pth
2023-03-07 15:13:06,199 - pyskl - INFO - Testing results of the best checkpoint
2023-03-07 15:13:06,199 - pyskl - INFO - top1_acc: 0.9958
2023-03-07 15:13:06,199 - pyskl - INFO - top5_acc: 1.0000
