2023-01-12 20:34:48,749 - pyskl - INFO - Environment info:
------------------------------------------------------------
sys.platform: linux
Python: 3.7.15 (default, Nov 24 2022, 21:12:53) [GCC 11.2.0]
CUDA available: True
GPU 0,1,2,3,4,5,6,7: NVIDIA TITAN RTX
CUDA_HOME: /usr/local/cuda
NVCC: Cuda compilation tools, release 11.0, V11.0.221
GCC: gcc (Ubuntu 9.4.0-1ubuntu1~20.04.1) 9.4.0
PyTorch: 1.10.0
PyTorch compiling details: PyTorch built with:
  - GCC 7.3
  - C++ Version: 201402
  - Intel(R) oneAPI Math Kernel Library Version 2021.4-Product Build 20210904 for Intel(R) 64 architecture applications
  - Intel(R) MKL-DNN v2.2.3 (Git Hash 7336ca9f055cf1bfa13efb658fe15dc9b41f0740)
  - OpenMP 201511 (a.k.a. OpenMP 4.5)
  - LAPACK is enabled (usually provided by MKL)
  - NNPACK is enabled
  - CPU capability usage: AVX512
  - CUDA Runtime 10.2
  - NVCC architecture flags: -gencode;arch=compute_37,code=sm_37;-gencode;arch=compute_50,code=sm_50;-gencode;arch=compute_60,code=sm_60;-gencode;arch=compute_61,code=sm_61;-gencode;arch=compute_70,code=sm_70;-gencode;arch=compute_75,code=sm_75;-gencode;arch=compute_37,code=compute_37
  - CuDNN 7.6.5
  - Magma 2.5.2
  - Build settings: BLAS_INFO=mkl, BUILD_TYPE=Release, CUDA_VERSION=10.2, CUDNN_VERSION=7.6.5, CXX_COMPILER=/opt/rh/devtoolset-7/root/usr/bin/c++, CXX_FLAGS= -Wno-deprecated -fvisibility-inlines-hidden -DUSE_PTHREADPOOL -fopenmp -DNDEBUG -DUSE_KINETO -DUSE_FBGEMM -DUSE_QNNPACK -DUSE_PYTORCH_QNNPACK -DUSE_XNNPACK -DSYMBOLICATE_MOBILE_DEBUG_HANDLE -DEDGE_PROFILER_USE_KINETO -O2 -fPIC -Wno-narrowing -Wall -Wextra -Werror=return-type -Wno-missing-field-initializers -Wno-type-limits -Wno-array-bounds -Wno-unknown-pragmas -Wno-sign-compare -Wno-unused-parameter -Wno-unused-variable -Wno-unused-function -Wno-unused-result -Wno-unused-local-typedefs -Wno-strict-overflow -Wno-strict-aliasing -Wno-error=deprecated-declarations -Wno-stringop-overflow -Wno-psabi -Wno-error=pedantic -Wno-error=redundant-decls -Wno-error=old-style-cast -fdiagnostics-color=always -faligned-new -Wno-unused-but-set-variable -Wno-maybe-uninitialized -fno-math-errno -fno-trapping-math -Werror=format -Wno-stringop-overflow, LAPACK_INFO=mkl, PERF_WITH_AVX=1, PERF_WITH_AVX2=1, PERF_WITH_AVX512=1, TORCH_VERSION=1.10.0, USE_CUDA=ON, USE_CUDNN=ON, USE_EXCEPTION_PTR=1, USE_GFLAGS=OFF, USE_GLOG=OFF, USE_MKL=ON, USE_MKLDNN=ON, USE_MPI=OFF, USE_NCCL=ON, USE_NNPACK=ON, USE_OPENMP=ON, 

TorchVision: 0.11.0
OpenCV: 4.6.0
MMCV: 1.5.0
MMCV Compiler: GCC 7.3
MMCV CUDA Compiler: 10.2
pyskl: 0.1.0+bd46e96
------------------------------------------------------------

2023-01-12 20:34:49,220 - pyskl - INFO - Config: model = dict(
    type='Recognizer3D',
    backbone=dict(
        type='ResNet3dSlowOnly',
        in_channels=17,
        base_channels=32,
        num_stages=3,
        out_indices=(2, ),
        stage_blocks=(4, 6, 3),
        conv1_stride=(1, 1),
        pool1_stride=(1, 1),
        inflate=(0, 1, 1),
        spatial_strides=(2, 2, 2),
        temporal_strides=(1, 1, 2)),
    cls_head=dict(
        type='I3DHead', in_channels=512, num_classes=48, dropout=0.5),
    test_cfg=dict(average_clips='prob'))
dataset_type = 'PoseDataset'
ann_file = 'data/diving48/diving48_hrnet.pkl'
left_kp = [1, 3, 5, 7, 9, 11, 13, 15]
right_kp = [2, 4, 6, 8, 10, 12, 14, 16]
train_pipeline = [
    dict(type='UniformSampleFrames', clip_len=48),
    dict(type='PoseDecode'),
    dict(type='PoseCompact', hw_ratio=1.0, allow_imgpad=True),
    dict(type='Resize', scale=(-1, 64)),
    dict(type='RandomResizedCrop', area_range=(0.56, 1.0)),
    dict(type='Resize', scale=(56, 56), keep_ratio=False),
    dict(
        type='Flip',
        flip_ratio=0.5,
        left_kp=[1, 3, 5, 7, 9, 11, 13, 15],
        right_kp=[2, 4, 6, 8, 10, 12, 14, 16]),
    dict(type='GeneratePoseTarget', with_kp=True, with_limb=False),
    dict(type='FormatShape', input_format='NCTHW_Heatmap'),
    dict(type='Collect', keys=['imgs', 'label'], meta_keys=[]),
    dict(type='ToTensor', keys=['imgs', 'label'])
]
val_pipeline = [
    dict(type='UniformSampleFrames', clip_len=48, num_clips=1),
    dict(type='PoseDecode'),
    dict(type='PoseCompact', hw_ratio=1.0, allow_imgpad=True),
    dict(type='Resize', scale=(64, 64), keep_ratio=False),
    dict(type='GeneratePoseTarget', with_kp=True, with_limb=False),
    dict(type='FormatShape', input_format='NCTHW_Heatmap'),
    dict(type='Collect', keys=['imgs', 'label'], meta_keys=[]),
    dict(type='ToTensor', keys=['imgs'])
]
test_pipeline = [
    dict(type='UniformSampleFrames', clip_len=48, num_clips=10),
    dict(type='PoseDecode'),
    dict(type='PoseCompact', hw_ratio=1.0, allow_imgpad=True),
    dict(type='Resize', scale=(64, 64), keep_ratio=False),
    dict(
        type='GeneratePoseTarget',
        with_kp=True,
        with_limb=False,
        double=True,
        left_kp=[1, 3, 5, 7, 9, 11, 13, 15],
        right_kp=[2, 4, 6, 8, 10, 12, 14, 16]),
    dict(type='FormatShape', input_format='NCTHW_Heatmap'),
    dict(type='Collect', keys=['imgs', 'label'], meta_keys=[]),
    dict(type='ToTensor', keys=['imgs'])
]
data = dict(
    videos_per_gpu=32,
    workers_per_gpu=4,
    test_dataloader=dict(videos_per_gpu=1),
    train=dict(
        type='RepeatDataset',
        times=10,
        dataset=dict(
            type='PoseDataset',
            ann_file='data/diving48/diving48_hrnet.pkl',
            split='train',
            pipeline=[
                dict(type='UniformSampleFrames', clip_len=48),
                dict(type='PoseDecode'),
                dict(type='PoseCompact', hw_ratio=1.0, allow_imgpad=True),
                dict(type='Resize', scale=(-1, 64)),
                dict(type='RandomResizedCrop', area_range=(0.56, 1.0)),
                dict(type='Resize', scale=(56, 56), keep_ratio=False),
                dict(
                    type='Flip',
                    flip_ratio=0.5,
                    left_kp=[1, 3, 5, 7, 9, 11, 13, 15],
                    right_kp=[2, 4, 6, 8, 10, 12, 14, 16]),
                dict(type='GeneratePoseTarget', with_kp=True, with_limb=False),
                dict(type='FormatShape', input_format='NCTHW_Heatmap'),
                dict(type='Collect', keys=['imgs', 'label'], meta_keys=[]),
                dict(type='ToTensor', keys=['imgs', 'label'])
            ])),
    val=dict(
        type='PoseDataset',
        ann_file='data/diving48/diving48_hrnet.pkl',
        split='test',
        pipeline=[
            dict(type='UniformSampleFrames', clip_len=48, num_clips=1),
            dict(type='PoseDecode'),
            dict(type='PoseCompact', hw_ratio=1.0, allow_imgpad=True),
            dict(type='Resize', scale=(64, 64), keep_ratio=False),
            dict(type='GeneratePoseTarget', with_kp=True, with_limb=False),
            dict(type='FormatShape', input_format='NCTHW_Heatmap'),
            dict(type='Collect', keys=['imgs', 'label'], meta_keys=[]),
            dict(type='ToTensor', keys=['imgs'])
        ]),
    test=dict(
        type='PoseDataset',
        ann_file='data/diving48/diving48_hrnet.pkl',
        split='test',
        pipeline=[
            dict(type='UniformSampleFrames', clip_len=48, num_clips=10),
            dict(type='PoseDecode'),
            dict(type='PoseCompact', hw_ratio=1.0, allow_imgpad=True),
            dict(type='Resize', scale=(64, 64), keep_ratio=False),
            dict(
                type='GeneratePoseTarget',
                with_kp=True,
                with_limb=False,
                double=True,
                left_kp=[1, 3, 5, 7, 9, 11, 13, 15],
                right_kp=[2, 4, 6, 8, 10, 12, 14, 16]),
            dict(type='FormatShape', input_format='NCTHW_Heatmap'),
            dict(type='Collect', keys=['imgs', 'label'], meta_keys=[]),
            dict(type='ToTensor', keys=['imgs'])
        ]))
optimizer = dict(type='SGD', lr=0.4, momentum=0.9, weight_decay=0.0001)
optimizer_config = dict(grad_clip=dict(max_norm=40, norm_type=2))
lr_config = dict(policy='CosineAnnealing', by_epoch=False, min_lr=0)
total_epochs = 24
checkpoint_config = dict(interval=1)
evaluation = dict(
    interval=1, metrics=['top_k_accuracy', 'mean_class_accuracy'], topk=(1, 5))
log_config = dict(interval=20, hooks=[dict(type='TextLoggerHook')])
log_level = 'INFO'
work_dir = './work_dirs/posec3d/slowonly_r50_diving48/joint'
dist_params = dict(backend='nccl')
gpu_ids = range(0, 8)

2023-01-12 20:34:54,175 - pyskl - INFO - Set random seed to 284110036, deterministic: False
